#
# There is insufficient memory for the Java Runtime Environment to continue.
# Native memory allocation (malloc) failed to allocate 1973936 bytes for Chunk::new
# Possible reasons:
#   The system is out of physical RAM or swap space
#   The process is running with CompressedOops enabled, and the Java Heap may be blocking the growth of the native heap
# Possible solutions:
#   Reduce memory load on the system
#   Increase physical memory or swap space
#   Check if swap backing store is full
#   Decrease Java heap size (-Xmx/-Xms)
#   Decrease number of Java threads
#   Decrease Java thread stack sizes (-Xss)
#   Set larger code cache with -XX:ReservedCodeCacheSize=
#   JVM is running with Unscaled Compressed Oops mode in which the Java heap is
#     placed in the first 4GB address space. The Java Heap base address is the
#     maximum limit for the native heap growth. Please use -XX:HeapBaseMinAddress
#     to set the Java Heap base and to place the Java Heap above 4GB virtual address.
# This output file may be truncated or incomplete.
#
#  Out of Memory Error (./open/src/hotspot/share/memory/arena.cpp:197), pid=7960, tid=7748
#
# JRE version: Java(TM) SE Runtime Environment 18.9 (11.0.10+8) (build 11.0.10+8-LTS-162)
# Java VM: Java HotSpot(TM) 64-Bit Server VM 18.9 (11.0.10+8-LTS-162, mixed mode, tiered, compressed oops, g1 gc, windows-amd64)
# No core dump will be written. Minidumps are not enabled by default on client versions of Windows
#

---------------  S U M M A R Y ------------

Command Line: com.odkdhis.OdkdhisApplications

Host: Intel(R) Core(TM) i5-6300U CPU @ 2.40GHz, 4 cores, 7G,  Windows 10 , 64 bit Build 19041 (10.0.19041.1023)
Time: Mon Jul 12 16:39:09 2021 E. Africa Standard Time elapsed time: 14.212450 seconds (0d 0h 0m 14s)

---------------  T H R E A D  ---------------

Current thread (0x0000029cf5f82000):  JavaThread "C2 CompilerThread0" daemon [_thread_in_native, id=7748, stack(0x000000f09ad00000,0x000000f09ae00000)]


Current CompileTask:
C2:  14212 5687   !   4       org.springframework.core.annotation.AnnotationsScanner::processMethodHierarchy (286 bytes)

Stack: [0x000000f09ad00000,0x000000f09ae00000]
Native frames: (J=compiled Java code, j=interpreted, Vv=VM code, C=native code)
V  [jvm.dll+0x613e6a]
V  [jvm.dll+0x74c1ff]
V  [jvm.dll+0x74d885]
V  [jvm.dll+0x74df03]
V  [jvm.dll+0x243b78]
V  [jvm.dll+0xba2cc]
V  [jvm.dll+0xba9cc]
V  [jvm.dll+0x3469c7]
V  [jvm.dll+0x3147d3]
V  [jvm.dll+0x313b1a]
V  [jvm.dll+0x1fd395]
V  [jvm.dll+0x1fc54f]
V  [jvm.dll+0x17f09c]
V  [jvm.dll+0x20bbd4]
V  [jvm.dll+0x209cab]
V  [jvm.dll+0x713619]
V  [jvm.dll+0x70c314]
V  [jvm.dll+0x613036]
C  [ucrtbase.dll+0x21bb2]
C  [KERNEL32.DLL+0x17034]
C  [ntdll.dll+0x52651]


---------------  P R O C E S S  ---------------

Threads class SMR info:
_java_thread_list=0x0000029cfc09be80, length=17, elements={
0x0000029cd4f82800, 0x0000029cf5f14800, 0x0000029cf5f1d800, 0x0000029cf5f7e800,
0x0000029cf5f80800, 0x0000029cf5f82000, 0x0000029cf5f31800, 0x0000029cf5f87000,
0x0000029cf60f1000, 0x0000029cf6114800, 0x0000029cf5f32000, 0x0000029cf5f30800,
0x0000029cf5f34800, 0x0000029cf5f34000, 0x0000029cf5f2f000, 0x0000029cf5f35800,
0x0000029cf5f30000
}

Java Threads: ( => current thread )
  0x0000029cd4f82800 JavaThread "main" [_thread_in_Java, id=6492, stack(0x000000f09a200000,0x000000f09a300000)]
  0x0000029cf5f14800 JavaThread "Reference Handler" daemon [_thread_blocked, id=12676, stack(0x000000f09a900000,0x000000f09aa00000)]
  0x0000029cf5f1d800 JavaThread "Finalizer" daemon [_thread_blocked, id=980, stack(0x000000f09aa00000,0x000000f09ab00000)]
  0x0000029cf5f7e800 JavaThread "Signal Dispatcher" daemon [_thread_blocked, id=19016, stack(0x000000f09ab00000,0x000000f09ac00000)]
  0x0000029cf5f80800 JavaThread "Attach Listener" daemon [_thread_blocked, id=13256, stack(0x000000f09ac00000,0x000000f09ad00000)]
=>0x0000029cf5f82000 JavaThread "C2 CompilerThread0" daemon [_thread_in_native, id=7748, stack(0x000000f09ad00000,0x000000f09ae00000)]
  0x0000029cf5f31800 JavaThread "C1 CompilerThread0" daemon [_thread_blocked, id=19212, stack(0x000000f09ae00000,0x000000f09af00000)]
  0x0000029cf5f87000 JavaThread "Sweeper thread" daemon [_thread_blocked, id=17532, stack(0x000000f09af00000,0x000000f09b000000)]
  0x0000029cf60f1000 JavaThread "Service Thread" daemon [_thread_blocked, id=19368, stack(0x000000f09b000000,0x000000f09b100000)]
  0x0000029cf6114800 JavaThread "Common-Cleaner" daemon [_thread_blocked, id=3956, stack(0x000000f09b200000,0x000000f09b300000)]
  0x0000029cf5f32000 JavaThread "Catalina-utility-1" [_thread_blocked, id=14808, stack(0x000000f09b700000,0x000000f09b800000)]
  0x0000029cf5f30800 JavaThread "Catalina-utility-2" [_thread_blocked, id=19752, stack(0x000000f09b900000,0x000000f09ba00000)]
  0x0000029cf5f34800 JavaThread "container-0" [_thread_blocked, id=10428, stack(0x000000f09ba00000,0x000000f09bb00000)]
  0x0000029cf5f34000 JavaThread "PostgreSQL-JDBC-SharedTimer-1" daemon [_thread_blocked, id=6528, stack(0x000000f09bc00000,0x000000f09bd00000)]
  0x0000029cf5f2f000 JavaThread "HikariPool-1 housekeeper" daemon [_thread_blocked, id=15680, stack(0x000000f09bd00000,0x000000f09be00000)]
  0x0000029cf5f35800 JavaThread "HikariPool-1 connection adder" daemon [_thread_blocked, id=2820, stack(0x000000f09be00000,0x000000f09bf00000)]
  0x0000029cf5f30000 JavaThread "C2 CompilerThread1" daemon [_thread_in_native, id=2788, stack(0x000000f09b600000,0x000000f09b700000)]

Other Threads:
  0x0000029cf5ee8800 VMThread "VM Thread" [stack: 0x000000f09a800000,0x000000f09a900000] [id=17132]
  0x0000029cf610a000 WatcherThread [stack: 0x000000f09b100000,0x000000f09b200000] [id=8408]
  0x0000029cd4e5a000 GCTaskThread "GC Thread#0" [stack: 0x000000f09a300000,0x000000f09a400000] [id=3532]
  0x0000029cf6826800 GCTaskThread "GC Thread#1" [stack: 0x000000f09b300000,0x000000f09b400000] [id=19348]
  0x0000029cf68f0800 GCTaskThread "GC Thread#2" [stack: 0x000000f09b400000,0x000000f09b500000] [id=18132]
  0x0000029cf6e44000 GCTaskThread "GC Thread#3" [stack: 0x000000f09b800000,0x000000f09b900000] [id=4124]
  0x0000029cd4e5e800 ConcurrentGCThread "G1 Main Marker" [stack: 0x000000f09a400000,0x000000f09a500000] [id=5844]
  0x0000029cd4fc7800 ConcurrentGCThread "G1 Conc#0" [stack: 0x000000f09a500000,0x000000f09a600000] [id=19844]
  0x0000029cf5551800 ConcurrentGCThread "G1 Refine#0" [stack: 0x000000f09a600000,0x000000f09a700000] [id=3024]
  0x0000029cf62b7000 ConcurrentGCThread "G1 Refine#1" [stack: 0x000000f09b500000,0x000000f09b600000] [id=12052]
  0x0000029cf5554800 ConcurrentGCThread "G1 Young RemSet Sampling" [stack: 0x000000f09a700000,0x000000f09a800000] [id=2496]

Threads with active compile tasks:
C2 CompilerThread0  14313 5687   !   4       org.springframework.core.annotation.AnnotationsScanner::processMethodHierarchy (286 bytes)
C1 CompilerThread0  14314 5875 %     3       java.lang.PublicMethods$MethodList::filter @ 17 (104 bytes)
C2 CompilerThread1  14314 5771   !   4       java.lang.reflect.Executable::declaredAnnotations (85 bytes)

VM state:not at safepoint (normal execution)

VM Mutex/Monitor currently owned by a thread: None

Heap address: 0x0000000081c00000, size: 2020 MB, Compressed Oops mode: 32-bit
Narrow klass base: 0x0000000000000000, Narrow klass shift: 3
Compressed class space size: 1073741824 Address: 0x0000000100000000

Heap:
 garbage-first heap   total 189440K, used 37463K [0x0000000081c00000, 0x0000000100000000)
  region size 1024K, 22 young (22528K), 9 survivors (9216K)
 Metaspace       used 59892K, capacity 61104K, committed 61312K, reserved 1101824K
  class space    used 7538K, capacity 8015K, committed 8064K, reserved 1048576K
Heap Regions: E=young(eden), S=young(survivor), O=old, HS=humongous(starts), HC=humongous(continues), CS=collection set, F=free, A=archive, TAMS=top-at-mark-start (previous, next)
|   0|0x0000000081c00000, 0x0000000081d00000, 0x0000000081d00000|100%|HS|  |TAMS 0x0000000081d00000, 0x0000000081c00000| Complete 
|   1|0x0000000081d00000, 0x0000000081e00000, 0x0000000081e00000|100%|HS|  |TAMS 0x0000000081e00000, 0x0000000081d00000| Complete 
|   2|0x0000000081e00000, 0x0000000081f00000, 0x0000000081f00000|100%| O|  |TAMS 0x0000000081f00000, 0x0000000081e00000| Untracked 
|   3|0x0000000081f00000, 0x0000000082000000, 0x0000000082000000|100%| O|  |TAMS 0x0000000082000000, 0x0000000081f00000| Untracked 
|   4|0x0000000082000000, 0x0000000082100000, 0x0000000082100000|100%| O|  |TAMS 0x0000000082100000, 0x0000000082000000| Untracked 
|   5|0x0000000082100000, 0x0000000082200000, 0x0000000082200000|100%| O|  |TAMS 0x0000000082200000, 0x0000000082100000| Untracked 
|   6|0x0000000082200000, 0x0000000082300000, 0x0000000082300000|100%| O|  |TAMS 0x0000000082300000, 0x0000000082200000| Untracked 
|   7|0x0000000082300000, 0x0000000082400000, 0x0000000082400000|100%| O|  |TAMS 0x0000000082400000, 0x0000000082300000| Untracked 
|   8|0x0000000082400000, 0x0000000082500000, 0x0000000082500000|100%| O|  |TAMS 0x0000000082500000, 0x0000000082400000| Untracked 
|   9|0x0000000082500000, 0x0000000082600000, 0x0000000082600000|100%| O|  |TAMS 0x0000000082600000, 0x0000000082500000| Untracked 
|  10|0x0000000082600000, 0x0000000082700000, 0x0000000082700000|100%| O|  |TAMS 0x0000000082700000, 0x0000000082600000| Untracked 
|  11|0x0000000082700000, 0x0000000082800000, 0x0000000082800000|100%| O|  |TAMS 0x0000000082800000, 0x0000000082700000| Untracked 
|  12|0x0000000082800000, 0x0000000082900000, 0x0000000082900000|100%| O|  |TAMS 0x0000000082900000, 0x0000000082800000| Untracked 
|  13|0x0000000082900000, 0x0000000082a00000, 0x0000000082a00000|100%| O|  |TAMS 0x0000000082a00000, 0x0000000082900000| Untracked 
|  14|0x0000000082a00000, 0x0000000082b00000, 0x0000000082b00000|100%| O|  |TAMS 0x0000000082b00000, 0x0000000082a00000| Untracked 
|  15|0x0000000082b00000, 0x0000000082b95c00, 0x0000000082c00000| 58%| O|  |TAMS 0x0000000082b95c00, 0x0000000082b00000| Untracked 
|  16|0x0000000082c00000, 0x0000000082c00000, 0x0000000082d00000|  0%| F|  |TAMS 0x0000000082c00000, 0x0000000082c00000| Untracked 
|  17|0x0000000082d00000, 0x0000000082d00000, 0x0000000082e00000|  0%| F|  |TAMS 0x0000000082d00000, 0x0000000082d00000| Untracked 
|  18|0x0000000082e00000, 0x0000000082e00000, 0x0000000082f00000|  0%| F|  |TAMS 0x0000000082e00000, 0x0000000082e00000| Untracked 
|  19|0x0000000082f00000, 0x0000000082f00000, 0x0000000083000000|  0%| F|  |TAMS 0x0000000082f00000, 0x0000000082f00000| Untracked 
|  20|0x0000000083000000, 0x0000000083000000, 0x0000000083100000|  0%| F|  |TAMS 0x0000000083000000, 0x0000000083000000| Untracked 
|  21|0x0000000083100000, 0x0000000083100000, 0x0000000083200000|  0%| F|  |TAMS 0x0000000083100000, 0x0000000083100000| Untracked 
|  22|0x0000000083200000, 0x0000000083200000, 0x0000000083300000|  0%| F|  |TAMS 0x0000000083200000, 0x0000000083200000| Untracked 
|  23|0x0000000083300000, 0x0000000083300000, 0x0000000083400000|  0%| F|  |TAMS 0x0000000083300000, 0x0000000083300000| Untracked 
|  24|0x0000000083400000, 0x0000000083400000, 0x0000000083500000|  0%| F|  |TAMS 0x0000000083400000, 0x0000000083400000| Untracked 
|  25|0x0000000083500000, 0x0000000083500000, 0x0000000083600000|  0%| F|  |TAMS 0x0000000083500000, 0x0000000083500000| Untracked 
|  26|0x0000000083600000, 0x0000000083600000, 0x0000000083700000|  0%| F|  |TAMS 0x0000000083600000, 0x0000000083600000| Untracked 
|  27|0x0000000083700000, 0x0000000083700000, 0x0000000083800000|  0%| F|  |TAMS 0x0000000083700000, 0x0000000083700000| Untracked 
|  28|0x0000000083800000, 0x0000000083800000, 0x0000000083900000|  0%| F|  |TAMS 0x0000000083800000, 0x0000000083800000| Untracked 
|  29|0x0000000083900000, 0x0000000083900000, 0x0000000083a00000|  0%| F|  |TAMS 0x0000000083900000, 0x0000000083900000| Untracked 
|  30|0x0000000083a00000, 0x0000000083a00000, 0x0000000083b00000|  0%| F|  |TAMS 0x0000000083a00000, 0x0000000083a00000| Untracked 
|  31|0x0000000083b00000, 0x0000000083b00000, 0x0000000083c00000|  0%| F|  |TAMS 0x0000000083b00000, 0x0000000083b00000| Untracked 
|  32|0x0000000083c00000, 0x0000000083c00000, 0x0000000083d00000|  0%| F|  |TAMS 0x0000000083c00000, 0x0000000083c00000| Untracked 
|  33|0x0000000083d00000, 0x0000000083d00000, 0x0000000083e00000|  0%| F|  |TAMS 0x0000000083d00000, 0x0000000083d00000| Untracked 
|  34|0x0000000083e00000, 0x0000000083e00000, 0x0000000083f00000|  0%| F|  |TAMS 0x0000000083e00000, 0x0000000083e00000| Untracked 
|  35|0x0000000083f00000, 0x0000000083f00000, 0x0000000084000000|  0%| F|  |TAMS 0x0000000083f00000, 0x0000000083f00000| Untracked 
|  36|0x0000000084000000, 0x0000000084000000, 0x0000000084100000|  0%| F|  |TAMS 0x0000000084000000, 0x0000000084000000| Untracked 
|  37|0x0000000084100000, 0x0000000084100000, 0x0000000084200000|  0%| F|  |TAMS 0x0000000084100000, 0x0000000084100000| Untracked 
|  38|0x0000000084200000, 0x0000000084200000, 0x0000000084300000|  0%| F|  |TAMS 0x0000000084200000, 0x0000000084200000| Untracked 
|  39|0x0000000084300000, 0x0000000084300000, 0x0000000084400000|  0%| F|  |TAMS 0x0000000084300000, 0x0000000084300000| Untracked 
|  40|0x0000000084400000, 0x0000000084400000, 0x0000000084500000|  0%| F|  |TAMS 0x0000000084400000, 0x0000000084400000| Untracked 
|  41|0x0000000084500000, 0x0000000084500000, 0x0000000084600000|  0%| F|  |TAMS 0x0000000084500000, 0x0000000084500000| Untracked 
|  42|0x0000000084600000, 0x0000000084600000, 0x0000000084700000|  0%| F|  |TAMS 0x0000000084600000, 0x0000000084600000| Untracked 
|  43|0x0000000084700000, 0x0000000084700000, 0x0000000084800000|  0%| F|  |TAMS 0x0000000084700000, 0x0000000084700000| Untracked 
|  44|0x0000000084800000, 0x0000000084800000, 0x0000000084900000|  0%| F|  |TAMS 0x0000000084800000, 0x0000000084800000| Untracked 
|  45|0x0000000084900000, 0x0000000084900000, 0x0000000084a00000|  0%| F|  |TAMS 0x0000000084900000, 0x0000000084900000| Untracked 
|  46|0x0000000084a00000, 0x0000000084a00000, 0x0000000084b00000|  0%| F|  |TAMS 0x0000000084a00000, 0x0000000084a00000| Untracked 
|  47|0x0000000084b00000, 0x0000000084b00000, 0x0000000084c00000|  0%| F|  |TAMS 0x0000000084b00000, 0x0000000084b00000| Untracked 
|  48|0x0000000084c00000, 0x0000000084c00000, 0x0000000084d00000|  0%| F|  |TAMS 0x0000000084c00000, 0x0000000084c00000| Untracked 
|  49|0x0000000084d00000, 0x0000000084d00000, 0x0000000084e00000|  0%| F|  |TAMS 0x0000000084d00000, 0x0000000084d00000| Untracked 
|  50|0x0000000084e00000, 0x0000000084e00000, 0x0000000084f00000|  0%| F|  |TAMS 0x0000000084e00000, 0x0000000084e00000| Untracked 
|  51|0x0000000084f00000, 0x0000000084f00000, 0x0000000085000000|  0%| F|  |TAMS 0x0000000084f00000, 0x0000000084f00000| Untracked 
|  52|0x0000000085000000, 0x0000000085000000, 0x0000000085100000|  0%| F|  |TAMS 0x0000000085000000, 0x0000000085000000| Untracked 
|  53|0x0000000085100000, 0x0000000085100000, 0x0000000085200000|  0%| F|  |TAMS 0x0000000085100000, 0x0000000085100000| Untracked 
|  54|0x0000000085200000, 0x0000000085200000, 0x0000000085300000|  0%| F|  |TAMS 0x0000000085200000, 0x0000000085200000| Untracked 
|  55|0x0000000085300000, 0x0000000085300000, 0x0000000085400000|  0%| F|  |TAMS 0x0000000085300000, 0x0000000085300000| Untracked 
|  56|0x0000000085400000, 0x0000000085400000, 0x0000000085500000|  0%| F|  |TAMS 0x0000000085400000, 0x0000000085400000| Untracked 
|  57|0x0000000085500000, 0x0000000085500000, 0x0000000085600000|  0%| F|  |TAMS 0x0000000085500000, 0x0000000085500000| Untracked 
|  58|0x0000000085600000, 0x0000000085600000, 0x0000000085700000|  0%| F|  |TAMS 0x0000000085600000, 0x0000000085600000| Untracked 
|  59|0x0000000085700000, 0x0000000085700000, 0x0000000085800000|  0%| F|  |TAMS 0x0000000085700000, 0x0000000085700000| Untracked 
|  60|0x0000000085800000, 0x0000000085800000, 0x0000000085900000|  0%| F|  |TAMS 0x0000000085800000, 0x0000000085800000| Untracked 
|  61|0x0000000085900000, 0x0000000085900000, 0x0000000085a00000|  0%| F|  |TAMS 0x0000000085900000, 0x0000000085900000| Untracked 
|  62|0x0000000085a00000, 0x0000000085a00000, 0x0000000085b00000|  0%| F|  |TAMS 0x0000000085a00000, 0x0000000085a00000| Untracked 
|  63|0x0000000085b00000, 0x0000000085b00000, 0x0000000085c00000|  0%| F|  |TAMS 0x0000000085b00000, 0x0000000085b00000| Untracked 
|  64|0x0000000085c00000, 0x0000000085c00000, 0x0000000085d00000|  0%| F|  |TAMS 0x0000000085c00000, 0x0000000085c00000| Untracked 
|  65|0x0000000085d00000, 0x0000000085d00000, 0x0000000085e00000|  0%| F|  |TAMS 0x0000000085d00000, 0x0000000085d00000| Untracked 
|  66|0x0000000085e00000, 0x0000000085e00000, 0x0000000085f00000|  0%| F|  |TAMS 0x0000000085e00000, 0x0000000085e00000| Untracked 
|  67|0x0000000085f00000, 0x0000000085f00000, 0x0000000086000000|  0%| F|  |TAMS 0x0000000085f00000, 0x0000000085f00000| Untracked 
|  68|0x0000000086000000, 0x0000000086000000, 0x0000000086100000|  0%| F|  |TAMS 0x0000000086000000, 0x0000000086000000| Untracked 
|  69|0x0000000086100000, 0x0000000086100000, 0x0000000086200000|  0%| F|  |TAMS 0x0000000086100000, 0x0000000086100000| Untracked 
|  70|0x0000000086200000, 0x0000000086200000, 0x0000000086300000|  0%| F|  |TAMS 0x0000000086200000, 0x0000000086200000| Untracked 
|  71|0x0000000086300000, 0x0000000086300000, 0x0000000086400000|  0%| F|  |TAMS 0x0000000086300000, 0x0000000086300000| Untracked 
|  72|0x0000000086400000, 0x0000000086400000, 0x0000000086500000|  0%| F|  |TAMS 0x0000000086400000, 0x0000000086400000| Untracked 
|  73|0x0000000086500000, 0x0000000086500000, 0x0000000086600000|  0%| F|  |TAMS 0x0000000086500000, 0x0000000086500000| Untracked 
|  74|0x0000000086600000, 0x0000000086600000, 0x0000000086700000|  0%| F|  |TAMS 0x0000000086600000, 0x0000000086600000| Untracked 
|  75|0x0000000086700000, 0x0000000086700000, 0x0000000086800000|  0%| F|  |TAMS 0x0000000086700000, 0x0000000086700000| Untracked 
|  76|0x0000000086800000, 0x0000000086800000, 0x0000000086900000|  0%| F|  |TAMS 0x0000000086800000, 0x0000000086800000| Untracked 
|  77|0x0000000086900000, 0x0000000086900000, 0x0000000086a00000|  0%| F|  |TAMS 0x0000000086900000, 0x0000000086900000| Untracked 
|  78|0x0000000086a00000, 0x0000000086a00000, 0x0000000086b00000|  0%| F|  |TAMS 0x0000000086a00000, 0x0000000086a00000| Untracked 
|  79|0x0000000086b00000, 0x0000000086b00000, 0x0000000086c00000|  0%| F|  |TAMS 0x0000000086b00000, 0x0000000086b00000| Untracked 
|  80|0x0000000086c00000, 0x0000000086c00000, 0x0000000086d00000|  0%| F|  |TAMS 0x0000000086c00000, 0x0000000086c00000| Untracked 
|  81|0x0000000086d00000, 0x0000000086d00000, 0x0000000086e00000|  0%| F|  |TAMS 0x0000000086d00000, 0x0000000086d00000| Untracked 
|  82|0x0000000086e00000, 0x0000000086e00000, 0x0000000086f00000|  0%| F|  |TAMS 0x0000000086e00000, 0x0000000086e00000| Untracked 
|  83|0x0000000086f00000, 0x0000000086f00000, 0x0000000087000000|  0%| F|  |TAMS 0x0000000086f00000, 0x0000000086f00000| Untracked 
|  84|0x0000000087000000, 0x0000000087000000, 0x0000000087100000|  0%| F|  |TAMS 0x0000000087000000, 0x0000000087000000| Untracked 
|  85|0x0000000087100000, 0x0000000087100000, 0x0000000087200000|  0%| F|  |TAMS 0x0000000087100000, 0x0000000087100000| Untracked 
|  86|0x0000000087200000, 0x0000000087200000, 0x0000000087300000|  0%| F|  |TAMS 0x0000000087200000, 0x0000000087200000| Untracked 
|  87|0x0000000087300000, 0x0000000087300000, 0x0000000087400000|  0%| F|  |TAMS 0x0000000087300000, 0x0000000087300000| Untracked 
|  88|0x0000000087400000, 0x0000000087400000, 0x0000000087500000|  0%| F|  |TAMS 0x0000000087400000, 0x0000000087400000| Untracked 
|  89|0x0000000087500000, 0x0000000087500000, 0x0000000087600000|  0%| F|  |TAMS 0x0000000087500000, 0x0000000087500000| Untracked 
|  90|0x0000000087600000, 0x0000000087600000, 0x0000000087700000|  0%| F|  |TAMS 0x0000000087600000, 0x0000000087600000| Untracked 
|  91|0x0000000087700000, 0x0000000087700000, 0x0000000087800000|  0%| F|  |TAMS 0x0000000087700000, 0x0000000087700000| Untracked 
|  92|0x0000000087800000, 0x0000000087800000, 0x0000000087900000|  0%| F|  |TAMS 0x0000000087800000, 0x0000000087800000| Untracked 
|  93|0x0000000087900000, 0x0000000087900000, 0x0000000087a00000|  0%| F|  |TAMS 0x0000000087900000, 0x0000000087900000| Untracked 
|  94|0x0000000087a00000, 0x0000000087a00000, 0x0000000087b00000|  0%| F|  |TAMS 0x0000000087a00000, 0x0000000087a00000| Untracked 
|  95|0x0000000087b00000, 0x0000000087c00000, 0x0000000087c00000|100%| S|CS|TAMS 0x0000000087b00000, 0x0000000087b00000| Complete 
|  96|0x0000000087c00000, 0x0000000087d00000, 0x0000000087d00000|100%| S|CS|TAMS 0x0000000087c00000, 0x0000000087c00000| Complete 
|  97|0x0000000087d00000, 0x0000000087e00000, 0x0000000087e00000|100%| S|CS|TAMS 0x0000000087d00000, 0x0000000087d00000| Complete 
|  98|0x0000000087e00000, 0x0000000087f00000, 0x0000000087f00000|100%| S|CS|TAMS 0x0000000087e00000, 0x0000000087e00000| Complete 
|  99|0x0000000087f00000, 0x0000000088000000, 0x0000000088000000|100%| S|CS|TAMS 0x0000000087f00000, 0x0000000087f00000| Complete 
| 100|0x0000000088000000, 0x0000000088100000, 0x0000000088100000|100%| S|CS|TAMS 0x0000000088000000, 0x0000000088000000| Complete 
| 101|0x0000000088100000, 0x0000000088200000, 0x0000000088200000|100%| S|CS|TAMS 0x0000000088100000, 0x0000000088100000| Complete 
| 102|0x0000000088200000, 0x0000000088300000, 0x0000000088300000|100%| S|CS|TAMS 0x0000000088200000, 0x0000000088200000| Complete 
| 103|0x0000000088300000, 0x0000000088400000, 0x0000000088400000|100%| S|CS|TAMS 0x0000000088300000, 0x0000000088300000| Complete 
| 104|0x0000000088400000, 0x0000000088400000, 0x0000000088500000|  0%| F|  |TAMS 0x0000000088400000, 0x0000000088400000| Untracked 
| 105|0x0000000088500000, 0x0000000088500000, 0x0000000088600000|  0%| F|  |TAMS 0x0000000088500000, 0x0000000088500000| Untracked 
| 106|0x0000000088600000, 0x0000000088600000, 0x0000000088700000|  0%| F|  |TAMS 0x0000000088600000, 0x0000000088600000| Untracked 
| 107|0x0000000088700000, 0x0000000088700000, 0x0000000088800000|  0%| F|  |TAMS 0x0000000088700000, 0x0000000088700000| Untracked 
| 108|0x0000000088800000, 0x0000000088800000, 0x0000000088900000|  0%| F|  |TAMS 0x0000000088800000, 0x0000000088800000| Untracked 
| 109|0x0000000088900000, 0x0000000088900000, 0x0000000088a00000|  0%| F|  |TAMS 0x0000000088900000, 0x0000000088900000| Untracked 
| 110|0x0000000088a00000, 0x0000000088a00000, 0x0000000088b00000|  0%| F|  |TAMS 0x0000000088a00000, 0x0000000088a00000| Untracked 
| 111|0x0000000088b00000, 0x0000000088b00000, 0x0000000088c00000|  0%| F|  |TAMS 0x0000000088b00000, 0x0000000088b00000| Untracked 
| 112|0x0000000088c00000, 0x0000000088c00000, 0x0000000088d00000|  0%| F|  |TAMS 0x0000000088c00000, 0x0000000088c00000| Untracked 
| 113|0x0000000088d00000, 0x0000000088d00000, 0x0000000088e00000|  0%| F|  |TAMS 0x0000000088d00000, 0x0000000088d00000| Untracked 
| 114|0x0000000088e00000, 0x0000000088e00000, 0x0000000088f00000|  0%| F|  |TAMS 0x0000000088e00000, 0x0000000088e00000| Untracked 
| 115|0x0000000088f00000, 0x0000000088f00000, 0x0000000089000000|  0%| F|  |TAMS 0x0000000088f00000, 0x0000000088f00000| Untracked 
| 116|0x0000000089000000, 0x0000000089000000, 0x0000000089100000|  0%| F|  |TAMS 0x0000000089000000, 0x0000000089000000| Untracked 
| 117|0x0000000089100000, 0x0000000089100000, 0x0000000089200000|  0%| F|  |TAMS 0x0000000089100000, 0x0000000089100000| Untracked 
| 118|0x0000000089200000, 0x0000000089200000, 0x0000000089300000|  0%| F|  |TAMS 0x0000000089200000, 0x0000000089200000| Untracked 
| 119|0x0000000089300000, 0x0000000089300000, 0x0000000089400000|  0%| F|  |TAMS 0x0000000089300000, 0x0000000089300000| Untracked 
| 120|0x0000000089400000, 0x0000000089400000, 0x0000000089500000|  0%| F|  |TAMS 0x0000000089400000, 0x0000000089400000| Untracked 
| 121|0x0000000089500000, 0x0000000089500000, 0x0000000089600000|  0%| F|  |TAMS 0x0000000089500000, 0x0000000089500000| Untracked 
| 122|0x0000000089600000, 0x0000000089600000, 0x0000000089700000|  0%| F|  |TAMS 0x0000000089600000, 0x0000000089600000| Untracked 
| 123|0x0000000089700000, 0x0000000089700000, 0x0000000089800000|  0%| F|  |TAMS 0x0000000089700000, 0x0000000089700000| Untracked 
| 124|0x0000000089800000, 0x0000000089800000, 0x0000000089900000|  0%| F|  |TAMS 0x0000000089800000, 0x0000000089800000| Untracked 
| 125|0x0000000089900000, 0x0000000089900000, 0x0000000089a00000|  0%| F|  |TAMS 0x0000000089900000, 0x0000000089900000| Untracked 
| 126|0x0000000089a00000, 0x0000000089a00000, 0x0000000089b00000|  0%| F|  |TAMS 0x0000000089a00000, 0x0000000089a00000| Untracked 
| 127|0x0000000089b00000, 0x0000000089b00000, 0x0000000089c00000|  0%| F|  |TAMS 0x0000000089b00000, 0x0000000089b00000| Untracked 
| 128|0x0000000089c00000, 0x0000000089c00000, 0x0000000089d00000|  0%| F|  |TAMS 0x0000000089c00000, 0x0000000089c00000| Untracked 
| 129|0x0000000089d00000, 0x0000000089d00000, 0x0000000089e00000|  0%| F|  |TAMS 0x0000000089d00000, 0x0000000089d00000| Untracked 
| 130|0x0000000089e00000, 0x0000000089e00000, 0x0000000089f00000|  0%| F|  |TAMS 0x0000000089e00000, 0x0000000089e00000| Untracked 
| 131|0x0000000089f00000, 0x0000000089f00000, 0x000000008a000000|  0%| F|  |TAMS 0x0000000089f00000, 0x0000000089f00000| Untracked 
| 132|0x000000008a000000, 0x000000008a000000, 0x000000008a100000|  0%| F|  |TAMS 0x000000008a000000, 0x000000008a000000| Untracked 
| 133|0x000000008a100000, 0x000000008a100000, 0x000000008a200000|  0%| F|  |TAMS 0x000000008a100000, 0x000000008a100000| Untracked 
| 134|0x000000008a200000, 0x000000008a200000, 0x000000008a300000|  0%| F|  |TAMS 0x000000008a200000, 0x000000008a200000| Untracked 
| 135|0x000000008a300000, 0x000000008a300000, 0x000000008a400000|  0%| F|  |TAMS 0x000000008a300000, 0x000000008a300000| Untracked 
| 136|0x000000008a400000, 0x000000008a400000, 0x000000008a500000|  0%| F|  |TAMS 0x000000008a400000, 0x000000008a400000| Untracked 
| 137|0x000000008a500000, 0x000000008a500000, 0x000000008a600000|  0%| F|  |TAMS 0x000000008a500000, 0x000000008a500000| Untracked 
| 138|0x000000008a600000, 0x000000008a600000, 0x000000008a700000|  0%| F|  |TAMS 0x000000008a600000, 0x000000008a600000| Untracked 
| 139|0x000000008a700000, 0x000000008a700000, 0x000000008a800000|  0%| F|  |TAMS 0x000000008a700000, 0x000000008a700000| Untracked 
| 140|0x000000008a800000, 0x000000008a800000, 0x000000008a900000|  0%| F|  |TAMS 0x000000008a800000, 0x000000008a800000| Untracked 
| 141|0x000000008a900000, 0x000000008a900000, 0x000000008aa00000|  0%| F|  |TAMS 0x000000008a900000, 0x000000008a900000| Untracked 
| 142|0x000000008aa00000, 0x000000008aa00000, 0x000000008ab00000|  0%| F|  |TAMS 0x000000008aa00000, 0x000000008aa00000| Untracked 
| 143|0x000000008ab00000, 0x000000008ab00000, 0x000000008ac00000|  0%| F|  |TAMS 0x000000008ab00000, 0x000000008ab00000| Untracked 
| 144|0x000000008ac00000, 0x000000008ac00000, 0x000000008ad00000|  0%| F|  |TAMS 0x000000008ac00000, 0x000000008ac00000| Untracked 
| 145|0x000000008ad00000, 0x000000008ad00000, 0x000000008ae00000|  0%| F|  |TAMS 0x000000008ad00000, 0x000000008ad00000| Untracked 
| 146|0x000000008ae00000, 0x000000008ae00000, 0x000000008af00000|  0%| F|  |TAMS 0x000000008ae00000, 0x000000008ae00000| Untracked 
| 147|0x000000008af00000, 0x000000008af00000, 0x000000008b000000|  0%| F|  |TAMS 0x000000008af00000, 0x000000008af00000| Untracked 
| 148|0x000000008b000000, 0x000000008b000000, 0x000000008b100000|  0%| F|  |TAMS 0x000000008b000000, 0x000000008b000000| Untracked 
| 149|0x000000008b100000, 0x000000008b100000, 0x000000008b200000|  0%| F|  |TAMS 0x000000008b100000, 0x000000008b100000| Untracked 
| 150|0x000000008b200000, 0x000000008b200000, 0x000000008b300000|  0%| F|  |TAMS 0x000000008b200000, 0x000000008b200000| Untracked 
| 151|0x000000008b300000, 0x000000008b300000, 0x000000008b400000|  0%| F|  |TAMS 0x000000008b300000, 0x000000008b300000| Untracked 
| 152|0x000000008b400000, 0x000000008b400000, 0x000000008b500000|  0%| F|  |TAMS 0x000000008b400000, 0x000000008b400000| Untracked 
| 153|0x000000008b500000, 0x000000008b500000, 0x000000008b600000|  0%| F|  |TAMS 0x000000008b500000, 0x000000008b500000| Untracked 
| 154|0x000000008b600000, 0x000000008b600000, 0x000000008b700000|  0%| F|  |TAMS 0x000000008b600000, 0x000000008b600000| Untracked 
| 155|0x000000008b700000, 0x000000008b700000, 0x000000008b800000|  0%| F|  |TAMS 0x000000008b700000, 0x000000008b700000| Untracked 
| 156|0x000000008b800000, 0x000000008b800000, 0x000000008b900000|  0%| F|  |TAMS 0x000000008b800000, 0x000000008b800000| Untracked 
| 157|0x000000008b900000, 0x000000008b900000, 0x000000008ba00000|  0%| F|  |TAMS 0x000000008b900000, 0x000000008b900000| Untracked 
| 158|0x000000008ba00000, 0x000000008ba00000, 0x000000008bb00000|  0%| F|  |TAMS 0x000000008ba00000, 0x000000008ba00000| Untracked 
| 159|0x000000008bb00000, 0x000000008bb00000, 0x000000008bc00000|  0%| F|  |TAMS 0x000000008bb00000, 0x000000008bb00000| Untracked 
| 160|0x000000008bc00000, 0x000000008bc00000, 0x000000008bd00000|  0%| F|  |TAMS 0x000000008bc00000, 0x000000008bc00000| Untracked 
| 161|0x000000008bd00000, 0x000000008bd00000, 0x000000008be00000|  0%| F|  |TAMS 0x000000008bd00000, 0x000000008bd00000| Untracked 
| 162|0x000000008be00000, 0x000000008be00000, 0x000000008bf00000|  0%| F|  |TAMS 0x000000008be00000, 0x000000008be00000| Untracked 
| 163|0x000000008bf00000, 0x000000008bf00000, 0x000000008c000000|  0%| F|  |TAMS 0x000000008bf00000, 0x000000008bf00000| Untracked 
| 164|0x000000008c000000, 0x000000008c000000, 0x000000008c100000|  0%| F|  |TAMS 0x000000008c000000, 0x000000008c000000| Untracked 
| 165|0x000000008c100000, 0x000000008c100000, 0x000000008c200000|  0%| F|  |TAMS 0x000000008c100000, 0x000000008c100000| Untracked 
| 166|0x000000008c200000, 0x000000008c200000, 0x000000008c300000|  0%| F|  |TAMS 0x000000008c200000, 0x000000008c200000| Untracked 
| 167|0x000000008c300000, 0x000000008c300000, 0x000000008c400000|  0%| F|  |TAMS 0x000000008c300000, 0x000000008c300000| Untracked 
| 168|0x000000008c400000, 0x000000008c400000, 0x000000008c500000|  0%| F|  |TAMS 0x000000008c400000, 0x000000008c400000| Untracked 
| 169|0x000000008c500000, 0x000000008c500000, 0x000000008c600000|  0%| F|  |TAMS 0x000000008c500000, 0x000000008c500000| Untracked 
| 170|0x000000008c600000, 0x000000008c600000, 0x000000008c700000|  0%| F|  |TAMS 0x000000008c600000, 0x000000008c600000| Untracked 
| 171|0x000000008c700000, 0x000000008c780800, 0x000000008c800000| 50%| E|  |TAMS 0x000000008c700000, 0x000000008c700000| Complete 
| 172|0x000000008c800000, 0x000000008c900000, 0x000000008c900000|100%| E|CS|TAMS 0x000000008c800000, 0x000000008c800000| Complete 
| 173|0x000000008c900000, 0x000000008ca00000, 0x000000008ca00000|100%| E|CS|TAMS 0x000000008c900000, 0x000000008c900000| Complete 
| 174|0x000000008ca00000, 0x000000008cb00000, 0x000000008cb00000|100%| E|CS|TAMS 0x000000008ca00000, 0x000000008ca00000| Complete 
| 175|0x000000008cb00000, 0x000000008cc00000, 0x000000008cc00000|100%| E|CS|TAMS 0x000000008cb00000, 0x000000008cb00000| Complete 
| 176|0x000000008cc00000, 0x000000008cd00000, 0x000000008cd00000|100%| E|CS|TAMS 0x000000008cc00000, 0x000000008cc00000| Complete 
| 177|0x000000008cd00000, 0x000000008ce00000, 0x000000008ce00000|100%| E|CS|TAMS 0x000000008cd00000, 0x000000008cd00000| Complete 
| 178|0x000000008ce00000, 0x000000008cf00000, 0x000000008cf00000|100%| E|CS|TAMS 0x000000008ce00000, 0x000000008ce00000| Complete 
| 179|0x000000008cf00000, 0x000000008d000000, 0x000000008d000000|100%| E|CS|TAMS 0x000000008cf00000, 0x000000008cf00000| Complete 
| 180|0x000000008d000000, 0x000000008d100000, 0x000000008d100000|100%| E|CS|TAMS 0x000000008d000000, 0x000000008d000000| Complete 
| 181|0x000000008d100000, 0x000000008d200000, 0x000000008d200000|100%| E|CS|TAMS 0x000000008d100000, 0x000000008d100000| Complete 
| 182|0x000000008d200000, 0x000000008d300000, 0x000000008d300000|100%| E|CS|TAMS 0x000000008d200000, 0x000000008d200000| Complete 
| 183|0x000000008d300000, 0x000000008d400000, 0x000000008d400000|100%| E|CS|TAMS 0x000000008d300000, 0x000000008d300000| Complete 
| 184|0x000000008d400000, 0x000000008d500000, 0x000000008d500000|100%| E|CS|TAMS 0x000000008d400000, 0x000000008d400000| Complete 

Card table byte_map: [0x0000029cee980000,0x0000029ceed80000] _byte_map_base: 0x0000029cee572000

Marking Bits (Prev, Next): (CMBitMap*) 0x0000029cd4e5dba0, (CMBitMap*) 0x0000029cd4e5db68
 Prev Bits: [0x0000029cf1110000, 0x0000029cf30a0000)
 Next Bits: [0x0000029cef180000, 0x0000029cf1110000)

Polling page: 0x0000029cd67d0000

Metaspace:

Usage:
  Non-class:     51.84 MB capacity,    51.13 MB ( 99%) used,   571.58 KB (  1%) free+waste,   157.56 KB ( <1%) overhead. 
      Class:      7.83 MB capacity,     7.36 MB ( 94%) used,   405.66 KB (  5%) free+waste,    71.31 KB ( <1%) overhead. 
       Both:     59.67 MB capacity,    58.49 MB ( 98%) used,   977.23 KB (  2%) free+waste,   228.88 KB ( <1%) overhead. 

Virtual space:
  Non-class space:       52.00 MB reserved,      52.00 MB (100%) committed 
      Class space:        1.00 GB reserved,       7.88 MB ( <1%) committed 
             Both:        1.05 GB reserved,      59.88 MB (  6%) committed 

Chunk freelists:
   Non-Class:  3.88 KB
       Class:  2.13 KB
        Both:  6.00 KB

CodeHeap 'non-profiled nmethods': size=120064Kb used=3237Kb max_used=3237Kb free=116826Kb
 bounds [0x0000029ce6b00000, 0x0000029ce6e30000, 0x0000029cee040000]
CodeHeap 'profiled nmethods': size=120000Kb used=12294Kb max_used=12294Kb free=107705Kb
 bounds [0x0000029cdf5d0000, 0x0000029ce01e0000, 0x0000029ce6b00000]
CodeHeap 'non-nmethods': size=5696Kb used=1200Kb max_used=1259Kb free=4495Kb
 bounds [0x0000029cdf040000, 0x0000029cdf2b0000, 0x0000029cdf5d0000]
 total_blobs=6379 nmethods=5815 adapters=475
 compilation: enabled
              stopped_count=0, restarted_count=0
 full_count=0

Compilation events (10 events):
Event: 14.185 Thread 0x0000029cf5f31800 5817       1       java.lang.ClassLoader::getName (5 bytes)
Event: 14.186 Thread 0x0000029cf5f31800 nmethod 5817 0x0000029ce6e12c10 code [0x0000029ce6e12da0, 0x0000029ce6e12e58]
Event: 14.190 Thread 0x0000029cf5f31800 5818       2       org.springframework.boot.context.properties.source.ConfigurationPropertyName$Elements::charAt (49 bytes)
Event: 14.190 Thread 0x0000029cf5f31800 nmethod 5818 0x0000029ce01b6310 code [0x0000029ce01b64e0, 0x0000029ce01b66b8]
Event: 14.203 Thread 0x0000029cf5f31800 5819       2       org.springframework.beans.factory.support.RootBeanDefinition::<init> (48 bytes)
Event: 14.203 Thread 0x0000029cf5f31800 nmethod 5819 0x0000029ce01b6810 code [0x0000029ce01b69c0, 0x0000029ce01b6c68]
Event: 14.204 Thread 0x0000029cf5f31800 5820       2       org.springframework.beans.factory.support.AbstractAutowireCapableBeanFactory::determineConstructorsFromBeanPostProcessors (80 bytes)
Event: 14.205 Thread 0x0000029cf5f31800 nmethod 5820 0x0000029ce01b6d90 code [0x0000029ce01b6f80, 0x0000029ce01b72d8]
Event: 14.208 Thread 0x0000029cf5f31800 5821       1       org.springframework.beans.factory.config.InstantiationAwareBeanPostProcessorAdapter::determineCandidateConstructors (2 bytes)
Event: 14.208 Thread 0x0000029cf5f31800 nmethod 5821 0x0000029ce6e12f10 code [0x0000029ce6e130a0, 0x0000029ce6e13158]

GC Heap History (10 events):
Event: 3.220 GC heap before
{Heap before GC invocations=6 (full 0):
 garbage-first heap   total 131072K, used 84544K [0x0000000081c00000, 0x0000000100000000)
  region size 1024K, 76 young (77824K), 4 survivors (4096K)
 Metaspace       used 25947K, capacity 26566K, committed 26752K, reserved 1073152K
  class space    used 2876K, capacity 3094K, committed 3200K, reserved 1048576K
}
Event: 3.228 GC heap after
{Heap after GC invocations=7 (full 0):
 garbage-first heap   total 157696K, used 12899K [0x0000000081c00000, 0x0000000100000000)
  region size 1024K, 5 young (5120K), 5 survivors (5120K)
 Metaspace       used 25947K, capacity 26566K, committed 26752K, reserved 1073152K
  class space    used 2876K, capacity 3094K, committed 3200K, reserved 1048576K
}
Event: 6.113 GC heap before
{Heap before GC invocations=7 (full 0):
 garbage-first heap   total 157696K, used 95843K [0x0000000081c00000, 0x0000000100000000)
  region size 1024K, 87 young (89088K), 5 survivors (5120K)
 Metaspace       used 34912K, capacity 35727K, committed 35840K, reserved 1081344K
  class space    used 4028K, capacity 4379K, committed 4480K, reserved 1048576K
}
Event: 6.128 GC heap after
{Heap after GC invocations=8 (full 0):
 garbage-first heap   total 157696K, used 16384K [0x0000000081c00000, 0x0000000100000000)
  region size 1024K, 8 young (8192K), 8 survivors (8192K)
 Metaspace       used 34912K, capacity 35727K, committed 35840K, reserved 1081344K
  class space    used 4028K, capacity 4379K, committed 4480K, reserved 1048576K
}
Event: 7.459 GC heap before
{Heap before GC invocations=9 (full 0):
 garbage-first heap   total 157696K, used 101376K [0x0000000081c00000, 0x0000000100000000)
  region size 1024K, 92 young (94208K), 8 survivors (8192K)
 Metaspace       used 41697K, capacity 42668K, committed 42880K, reserved 1087488K
  class space    used 5082K, capacity 5495K, committed 5504K, reserved 1048576K
}
Event: 7.475 GC heap after
{Heap after GC invocations=10 (full 0):
 garbage-first heap   total 157696K, used 18354K [0x0000000081c00000, 0x0000000100000000)
  region size 1024K, 8 young (8192K), 8 survivors (8192K)
 Metaspace       used 41697K, capacity 42668K, committed 42880K, reserved 1087488K
  class space    used 5082K, capacity 5495K, committed 5504K, reserved 1048576K
}
Event: 10.843 GC heap before
{Heap before GC invocations=10 (full 0):
 garbage-first heap   total 157696K, used 104370K [0x0000000081c00000, 0x0000000100000000)
  region size 1024K, 92 young (94208K), 8 survivors (8192K)
 Metaspace       used 54557K, capacity 55536K, committed 55680K, reserved 1097728K
  class space    used 6842K, capacity 7234K, committed 7296K, reserved 1048576K
}
Event: 10.860 GC heap after
{Heap after GC invocations=11 (full 0):
 garbage-first heap   total 157696K, used 22134K [0x0000000081c00000, 0x0000000100000000)
  region size 1024K, 10 young (10240K), 10 survivors (10240K)
 Metaspace       used 54557K, capacity 55536K, committed 55680K, reserved 1097728K
  class space    used 6842K, capacity 7234K, committed 7296K, reserved 1048576K
}
Event: 13.772 GC heap before
{Heap before GC invocations=11 (full 0):
 garbage-first heap   total 157696K, used 72310K [0x0000000081c00000, 0x0000000100000000)
  region size 1024K, 60 young (61440K), 10 survivors (10240K)
 Metaspace       used 58899K, capacity 60016K, committed 60160K, reserved 1101824K
  class space    used 7381K, capacity 7829K, committed 7936K, reserved 1048576K
}
Event: 13.793 GC heap after
{Heap after GC invocations=12 (full 0):
 garbage-first heap   total 189440K, used 25175K [0x0000000081c00000, 0x0000000100000000)
  region size 1024K, 9 young (9216K), 9 survivors (9216K)
 Metaspace       used 58899K, capacity 60016K, committed 60160K, reserved 1101824K
  class space    used 7381K, capacity 7829K, committed 7936K, reserved 1048576K
}

Deoptimization events (10 events):
Event: 12.775 Thread 0x0000029cd4f82800 Uncommon trap: reason=speculate_class_check action=maybe_recompile pc=0x0000029ce6dcc4f4 method=jdk.internal.loader.Resource.getBytes()[B @ 10 c2
Event: 12.777 Thread 0x0000029cd4f82800 Uncommon trap: reason=speculate_class_check action=maybe_recompile pc=0x0000029ce6dcc4f4 method=jdk.internal.loader.Resource.getBytes()[B @ 10 c2
Event: 12.928 Thread 0x0000029cd4f82800 Uncommon trap: reason=unstable_if action=reinterpret pc=0x0000029ce6c950e4 method=java.util.concurrent.ConcurrentHashMap.putVal(Ljava/lang/Object;Ljava/lang/Object;Z)Ljava/lang/Object; @ 401 c2
Event: 12.930 Thread 0x0000029cd4f82800 Uncommon trap: reason=unstable_if action=reinterpret pc=0x0000029ce6cd64c8 method=java.util.concurrent.ConcurrentHashMap.get(Ljava/lang/Object;)Ljava/lang/Object; @ 86 c2
Event: 13.008 Thread 0x0000029cd4f82800 Uncommon trap: reason=unstable_if action=reinterpret pc=0x0000029ce6c580d8 method=sun.reflect.annotation.AnnotationInvocationHandler.invoke(Ljava/lang/Object;Ljava/lang/reflect/Method;[Ljava/lang/Object;)Ljava/lang/Object; @ 76 c2
Event: 13.098 Thread 0x0000029cd4f82800 Uncommon trap: reason=unstable_if action=reinterpret pc=0x0000029ce6bc0604 method=java.util.concurrent.ConcurrentHashMap.transfer([Ljava/util/concurrent/ConcurrentHashMap$Node;[Ljava/util/concurrent/ConcurrentHashMap$Node;)V @ 352 c2
Event: 13.098 Thread 0x0000029cd4f82800 Uncommon trap: reason=unstable_if action=reinterpret pc=0x0000029ce6ba5658 method=java.util.concurrent.ConcurrentHashMap.transfer([Ljava/util/concurrent/ConcurrentHashMap$Node;[Ljava/util/concurrent/ConcurrentHashMap$Node;)V @ 352 c2
Event: 13.566 Thread 0x0000029cd4f82800 Uncommon trap: reason=class_check action=maybe_recompile pc=0x0000029ce6d6b5d4 method=java.lang.reflect.Method.equals(Ljava/lang/Object;)Z @ 5 c2
Event: 13.956 Thread 0x0000029cd4f82800 Uncommon trap: reason=unstable_if action=reinterpret pc=0x0000029ce6e06e08 method=org.springframework.core.annotation.AnnotationsScanner.processMethodHierarchy(Ljava/lang/Object;[ILjava/lang/Class;Lorg/springframework/core/annotation/AnnotationsProcessor;
Event: 14.190 Thread 0x0000029cd4f82800 Uncommon trap: reason=class_check action=maybe_recompile pc=0x0000029ce6b75b6c method=org.springframework.boot.context.properties.source.ConfigurationPropertyName$Elements.charAt(II)C @ 43 c2

Classes redefined (0 events):
No events

Internal exceptions (10 events):
Event: 12.414 Thread 0x0000029cd4f82800 Exception <a 'java/lang/ClassNotFoundException'{0x000000008af0ab38}: org/springframework/beans/factory/AwareCustomizer> (0x000000008af0ab38) thrown at [./open/src/hotspot/share/classfile/systemDictionary.cpp, line 228]
Event: 13.122 Thread 0x0000029cd4f82800 Exception <a 'java/lang/ClassNotFoundException'{0x0000000089662c60}: java/lang/ObjectCustomizer> (0x0000000089662c60) thrown at [./open/src/hotspot/share/classfile/systemDictionary.cpp, line 228]
Event: 13.123 Thread 0x0000029cd4f82800 Exception <a 'java/lang/ClassNotFoundException'{0x0000000089679298}: org/springframework/security/config/annotation/web/configuration/WebSecurityConfigurationCustomizer> (0x0000000089679298) thrown at [./open/src/hotspot/share/classfile/systemDictionary.c
Event: 13.124 Thread 0x0000029cd4f82800 Exception <a 'java/lang/ClassNotFoundException'{0x0000000089692048}: org/springframework/context/annotation/ImportAwareCustomizer> (0x0000000089692048) thrown at [./open/src/hotspot/share/classfile/systemDictionary.cpp, line 228]
Event: 13.125 Thread 0x0000029cd4f82800 Exception <a 'java/lang/ClassNotFoundException'{0x000000008969f4f0}: org/springframework/beans/factory/AwareCustomizer> (0x000000008969f4f0) thrown at [./open/src/hotspot/share/classfile/systemDictionary.cpp, line 228]
Event: 13.126 Thread 0x0000029cd4f82800 Exception <a 'java/lang/ClassNotFoundException'{0x00000000896adb18}: org/springframework/beans/factory/BeanClassLoaderAwareCustomizer> (0x00000000896adb18) thrown at [./open/src/hotspot/share/classfile/systemDictionary.cpp, line 228]
Event: 13.126 Thread 0x0000029cd4f82800 Exception <a 'java/lang/ClassNotFoundException'{0x00000000896bafd0}: org/springframework/beans/factory/AwareCustomizer> (0x00000000896bafd0) thrown at [./open/src/hotspot/share/classfile/systemDictionary.cpp, line 228]
Event: 14.049 Thread 0x0000029cd4f82800 Exception <a 'java/lang/NoSuchMethodError'{0x000000008d04d680}: java.lang.invoke.DirectMethodHandle$Holder.invokeInterface(Ljava/lang/Object;Ljava/lang/Object;Ljava/lang/Object;)Ljava/lang/Object;> (0x000000008d04d680) thrown at [./open/src/hotspot/share/
Event: 14.050 Thread 0x0000029cd4f82800 Exception <a 'java/lang/IncompatibleClassChangeError'{0x000000008d050608}: Found class java.lang.Object, but interface was expected> (0x000000008d050608) thrown at [./open/src/hotspot/share/interpreter/linkResolver.cpp, line 838]
Event: 14.100 Thread 0x0000029cd4f82800 Exception <a 'java/lang/NoSuchMethodError'{0x000000008cfc8500}: java.lang.invoke.DirectMethodHandle$Holder.invokeStaticInit(Ljava/lang/Object;Ljava/lang/Object;Ljava/lang/Object;Ljava/lang/Object;)I> (0x000000008cfc8500) thrown at [./open/src/hotspot/shar

Events (10 events):
Event: 14.194 loading class org/springframework/orm/jpa/JpaTransactionManager$JpaTransactionObject
Event: 14.194 loading class org/springframework/orm/jpa/JpaTransactionManager$JpaTransactionObject done
Event: 14.195 loading class org/springframework/jdbc/datasource/JdbcTransactionObjectSupport
Event: 14.195 loading class org/springframework/jdbc/datasource/JdbcTransactionObjectSupport done
Event: 14.196 loading class org/springframework/transaction/support/SmartTransactionObject
Event: 14.196 loading class org/springframework/transaction/support/SmartTransactionObject done
Event: 14.198 loading class org/springframework/transaction/support/AbstractPlatformTransactionManager$SuspendedResourcesHolder
Event: 14.198 loading class org/springframework/transaction/support/AbstractPlatformTransactionManager$SuspendedResourcesHolder done
Event: 14.201 loading class org/springframework/jdbc/datasource/TransactionAwareDataSourceProxy
Event: 14.201 loading class org/springframework/jdbc/datasource/TransactionAwareDataSourceProxy done


Dynamic libraries:
0x00007ff69c450000 - 0x00007ff69c45f000 	C:\Program Files\Java\jdk-11.0.10\bin\java.exe
0x00007fff1c9f0000 - 0x00007fff1cbe5000 	C:\WINDOWS\SYSTEM32\ntdll.dll
0x00007fff1b5c0000 - 0x00007fff1b67d000 	C:\WINDOWS\System32\KERNEL32.DLL
0x00007fff1a6a0000 - 0x00007fff1a969000 	C:\WINDOWS\System32\KERNELBASE.dll
0x00007fff1a5a0000 - 0x00007fff1a6a0000 	C:\WINDOWS\System32\ucrtbase.dll
0x00007fff15d20000 - 0x00007fff15d35000 	C:\Program Files\Java\jdk-11.0.10\bin\VCRUNTIME140.dll
0x00007fff02ad0000 - 0x00007fff02ae8000 	C:\Program Files\Java\jdk-11.0.10\bin\jli.dll
0x00007fff1b300000 - 0x00007fff1b3ac000 	C:\WINDOWS\System32\ADVAPI32.dll
0x00007fff1b990000 - 0x00007fff1ba2e000 	C:\WINDOWS\System32\msvcrt.dll
0x00007fff1b260000 - 0x00007fff1b2fb000 	C:\WINDOWS\System32\sechost.dll
0x00007fff1b410000 - 0x00007fff1b53a000 	C:\WINDOWS\System32\RPCRT4.dll
0x00007fff1ba70000 - 0x00007fff1bc10000 	C:\WINDOWS\System32\USER32.dll
0x00007fff1a130000 - 0x00007fff1a152000 	C:\WINDOWS\System32\win32u.dll
0x00007fff01750000 - 0x00007fff019ea000 	C:\WINDOWS\WinSxS\amd64_microsoft.windows.common-controls_6595b64144ccf1df_6.0.19041.1083_none_60bbe31371f34e71\COMCTL32.dll
0x00007fff1ba30000 - 0x00007fff1ba5a000 	C:\WINDOWS\System32\GDI32.dll
0x00007fff1a210000 - 0x00007fff1a31b000 	C:\WINDOWS\System32\gdi32full.dll
0x00007fff1a3a0000 - 0x00007fff1a43d000 	C:\WINDOWS\System32\msvcp_win.dll
0x00007fff18eb0000 - 0x00007fff18eba000 	C:\WINDOWS\SYSTEM32\VERSION.dll
0x00007fff1aa60000 - 0x00007fff1aa90000 	C:\WINDOWS\System32\IMM32.DLL
0x00007fff01100000 - 0x00007fff011a4000 	C:\Program Files\McAfee\Endpoint Security\Threat Prevention\Ips\EpMPApi.dll
0x00007fff1aa00000 - 0x00007fff1aa60000 	C:\WINDOWS\System32\WINTRUST.dll
0x00007fff1a440000 - 0x00007fff1a59f000 	C:\WINDOWS\System32\CRYPT32.dll
0x00007fff19cd0000 - 0x00007fff19ce2000 	C:\WINDOWS\SYSTEM32\MSASN1.dll
0x0000000062860000 - 0x000000006286c000 	C:\Program Files\McAfee\Endpoint Security\Threat Prevention\Ips\EpMPThe.dll
0x00007ffedd5f0000 - 0x00007ffedd649000 	C:\Program Files\McAfee\Endpoint Security\Threat Prevention\Ips\HIPHandlers64.dll
0x00007fff1b3b0000 - 0x00007fff1b405000 	C:\WINDOWS\System32\SHLWAPI.dll
0x00007fff07f80000 - 0x00007fff08164000 	C:\WINDOWS\SYSTEM32\dbghelp.dll
0x00007fff02850000 - 0x00007fff028eb000 	C:\Program Files\Java\jdk-11.0.10\bin\msvcp140.dll
0x00007ffeb2650000 - 0x00007ffeb314b000 	C:\Program Files\Java\jdk-11.0.10\bin\server\jvm.dll
0x00007fff1ba60000 - 0x00007fff1ba68000 	C:\WINDOWS\System32\PSAPI.DLL
0x00007fff02ee0000 - 0x00007fff02ee9000 	C:\WINDOWS\SYSTEM32\WSOCK32.dll
0x00007ffef8360000 - 0x00007ffef8387000 	C:\WINDOWS\SYSTEM32\WINMM.dll
0x00007fff1bc10000 - 0x00007fff1bc7b000 	C:\WINDOWS\System32\WS2_32.dll
0x00007fff18930000 - 0x00007fff18942000 	C:\WINDOWS\SYSTEM32\kernel.appcore.dll
0x00007fff11d70000 - 0x00007fff11d80000 	C:\Program Files\Java\jdk-11.0.10\bin\verify.dll
0x00007ffef8cf0000 - 0x00007ffef8d1c000 	C:\WINDOWS\SYSTEM32\dbgcore.DLL
0x00007fff1a970000 - 0x00007fff1a9f3000 	C:\WINDOWS\System32\bcryptPrimitives.dll
0x00007fff12170000 - 0x00007fff12198000 	C:\Program Files\Java\jdk-11.0.10\bin\java.dll
0x00007fff07d20000 - 0x00007fff07d2a000 	C:\Program Files\Java\jdk-11.0.10\bin\jimage.dll
0x00007fff07d00000 - 0x00007fff07d16000 	C:\Program Files\Java\jdk-11.0.10\bin\zip.dll
0x00007fff1bc80000 - 0x00007fff1c3bf000 	C:\WINDOWS\System32\SHELL32.dll
0x00007fff17eb0000 - 0x00007fff18641000 	C:\WINDOWS\SYSTEM32\windows.storage.dll
0x00007fff1c650000 - 0x00007fff1c9a5000 	C:\WINDOWS\System32\combase.dll
0x00007fff19b30000 - 0x00007fff19b5c000 	C:\WINDOWS\SYSTEM32\Wldp.dll
0x00007fff1aaa0000 - 0x00007fff1ab4e000 	C:\WINDOWS\System32\SHCORE.dll
0x00007fff1a070000 - 0x00007fff1a08f000 	C:\WINDOWS\SYSTEM32\profapi.dll
0x00007fff07ce0000 - 0x00007fff07cf9000 	C:\Program Files\Java\jdk-11.0.10\bin\net.dll
0x00007fff070a0000 - 0x00007fff071aa000 	C:\WINDOWS\SYSTEM32\WINHTTP.dll
0x00007fff19890000 - 0x00007fff198fa000 	C:\WINDOWS\system32\mswsock.dll
0x00007fff028f0000 - 0x00007fff02902000 	C:\Program Files\Java\jdk-11.0.10\bin\nio.dll
0x00007fff02cb0000 - 0x00007fff02cb9000 	C:\Program Files\Java\jdk-11.0.10\bin\management.dll
0x00007fff027d0000 - 0x00007fff027db000 	C:\Program Files\Java\jdk-11.0.10\bin\management_ext.dll
0x00007ffefa1a0000 - 0x00007ffefa1b7000 	C:\WINDOWS\system32\napinsp.dll
0x00007ffef0310000 - 0x00007ffef032b000 	C:\WINDOWS\system32\pnrpnsp.dll
0x00007fff148a0000 - 0x00007fff148b5000 	C:\WINDOWS\system32\wshbth.dll
0x00007fff15780000 - 0x00007fff1579d000 	C:\WINDOWS\system32\NLAapi.dll
0x00007fff19580000 - 0x00007fff195bb000 	C:\WINDOWS\SYSTEM32\IPHLPAPI.DLL
0x00007fff195c0000 - 0x00007fff1968c000 	C:\WINDOWS\SYSTEM32\DNSAPI.dll
0x00007fff1ad00000 - 0x00007fff1ad08000 	C:\WINDOWS\System32\NSI.dll
0x00007ffeef0b0000 - 0x00007ffeef0c2000 	C:\WINDOWS\System32\winrnr.dll
0x00007fff0ba30000 - 0x00007fff0ba3a000 	C:\Windows\System32\rasadhlp.dll
0x00007fff06d70000 - 0x00007fff06def000 	C:\WINDOWS\System32\fwpuclnt.dll
0x00007fff1a370000 - 0x00007fff1a397000 	C:\WINDOWS\System32\bcrypt.dll
0x00007fff19a70000 - 0x00007fff19a88000 	C:\WINDOWS\SYSTEM32\CRYPTSP.dll
0x00007fff191d0000 - 0x00007fff19204000 	C:\WINDOWS\system32\rsaenh.dll
0x00007fff1a030000 - 0x00007fff1a05e000 	C:\WINDOWS\SYSTEM32\USERENV.dll
0x00007fff19a90000 - 0x00007fff19a9c000 	C:\WINDOWS\SYSTEM32\CRYPTBASE.dll
0x00007fff07300000 - 0x00007fff07317000 	C:\WINDOWS\SYSTEM32\dhcpcsvc6.DLL
0x00007fff06c40000 - 0x00007fff06c5d000 	C:\WINDOWS\SYSTEM32\dhcpcsvc.DLL
0x00007fff010c0000 - 0x00007fff010cd000 	C:\Program Files\Java\jdk-11.0.10\bin\sunmscapi.dll
0x00007fff19ba0000 - 0x00007fff19bc7000 	C:\WINDOWS\SYSTEM32\ncrypt.dll
0x00007fff19b60000 - 0x00007fff19b9b000 	C:\WINDOWS\SYSTEM32\NTASN1.dll
0x00007fff010d0000 - 0x00007fff010f5000 	C:\Program Files\Java\jdk-11.0.10\bin\sunec.dll

dbghelp: loaded successfully - version: 4.0.5 - missing functions: none
symbol engine: initialized successfully - sym options: 0x614 - pdb path: .;C:\Program Files\Java\jdk-11.0.10\bin;C:\WINDOWS\SYSTEM32;C:\WINDOWS\WinSxS\amd64_microsoft.windows.common-controls_6595b64144ccf1df_6.0.19041.1083_none_60bbe31371f34e71;C:\Program Files\McAfee\Endpoint Security\Threat Prevention\Ips;C:\Program Files\Java\jdk-11.0.10\bin\server

VM Arguments:
java_command: com.odkdhis.OdkdhisApplications
java_class_path (initial): C:\Users\Paul Ombio\Downloads\SSV Projects\odkdhis\target\classes;C:\Users\Paul Ombio\.m2\repository\org\springframework\boot\spring-boot-starter-web\2.3.1.RELEASE\spring-boot-starter-web-2.3.1.RELEASE.jar;C:\Users\Paul Ombio\.m2\repository\org\springframework\boot\spring-boot-starter\2.3.1.RELEASE\spring-boot-starter-2.3.1.RELEASE.jar;C:\Users\Paul Ombio\.m2\repository\org\springframework\boot\spring-boot\2.3.1.RELEASE\spring-boot-2.3.1.RELEASE.jar;C:\Users\Paul Ombio\.m2\repository\org\springframework\boot\spring-boot-autoconfigure\2.3.1.RELEASE\spring-boot-autoconfigure-2.3.1.RELEASE.jar;C:\Users\Paul Ombio\.m2\repository\org\springframework\boot\spring-boot-starter-logging\2.3.1.RELEASE\spring-boot-starter-logging-2.3.1.RELEASE.jar;C:\Users\Paul Ombio\.m2\repository\ch\qos\logback\logback-classic\1.2.3\logback-classic-1.2.3.jar;C:\Users\Paul Ombio\.m2\repository\ch\qos\logback\logback-core\1.2.3\logback-core-1.2.3.jar;C:\Users\Paul Ombio\.m2\repository\org\apache\logging\log4j\log4j-to-slf4j\2.13.3\log4j-to-slf4j-2.13.3.jar;C:\Users\Paul Ombio\.m2\repository\org\apache\logging\log4j\log4j-api\2.13.3\log4j-api-2.13.3.jar;C:\Users\Paul Ombio\.m2\repository\org\slf4j\jul-to-slf4j\1.7.30\jul-to-slf4j-1.7.30.jar;C:\Users\Paul Ombio\.m2\repository\jakarta\annotation\jakarta.annotation-api\1.3.5\jakarta.annotation-api-1.3.5.jar;C:\Users\Paul Ombio\.m2\repository\org\yaml\snakeyaml\1.26\snakeyaml-1.26.jar;C:\Users\Paul Ombio\.m2\repository\org\springframework\boot\spring-boot-starter-json\2.3.1.RELEASE\spring-boot-starter-json-2.3.1.RELEASE.jar;C:\Users\Paul Ombio\.m2\repository\com\fasterxml\jackson\core\jackson-databind\2.11.0\jackson-databind-2.11.0.jar;C:\Users\Paul Ombio\.m2\repository\com\fasterxml\jackson\core\jackson-annotations\2.11.0\jackson-annotations-2.11.0.jar;C:\Users\Paul Ombio\.m2\repository\com\fasterxml\jackson\core\jackson-core\2.11.0\jackson-core-2.11.0.jar;C:\Users\Paul Ombio\.m2\repository\com\fasterxml\jackson\datatyp
Launcher Type: SUN_STANDARD

[Global flags]
     intx CICompilerCount                          = 3                                         {product} {ergonomic}
     uint ConcGCThreads                            = 1                                         {product} {ergonomic}
     uint G1ConcRefinementThreads                  = 4                                         {product} {ergonomic}
   size_t G1HeapRegionSize                         = 1048576                                   {product} {ergonomic}
    uintx GCDrainStackTargetSize                   = 64                                        {product} {ergonomic}
   size_t InitialHeapSize                          = 134217728                                 {product} {ergonomic}
   size_t MarkStackSize                            = 4194304                                   {product} {ergonomic}
   size_t MaxHeapSize                              = 2118123520                                {product} {ergonomic}
   size_t MaxNewSize                               = 1270874112                                {product} {ergonomic}
   size_t MinHeapDeltaBytes                        = 1048576                                   {product} {ergonomic}
    uintx NonNMethodCodeHeapSize                   = 5830732                                {pd product} {ergonomic}
    uintx NonProfiledCodeHeapSize                  = 122913754                              {pd product} {ergonomic}
    uintx ProfiledCodeHeapSize                     = 122913754                              {pd product} {ergonomic}
    uintx ReservedCodeCacheSize                    = 251658240                              {pd product} {ergonomic}
     bool SegmentedCodeCache                       = true                                      {product} {ergonomic}
     bool UseCompressedClassPointers               = true                                 {lp64_product} {ergonomic}
     bool UseCompressedOops                        = true                                 {lp64_product} {ergonomic}
     bool UseG1GC                                  = true                                      {product} {ergonomic}
     bool UseLargePagesIndividualAllocation        = false                                  {pd product} {ergonomic}

Logging:
Log output configuration:
 #0: stdout all=warning uptime,level,tags
 #1: stderr all=off uptime,level,tags

Environment Variables:
JAVA_HOME=C:\Program Files\Java\jdk-11.0.10
PATH=C:\Program Files\Common Files\Oracle\Java\javapath;C:\Program Files (x86)\Common Files\Oracle\Java\javapath;C:\ProgramData\Oracle\Java\javapath;C:\Program Files (x86)\Microsoft SDKs\Azure\CLI2\wbin;C:\Program Files\Intel\iCLS Client\;C:\WINDOWS\system32;C:\WINDOWS;C:\WINDOWS\System32\Wbem;C:\WINDOWS\System32\WindowsPowerShell\v1.0\;C:\Program Files\Microsoft SQL Server\120\Tools\Binn\;C:\Program Files\Microsoft SQL Server\Client SDK\ODBC\110\Tools\Binn\;C:\Program Files (x86)\Microsoft SQL Server\120\Tools\Binn\;C:\Program Files\Microsoft SQL Server\120\DTS\Binn\;C:\Program Files (x86)\Microsoft SQL Server\120\Tools\Binn\ManagementStudio\;C:\Program Files (x86)\Microsoft SQL Server\120\DTS\Binn\;C:\Program Files\Microsoft SQL Server\130\Tools\Binn\;C:\Program Files\dotnet\;C:\Program Files\MySQL\MySQL Utilities 1.6\;C:\WINDOWS\System32\OpenSSH\;C:\Program Files\nodejs\;C:\Program Files\Git\cmd;C:\Program Files (x86)\Intel\Intel(R) Management Engine Components\DAL;C:\Program Files\Intel\Intel(R) Management Engine Components\DAL;C:\Program Files\Intel\WiFi\bin\;C:\Program Files\Common Files\Intel\WirelessCommon\;C:\Program Files\PuTTY\;C:\Users\Paul Ombio\AppData\Local\Microsoft\WindowsApps;
USERNAME=Paul Ombio
OS=Windows_NT
PROCESSOR_IDENTIFIER=Intel64 Family 6 Model 78 Stepping 3, GenuineIntel



---------------  S Y S T E M  ---------------

OS: Windows 10 , 64 bit Build 19041 (10.0.19041.1023)

CPU:total 4 (initial active 4) (2 cores per cpu, 2 threads per core) family 6 model 78 stepping 3 microcode 0xd4, cmov, cx8, fxsr, mmx, sse, sse2, sse3, ssse3, sse4.1, sse4.2, popcnt, avx, avx2, aes, clmul, erms, rtm, 3dnowpref, lzcnt, ht, tsc, tscinvbit, bmi1, bmi2, adx, fma

Memory: 4k page, system-wide physical 8072M (1373M free)
TotalPageFile size 10508M (AvailPageFile size 20M)
current process WorkingSet (physical memory assigned to process): 317M, peak: 318M
current process commit charge ("private bytes"): 400M, peak: 407M

vm_info: Java HotSpot(TM) 64-Bit Server VM (11.0.10+8-LTS-162) for windows-amd64 JRE (11.0.10+8-LTS-162), built on Dec  8 2020 16:32:57 by "mach5one" with MS VC++ 15.9 (VS2017)

END.
