#
# There is insufficient memory for the Java Runtime Environment to continue.
# Native memory allocation (mmap) failed to map 134217728 bytes for Failed to commit area from 0x0000000081c00000 to 0x0000000089c00000 of length 134217728.
# Possible reasons:
#   The system is out of physical RAM or swap space
#   The process is running with CompressedOops enabled, and the Java Heap may be blocking the growth of the native heap
# Possible solutions:
#   Reduce memory load on the system
#   Increase physical memory or swap space
#   Check if swap backing store is full
#   Decrease Java heap size (-Xmx/-Xms)
#   Decrease number of Java threads
#   Decrease Java thread stack sizes (-Xss)
#   Set larger code cache with -XX:ReservedCodeCacheSize=
# This output file may be truncated or incomplete.
#
#  Out of Memory Error (./open/src/hotspot/os/windows/os_windows.cpp:3273), pid=1384, tid=19996
#
# JRE version:  (11.0.10+8) (build )
# Java VM: Java HotSpot(TM) 64-Bit Server VM (11.0.10+8-LTS-162, mixed mode, sharing, tiered, compressed oops, g1 gc, windows-amd64)
# No core dump will be written. Minidumps are not enabled by default on client versions of Windows
#

---------------  S U M M A R Y ------------

Command Line: -Dclassworlds.conf=C:\Program Files\NetBeans-12.0\netbeans\java\maven\bin\..\bin\m2.conf -Dmaven.home=C:\Program Files\NetBeans-12.0\netbeans\java\maven\bin\.. -Dlibrary.jansi.path=C:\Program Files\NetBeans-12.0\netbeans\java\maven\bin\..\lib\jansi-native -Dmaven.multiModuleProjectDirectory=C:\Users\Paul Ombio\Downloads\SSV Projects\odkdhis org.codehaus.plexus.classworlds.launcher.Launcher -Dexec.args=-classpath %classpath com.odkdhis.OdkdhisApplications -Dexec.executable=java -Dexec.classpathScope=runtime -Dmaven.ext.class.path=C:\Program Files\NetBeans-12.0\netbeans\java\maven-nblib\netbeans-eventspy.jar -Dfile.encoding=UTF-8 process-classes org.codehaus.mojo:exec-maven-plugin:1.5.0:exec

Host: Intel(R) Core(TM) i5-6300U CPU @ 2.40GHz, 4 cores, 7G,  Windows 10 , 64 bit Build 19041 (10.0.19041.1023)
Time: Mon Jul 12 17:04:28 2021 E. Africa Standard Time elapsed time: 0.050754 seconds (0d 0h 0m 0s)

---------------  T H R E A D  ---------------

Current thread (0x000002248084d800):  JavaThread "Unknown thread" [_thread_in_vm, id=19996, stack(0x000000ea74600000,0x000000ea74700000)]

Stack: [0x000000ea74600000,0x000000ea74700000]
Native frames: (J=compiled Java code, j=interpreted, Vv=VM code, C=native code)
V  [jvm.dll+0x613e6a]
V  [jvm.dll+0x74c1ff]
V  [jvm.dll+0x74d885]
V  [jvm.dll+0x74df03]
V  [jvm.dll+0x243b78]
V  [jvm.dll+0x61125a]
V  [jvm.dll+0x606165]
V  [jvm.dll+0x2f85fc]
V  [jvm.dll+0x2f8482]
V  [jvm.dll+0x2fd136]
V  [jvm.dll+0x33f6bf]
V  [jvm.dll+0x33f0f0]
V  [jvm.dll+0x2d5d08]
V  [jvm.dll+0x2d6e66]
V  [jvm.dll+0x727d17]
V  [jvm.dll+0x7295bf]
V  [jvm.dll+0x34c4a9]
V  [jvm.dll+0x70d6b0]
V  [jvm.dll+0x3b584f]
V  [jvm.dll+0x3b7951]
C  [jli.dll+0x520b]
C  [ucrtbase.dll+0x21bb2]
C  [KERNEL32.DLL+0x17034]
C  [ntdll.dll+0x52651]


---------------  P R O C E S S  ---------------

Threads class SMR info:
_java_thread_list=0x00000224fe3f8910, length=0, elements={
}

Java Threads: ( => current thread )

Other Threads:
  0x0000022480863800 GCTaskThread "GC Thread#0" [stack: 0x000000ea74700000,0x000000ea74800000] [id=4324]
  0x0000022480894800 ConcurrentGCThread "G1 Main Marker" [stack: 0x000000ea74800000,0x000000ea74900000] [id=11208]
  0x0000022480897000 ConcurrentGCThread "G1 Conc#0" [stack: 0x000000ea74900000,0x000000ea74a00000] [id=2392]

[error occurred during error reporting (printing all threads), id 0xc0000005, EXCEPTION_ACCESS_VIOLATION (0xc0000005) at pc=0x00007ffeb2934f57]

VM state:not at safepoint (not fully initialized)

VM Mutex/Monitor currently owned by a thread:  ([mutex/lock_event])
[0x0000022480848d00] Heap_lock - owner thread: 0x000002248084d800

Heap address: 0x0000000081c00000, size: 2020 MB, Compressed Oops mode: Non-zero based: 0x0000000081c00000
Narrow klass base: 0x0000000000000000, Narrow klass shift: 0

GC Heap History (0 events):
No events

Deoptimization events (0 events):
No events

Classes redefined (0 events):
No events

Internal exceptions (0 events):
No events

Events (0 events):
No events


Dynamic libraries:
0x00007ff69c450000 - 0x00007ff69c45f000 	C:\Program Files\Java\jdk-11.0.10\bin\java.exe
0x00007fff1c9f0000 - 0x00007fff1cbe5000 	C:\WINDOWS\SYSTEM32\ntdll.dll
0x00007fff1b5c0000 - 0x00007fff1b67d000 	C:\WINDOWS\System32\KERNEL32.DLL
0x00007fff1a6a0000 - 0x00007fff1a969000 	C:\WINDOWS\System32\KERNELBASE.dll
0x00007fff1a5a0000 - 0x00007fff1a6a0000 	C:\WINDOWS\System32\ucrtbase.dll
0x00007fff02ad0000 - 0x00007fff02ae8000 	C:\Program Files\Java\jdk-11.0.10\bin\jli.dll
0x00007fff15d20000 - 0x00007fff15d35000 	C:\Program Files\Java\jdk-11.0.10\bin\VCRUNTIME140.dll
0x00007fff1b300000 - 0x00007fff1b3ac000 	C:\WINDOWS\System32\ADVAPI32.dll
0x00007fff1b990000 - 0x00007fff1ba2e000 	C:\WINDOWS\System32\msvcrt.dll
0x00007fff1b260000 - 0x00007fff1b2fb000 	C:\WINDOWS\System32\sechost.dll
0x00007fff1b410000 - 0x00007fff1b53a000 	C:\WINDOWS\System32\RPCRT4.dll
0x00007fff1ba70000 - 0x00007fff1bc10000 	C:\WINDOWS\System32\USER32.dll
0x00007fff1a130000 - 0x00007fff1a152000 	C:\WINDOWS\System32\win32u.dll
0x00007fff1ba30000 - 0x00007fff1ba5a000 	C:\WINDOWS\System32\GDI32.dll
0x00007fff01750000 - 0x00007fff019ea000 	C:\WINDOWS\WinSxS\amd64_microsoft.windows.common-controls_6595b64144ccf1df_6.0.19041.1083_none_60bbe31371f34e71\COMCTL32.dll
0x00007fff1a210000 - 0x00007fff1a31b000 	C:\WINDOWS\System32\gdi32full.dll
0x00007fff1a3a0000 - 0x00007fff1a43d000 	C:\WINDOWS\System32\msvcp_win.dll
0x00007fff18eb0000 - 0x00007fff18eba000 	C:\WINDOWS\SYSTEM32\VERSION.dll
0x00007fff1aa60000 - 0x00007fff1aa90000 	C:\WINDOWS\System32\IMM32.DLL
0x00007fff01100000 - 0x00007fff011a4000 	C:\Program Files\McAfee\Endpoint Security\Threat Prevention\Ips\EpMPApi.dll
0x00007fff1aa00000 - 0x00007fff1aa60000 	C:\WINDOWS\System32\WINTRUST.dll
0x00007fff1a440000 - 0x00007fff1a59f000 	C:\WINDOWS\System32\CRYPT32.dll
0x00007fff19cd0000 - 0x00007fff19ce2000 	C:\WINDOWS\SYSTEM32\MSASN1.dll
0x0000000062860000 - 0x000000006286c000 	C:\Program Files\McAfee\Endpoint Security\Threat Prevention\Ips\EpMPThe.dll
0x00007ffedd5f0000 - 0x00007ffedd649000 	C:\Program Files\McAfee\Endpoint Security\Threat Prevention\Ips\HIPHandlers64.dll
0x00007fff1b3b0000 - 0x00007fff1b405000 	C:\WINDOWS\System32\SHLWAPI.dll
0x00007fff07f80000 - 0x00007fff08164000 	C:\WINDOWS\SYSTEM32\dbghelp.dll
0x00007fff02850000 - 0x00007fff028eb000 	C:\Program Files\Java\jdk-11.0.10\bin\msvcp140.dll
0x00007ffeb2650000 - 0x00007ffeb314b000 	C:\Program Files\Java\jdk-11.0.10\bin\server\jvm.dll
0x00007fff1ba60000 - 0x00007fff1ba68000 	C:\WINDOWS\System32\PSAPI.DLL
0x00007fff02ee0000 - 0x00007fff02ee9000 	C:\WINDOWS\SYSTEM32\WSOCK32.dll
0x00007ffef8360000 - 0x00007ffef8387000 	C:\WINDOWS\SYSTEM32\WINMM.dll
0x00007fff1bc10000 - 0x00007fff1bc7b000 	C:\WINDOWS\System32\WS2_32.dll
0x00007fff18930000 - 0x00007fff18942000 	C:\WINDOWS\SYSTEM32\kernel.appcore.dll
0x00007fff11d70000 - 0x00007fff11d80000 	C:\Program Files\Java\jdk-11.0.10\bin\verify.dll
0x00007ffef8cf0000 - 0x00007ffef8d1c000 	C:\WINDOWS\SYSTEM32\dbgcore.DLL
0x00007fff1a970000 - 0x00007fff1a9f3000 	C:\WINDOWS\System32\bcryptPrimitives.dll
0x00007fff12170000 - 0x00007fff12198000 	C:\Program Files\Java\jdk-11.0.10\bin\java.dll
0x00007fff07d20000 - 0x00007fff07d2a000 	C:\Program Files\Java\jdk-11.0.10\bin\jimage.dll
0x00007fff07d00000 - 0x00007fff07d16000 	C:\Program Files\Java\jdk-11.0.10\bin\zip.dll

dbghelp: loaded successfully - version: 4.0.5 - missing functions: none
symbol engine: initialized successfully - sym options: 0x614 - pdb path: .;C:\Program Files\Java\jdk-11.0.10\bin;C:\WINDOWS\SYSTEM32;C:\WINDOWS\WinSxS\amd64_microsoft.windows.common-controls_6595b64144ccf1df_6.0.19041.1083_none_60bbe31371f34e71;C:\Program Files\McAfee\Endpoint Security\Threat Prevention\Ips;C:\Program Files\Java\jdk-11.0.10\bin\server

VM Arguments:
jvm_args: -Dclassworlds.conf=C:\Program Files\NetBeans-12.0\netbeans\java\maven\bin\..\bin\m2.conf -Dmaven.home=C:\Program Files\NetBeans-12.0\netbeans\java\maven\bin\.. -Dlibrary.jansi.path=C:\Program Files\NetBeans-12.0\netbeans\java\maven\bin\..\lib\jansi-native -Dmaven.multiModuleProjectDirectory=C:\Users\Paul Ombio\Downloads\SSV Projects\odkdhis 
java_command: org.codehaus.plexus.classworlds.launcher.Launcher -Dexec.args=-classpath %classpath com.odkdhis.OdkdhisApplications -Dexec.executable=java -Dexec.classpathScope=runtime -Dmaven.ext.class.path=C:\Program Files\NetBeans-12.0\netbeans\java\maven-nblib\netbeans-eventspy.jar -Dfile.encoding=UTF-8 process-classes org.codehaus.mojo:exec-maven-plugin:1.5.0:exec
java_class_path (initial): C:\Program Files\NetBeans-12.0\netbeans\java\maven\bin\..\boot\plexus-classworlds-2.6.0.jar
Launcher Type: SUN_STANDARD

[Global flags]
     intx CICompilerCount                          = 3                                         {product} {ergonomic}
     uint ConcGCThreads                            = 1                                         {product} {ergonomic}
     uint G1ConcRefinementThreads                  = 4                                         {product} {ergonomic}
   size_t G1HeapRegionSize                         = 1048576                                   {product} {ergonomic}
    uintx GCDrainStackTargetSize                   = 64                                        {product} {ergonomic}
   size_t InitialHeapSize                          = 134217728                                 {product} {ergonomic}
   size_t MarkStackSize                            = 4194304                                   {product} {ergonomic}
   size_t MaxHeapSize                              = 2118123520                                {product} {ergonomic}
   size_t MinHeapDeltaBytes                        = 1048576                                   {product} {ergonomic}
    uintx NonNMethodCodeHeapSize                   = 5830732                                {pd product} {ergonomic}
    uintx NonProfiledCodeHeapSize                  = 122913754                              {pd product} {ergonomic}
    uintx ProfiledCodeHeapSize                     = 122913754                              {pd product} {ergonomic}
    uintx ReservedCodeCacheSize                    = 251658240                              {pd product} {ergonomic}
     bool SegmentedCodeCache                       = true                                      {product} {ergonomic}
     bool UseCompressedClassPointers               = true                                 {lp64_product} {ergonomic}
     bool UseCompressedOops                        = true                                 {lp64_product} {ergonomic}
     bool UseG1GC                                  = true                                      {product} {ergonomic}
     bool UseLargePagesIndividualAllocation        = false                                  {pd product} {ergonomic}

Logging:
Log output configuration:
 #0: stdout all=warning uptime,level,tags
 #1: stderr all=off uptime,level,tags

Environment Variables:
JAVA_HOME=C:\Program Files\Java\jdk-11.0.10
PATH=C:\Program Files\Common Files\Oracle\Java\javapath;C:\Program Files (x86)\Common Files\Oracle\Java\javapath;C:\ProgramData\Oracle\Java\javapath;C:\Program Files (x86)\Microsoft SDKs\Azure\CLI2\wbin;C:\Program Files\Intel\iCLS Client\;C:\WINDOWS\system32;C:\WINDOWS;C:\WINDOWS\System32\Wbem;C:\WINDOWS\System32\WindowsPowerShell\v1.0\;C:\Program Files\Microsoft SQL Server\120\Tools\Binn\;C:\Program Files\Microsoft SQL Server\Client SDK\ODBC\110\Tools\Binn\;C:\Program Files (x86)\Microsoft SQL Server\120\Tools\Binn\;C:\Program Files\Microsoft SQL Server\120\DTS\Binn\;C:\Program Files (x86)\Microsoft SQL Server\120\Tools\Binn\ManagementStudio\;C:\Program Files (x86)\Microsoft SQL Server\120\DTS\Binn\;C:\Program Files\Microsoft SQL Server\130\Tools\Binn\;C:\Program Files\dotnet\;C:\Program Files\MySQL\MySQL Utilities 1.6\;C:\WINDOWS\System32\OpenSSH\;C:\Program Files\nodejs\;C:\Program Files\Git\cmd;C:\Program Files (x86)\Intel\Intel(R) Management Engine Components\DAL;C:\Program Files\Intel\Intel(R) Management Engine Components\DAL;C:\Program Files\Intel\WiFi\bin\;C:\Program Files\Common Files\Intel\WirelessCommon\;C:\Program Files\PuTTY\;C:\Users\Paul Ombio\AppData\Local\Microsoft\WindowsApps;
USERNAME=Paul Ombio
OS=Windows_NT
PROCESSOR_IDENTIFIER=Intel64 Family 6 Model 78 Stepping 3, GenuineIntel



---------------  S Y S T E M  ---------------

OS: Windows 10 , 64 bit Build 19041 (10.0.19041.1023)

CPU:total 4 (initial active 4) (2 cores per cpu, 2 threads per core) family 6 model 78 stepping 3 microcode 0xd4, cmov, cx8, fxsr, mmx, sse, sse2, sse3, ssse3, sse4.1, sse4.2, popcnt, avx, avx2, aes, clmul, erms, rtm, 3dnowpref, lzcnt, ht, tsc, tscinvbit, bmi1, bmi2, adx, fma

Memory: 4k page, system-wide physical 8072M (1982M free)
TotalPageFile size 10508M (AvailPageFile size 34M)
current process WorkingSet (physical memory assigned to process): 11M, peak: 11M
current process commit charge ("private bytes"): 52M, peak: 180M

vm_info: Java HotSpot(TM) 64-Bit Server VM (11.0.10+8-LTS-162) for windows-amd64 JRE (11.0.10+8-LTS-162), built on Dec  8 2020 16:32:57 by "mach5one" with MS VC++ 15.9 (VS2017)

END.
