#
# There is insufficient memory for the Java Runtime Environment to continue.
# Native memory allocation (malloc) failed to allocate 447568 bytes for Chunk::new
# Possible reasons:
#   The system is out of physical RAM or swap space
#   The process is running with CompressedOops enabled, and the Java Heap may be blocking the growth of the native heap
# Possible solutions:
#   Reduce memory load on the system
#   Increase physical memory or swap space
#   Check if swap backing store is full
#   Decrease Java heap size (-Xmx/-Xms)
#   Decrease number of Java threads
#   Decrease Java thread stack sizes (-Xss)
#   Set larger code cache with -XX:ReservedCodeCacheSize=
#   JVM is running with Unscaled Compressed Oops mode in which the Java heap is
#     placed in the first 4GB address space. The Java Heap base address is the
#     maximum limit for the native heap growth. Please use -XX:HeapBaseMinAddress
#     to set the Java Heap base and to place the Java Heap above 4GB virtual address.
# This output file may be truncated or incomplete.
#
#  Out of Memory Error (./open/src/hotspot/share/memory/arena.cpp:197), pid=18392, tid=15864
#
# JRE version: Java(TM) SE Runtime Environment 18.9 (11.0.10+8) (build 11.0.10+8-LTS-162)
# Java VM: Java HotSpot(TM) 64-Bit Server VM 18.9 (11.0.10+8-LTS-162, mixed mode, tiered, compressed oops, g1 gc, windows-amd64)
# No core dump will be written. Minidumps are not enabled by default on client versions of Windows
#

---------------  S U M M A R Y ------------

Command Line: com.odkdhis.OdkdhisApplications

Host: Intel(R) Core(TM) i5-6300U CPU @ 2.40GHz, 4 cores, 7G,  Windows 10 , 64 bit Build 19041 (10.0.19041.1023)
Time: Wed Jul 14 21:59:08 2021 E. Africa Standard Time elapsed time: 5.915061 seconds (0d 0h 0m 5s)

---------------  T H R E A D  ---------------

Current thread (0x0000021d7fc77000):  JavaThread "C2 CompilerThread1" daemon [_thread_in_native, id=15864, stack(0x000000a545400000,0x000000a545500000)]


Current CompileTask:
C2:   5915 3241       4       org.springframework.core.ResolvableType::forType (115 bytes)

Stack: [0x000000a545400000,0x000000a545500000]
Native frames: (J=compiled Java code, j=interpreted, Vv=VM code, C=native code)
V  [jvm.dll+0x613e6a]
V  [jvm.dll+0x74c1ff]
V  [jvm.dll+0x74d885]
V  [jvm.dll+0x74df03]
V  [jvm.dll+0x243b78]
V  [jvm.dll+0xba2cc]
V  [jvm.dll+0xba9cc]
V  [jvm.dll+0x1fcbf7]
V  [jvm.dll+0x5aaff5]
V  [jvm.dll+0x5a9ece]
V  [jvm.dll+0x1fd237]
V  [jvm.dll+0x1fc54f]
V  [jvm.dll+0x17f09c]
V  [jvm.dll+0x20bbd4]
V  [jvm.dll+0x209cab]
V  [jvm.dll+0x713619]
V  [jvm.dll+0x70c314]
V  [jvm.dll+0x613036]
C  [ucrtbase.dll+0x21bb2]
C  [KERNEL32.DLL+0x17034]
C  [ntdll.dll+0x52651]


---------------  P R O C E S S  ---------------

Threads class SMR info:
_java_thread_list=0x0000021d16384540, length=11, elements={
0x0000021d739fe000, 0x0000021d7f267800, 0x0000021d7f268800, 0x0000021d7faa9800,
0x0000021d7faaa800, 0x0000021d7faac000, 0x0000021d7faaf800, 0x0000021d7fafe800,
0x0000021d7fc6b800, 0x0000021d7fc78000, 0x0000021d7fc77000
}

Java Threads: ( => current thread )
  0x0000021d739fe000 JavaThread "main" [_thread_in_vm, id=11396, stack(0x000000a544300000,0x000000a544400000)]
  0x0000021d7f267800 JavaThread "Reference Handler" daemon [_thread_blocked, id=11076, stack(0x000000a544a00000,0x000000a544b00000)]
  0x0000021d7f268800 JavaThread "Finalizer" daemon [_thread_blocked, id=19524, stack(0x000000a544b00000,0x000000a544c00000)]
  0x0000021d7faa9800 JavaThread "Signal Dispatcher" daemon [_thread_blocked, id=19688, stack(0x000000a544c00000,0x000000a544d00000)]
  0x0000021d7faaa800 JavaThread "Attach Listener" daemon [_thread_blocked, id=17456, stack(0x000000a544d00000,0x000000a544e00000)]
  0x0000021d7faac000 JavaThread "C2 CompilerThread0" daemon [_thread_in_native, id=5412, stack(0x000000a544e00000,0x000000a544f00000)]
  0x0000021d7faaf800 JavaThread "C1 CompilerThread0" daemon [_thread_in_native, id=19500, stack(0x000000a544f00000,0x000000a545000000)]
  0x0000021d7fafe800 JavaThread "Sweeper thread" daemon [_thread_blocked, id=15448, stack(0x000000a545000000,0x000000a545100000)]
  0x0000021d7fc6b800 JavaThread "Service Thread" daemon [_thread_blocked, id=17716, stack(0x000000a545100000,0x000000a545200000)]
  0x0000021d7fc78000 JavaThread "Common-Cleaner" daemon [_thread_blocked, id=18092, stack(0x000000a545300000,0x000000a545400000)]
=>0x0000021d7fc77000 JavaThread "C2 CompilerThread1" daemon [_thread_in_native, id=15864, stack(0x000000a545400000,0x000000a545500000)]

Other Threads:
  0x0000021d7f28d800 VMThread "VM Thread" [stack: 0x000000a544900000,0x000000a544a00000] [id=21284]
  0x0000021d7fc74000 WatcherThread [stack: 0x000000a545200000,0x000000a545300000] [id=19356]
  0x0000021d73a15800 GCTaskThread "GC Thread#0" [stack: 0x000000a544400000,0x000000a544500000] [id=6624]
  0x0000021d15580800 GCTaskThread "GC Thread#1" [stack: 0x000000a545500000,0x000000a545600000] [id=15112]
  0x0000021d150be800 GCTaskThread "GC Thread#2" [stack: 0x000000a545600000,0x000000a545700000] [id=16116]
  0x0000021d15be0800 GCTaskThread "GC Thread#3" [stack: 0x000000a545800000,0x000000a545900000] [id=12388]
  0x0000021d73a45000 ConcurrentGCThread "G1 Main Marker" [stack: 0x000000a544500000,0x000000a544600000] [id=20688]
  0x0000021d73a47000 ConcurrentGCThread "G1 Conc#0" [stack: 0x000000a544600000,0x000000a544700000] [id=20212]
  0x0000021d73a9d800 ConcurrentGCThread "G1 Refine#0" [stack: 0x000000a544700000,0x000000a544800000] [id=14116]
  0x0000021d7f0cf800 ConcurrentGCThread "G1 Young RemSet Sampling" [stack: 0x000000a544800000,0x000000a544900000] [id=4656]

Threads with active compile tasks:
C2 CompilerThread0   5981 3074   !   4       jdk.internal.loader.BuiltinClassLoader::loadClassOrNull (143 bytes)
C1 CompilerThread0   5981 3310       3       java.lang.invoke.AbstractValidatingLambdaMetafactory::<init> (474 bytes)
C2 CompilerThread1   5981 3241       4       org.springframework.core.ResolvableType::forType (115 bytes)

VM state:not at safepoint (normal execution)

VM Mutex/Monitor currently owned by a thread: None

Heap address: 0x0000000081c00000, size: 2020 MB, Compressed Oops mode: 32-bit
Narrow klass base: 0x0000000000000000, Narrow klass shift: 3
Compressed class space size: 1073741824 Address: 0x0000000100000000

Heap:
 garbage-first heap   total 172032K, used 81493K [0x0000000081c00000, 0x0000000100000000)
  region size 1024K, 73 young (74752K), 5 survivors (5120K)
 Metaspace       used 32311K, capacity 33160K, committed 33276K, reserved 1079296K
  class space    used 3705K, capacity 4059K, committed 4172K, reserved 1048576K
Heap Regions: E=young(eden), S=young(survivor), O=old, HS=humongous(starts), HC=humongous(continues), CS=collection set, F=free, A=archive, TAMS=top-at-mark-start (previous, next)
|   0|0x0000000081c00000, 0x0000000081d00000, 0x0000000081d00000|100%|HS|  |TAMS 0x0000000081d00000, 0x0000000081c00000| Complete 
|   1|0x0000000081d00000, 0x0000000081e00000, 0x0000000081e00000|100%|HS|  |TAMS 0x0000000081e00000, 0x0000000081d00000| Complete 
|   2|0x0000000081e00000, 0x0000000081f00000, 0x0000000081f00000|100%| O|  |TAMS 0x0000000081f00000, 0x0000000081e00000| Untracked 
|   3|0x0000000081f00000, 0x0000000082000000, 0x0000000082000000|100%| O|  |TAMS 0x0000000082000000, 0x0000000081f00000| Untracked 
|   4|0x0000000082000000, 0x0000000082100000, 0x0000000082100000|100%| O|  |TAMS 0x0000000082100000, 0x0000000082000000| Untracked 
|   5|0x0000000082100000, 0x0000000082200000, 0x0000000082200000|100%| O|  |TAMS 0x0000000082200000, 0x0000000082100000| Untracked 
|   6|0x0000000082200000, 0x0000000082300000, 0x0000000082300000|100%| O|  |TAMS 0x0000000082300000, 0x0000000082200000| Untracked 
|   7|0x0000000082300000, 0x0000000082400000, 0x0000000082400000|100%| O|  |TAMS 0x0000000082400000, 0x0000000082300000| Untracked 
|   8|0x0000000082400000, 0x0000000082400000, 0x0000000082500000|  0%| F|  |TAMS 0x0000000082400000, 0x0000000082400000| Untracked 
|   9|0x0000000082500000, 0x0000000082500000, 0x0000000082600000|  0%| F|  |TAMS 0x0000000082500000, 0x0000000082500000| Untracked 
|  10|0x0000000082600000, 0x0000000082600000, 0x0000000082700000|  0%| F|  |TAMS 0x0000000082600000, 0x0000000082600000| Untracked 
|  11|0x0000000082700000, 0x0000000082700000, 0x0000000082800000|  0%| F|  |TAMS 0x0000000082700000, 0x0000000082700000| Untracked 
|  12|0x0000000082800000, 0x0000000082800000, 0x0000000082900000|  0%| F|  |TAMS 0x0000000082800000, 0x0000000082800000| Untracked 
|  13|0x0000000082900000, 0x0000000082900000, 0x0000000082a00000|  0%| F|  |TAMS 0x0000000082900000, 0x0000000082900000| Untracked 
|  14|0x0000000082a00000, 0x0000000082a00000, 0x0000000082b00000|  0%| F|  |TAMS 0x0000000082a00000, 0x0000000082a00000| Untracked 
|  15|0x0000000082b00000, 0x0000000082b00000, 0x0000000082c00000|  0%| F|  |TAMS 0x0000000082b00000, 0x0000000082b00000| Untracked 
|  16|0x0000000082c00000, 0x0000000082c00000, 0x0000000082d00000|  0%| F|  |TAMS 0x0000000082c00000, 0x0000000082c00000| Untracked 
|  17|0x0000000082d00000, 0x0000000082d00000, 0x0000000082e00000|  0%| F|  |TAMS 0x0000000082d00000, 0x0000000082d00000| Untracked 
|  18|0x0000000082e00000, 0x0000000082e00000, 0x0000000082f00000|  0%| F|  |TAMS 0x0000000082e00000, 0x0000000082e00000| Untracked 
|  19|0x0000000082f00000, 0x0000000082f00000, 0x0000000083000000|  0%| F|  |TAMS 0x0000000082f00000, 0x0000000082f00000| Untracked 
|  20|0x0000000083000000, 0x0000000083000000, 0x0000000083100000|  0%| F|  |TAMS 0x0000000083000000, 0x0000000083000000| Untracked 
|  21|0x0000000083100000, 0x0000000083100000, 0x0000000083200000|  0%| F|  |TAMS 0x0000000083100000, 0x0000000083100000| Untracked 
|  22|0x0000000083200000, 0x0000000083200000, 0x0000000083300000|  0%| F|  |TAMS 0x0000000083200000, 0x0000000083200000| Untracked 
|  23|0x0000000083300000, 0x0000000083300000, 0x0000000083400000|  0%| F|  |TAMS 0x0000000083300000, 0x0000000083300000| Untracked 
|  24|0x0000000083400000, 0x0000000083400000, 0x0000000083500000|  0%| F|  |TAMS 0x0000000083400000, 0x0000000083400000| Untracked 
|  25|0x0000000083500000, 0x0000000083500000, 0x0000000083600000|  0%| F|  |TAMS 0x0000000083500000, 0x0000000083500000| Untracked 
|  26|0x0000000083600000, 0x0000000083600000, 0x0000000083700000|  0%| F|  |TAMS 0x0000000083600000, 0x0000000083600000| Untracked 
|  27|0x0000000083700000, 0x0000000083700000, 0x0000000083800000|  0%| F|  |TAMS 0x0000000083700000, 0x0000000083700000| Untracked 
|  28|0x0000000083800000, 0x0000000083800000, 0x0000000083900000|  0%| F|  |TAMS 0x0000000083800000, 0x0000000083800000| Untracked 
|  29|0x0000000083900000, 0x0000000083900000, 0x0000000083a00000|  0%| F|  |TAMS 0x0000000083900000, 0x0000000083900000| Untracked 
|  30|0x0000000083a00000, 0x0000000083a00000, 0x0000000083b00000|  0%| F|  |TAMS 0x0000000083a00000, 0x0000000083a00000| Untracked 
|  31|0x0000000083b00000, 0x0000000083b00000, 0x0000000083c00000|  0%| F|  |TAMS 0x0000000083b00000, 0x0000000083b00000| Untracked 
|  32|0x0000000083c00000, 0x0000000083c00000, 0x0000000083d00000|  0%| F|  |TAMS 0x0000000083c00000, 0x0000000083c00000| Untracked 
|  33|0x0000000083d00000, 0x0000000083d00000, 0x0000000083e00000|  0%| F|  |TAMS 0x0000000083d00000, 0x0000000083d00000| Untracked 
|  34|0x0000000083e00000, 0x0000000083e00000, 0x0000000083f00000|  0%| F|  |TAMS 0x0000000083e00000, 0x0000000083e00000| Untracked 
|  35|0x0000000083f00000, 0x0000000083f00000, 0x0000000084000000|  0%| F|  |TAMS 0x0000000083f00000, 0x0000000083f00000| Untracked 
|  36|0x0000000084000000, 0x0000000084000000, 0x0000000084100000|  0%| F|  |TAMS 0x0000000084000000, 0x0000000084000000| Untracked 
|  37|0x0000000084100000, 0x0000000084100000, 0x0000000084200000|  0%| F|  |TAMS 0x0000000084100000, 0x0000000084100000| Untracked 
|  38|0x0000000084200000, 0x0000000084200000, 0x0000000084300000|  0%| F|  |TAMS 0x0000000084200000, 0x0000000084200000| Untracked 
|  39|0x0000000084300000, 0x0000000084300000, 0x0000000084400000|  0%| F|  |TAMS 0x0000000084300000, 0x0000000084300000| Untracked 
|  40|0x0000000084400000, 0x0000000084400000, 0x0000000084500000|  0%| F|  |TAMS 0x0000000084400000, 0x0000000084400000| Untracked 
|  41|0x0000000084500000, 0x0000000084500000, 0x0000000084600000|  0%| F|  |TAMS 0x0000000084500000, 0x0000000084500000| Untracked 
|  42|0x0000000084600000, 0x0000000084600000, 0x0000000084700000|  0%| F|  |TAMS 0x0000000084600000, 0x0000000084600000| Untracked 
|  43|0x0000000084700000, 0x0000000084700000, 0x0000000084800000|  0%| F|  |TAMS 0x0000000084700000, 0x0000000084700000| Untracked 
|  44|0x0000000084800000, 0x0000000084800000, 0x0000000084900000|  0%| F|  |TAMS 0x0000000084800000, 0x0000000084800000| Untracked 
|  45|0x0000000084900000, 0x0000000084900000, 0x0000000084a00000|  0%| F|  |TAMS 0x0000000084900000, 0x0000000084900000| Untracked 
|  46|0x0000000084a00000, 0x0000000084a00000, 0x0000000084b00000|  0%| F|  |TAMS 0x0000000084a00000, 0x0000000084a00000| Untracked 
|  47|0x0000000084b00000, 0x0000000084b00000, 0x0000000084c00000|  0%| F|  |TAMS 0x0000000084b00000, 0x0000000084b00000| Untracked 
|  48|0x0000000084c00000, 0x0000000084c95550, 0x0000000084d00000| 58%| S|CS|TAMS 0x0000000084c00000, 0x0000000084c00000| Complete 
|  49|0x0000000084d00000, 0x0000000084e00000, 0x0000000084e00000|100%| S|CS|TAMS 0x0000000084d00000, 0x0000000084d00000| Complete 
|  50|0x0000000084e00000, 0x0000000084f00000, 0x0000000084f00000|100%| S|CS|TAMS 0x0000000084e00000, 0x0000000084e00000| Complete 
|  51|0x0000000084f00000, 0x0000000085000000, 0x0000000085000000|100%| S|CS|TAMS 0x0000000084f00000, 0x0000000084f00000| Complete 
|  52|0x0000000085000000, 0x0000000085100000, 0x0000000085100000|100%| S|CS|TAMS 0x0000000085000000, 0x0000000085000000| Complete 
|  53|0x0000000085100000, 0x0000000085100000, 0x0000000085200000|  0%| F|  |TAMS 0x0000000085100000, 0x0000000085100000| Untracked 
|  54|0x0000000085200000, 0x0000000085200000, 0x0000000085300000|  0%| F|  |TAMS 0x0000000085200000, 0x0000000085200000| Untracked 
|  55|0x0000000085300000, 0x0000000085300000, 0x0000000085400000|  0%| F|  |TAMS 0x0000000085300000, 0x0000000085300000| Untracked 
|  56|0x0000000085400000, 0x0000000085400000, 0x0000000085500000|  0%| F|  |TAMS 0x0000000085400000, 0x0000000085400000| Untracked 
|  57|0x0000000085500000, 0x0000000085500000, 0x0000000085600000|  0%| F|  |TAMS 0x0000000085500000, 0x0000000085500000| Untracked 
|  58|0x0000000085600000, 0x0000000085600000, 0x0000000085700000|  0%| F|  |TAMS 0x0000000085600000, 0x0000000085600000| Untracked 
|  59|0x0000000085700000, 0x0000000085700000, 0x0000000085800000|  0%| F|  |TAMS 0x0000000085700000, 0x0000000085700000| Untracked 
|  60|0x0000000085800000, 0x0000000085800000, 0x0000000085900000|  0%| F|  |TAMS 0x0000000085800000, 0x0000000085800000| Untracked 
|  61|0x0000000085900000, 0x0000000085900000, 0x0000000085a00000|  0%| F|  |TAMS 0x0000000085900000, 0x0000000085900000| Untracked 
|  62|0x0000000085a00000, 0x0000000085a00000, 0x0000000085b00000|  0%| F|  |TAMS 0x0000000085a00000, 0x0000000085a00000| Untracked 
|  63|0x0000000085b00000, 0x0000000085b00000, 0x0000000085c00000|  0%| F|  |TAMS 0x0000000085b00000, 0x0000000085b00000| Untracked 
|  64|0x0000000085c00000, 0x0000000085c00000, 0x0000000085d00000|  0%| F|  |TAMS 0x0000000085c00000, 0x0000000085c00000| Untracked 
|  65|0x0000000085d00000, 0x0000000085d00000, 0x0000000085e00000|  0%| F|  |TAMS 0x0000000085d00000, 0x0000000085d00000| Untracked 
|  66|0x0000000085e00000, 0x0000000085e00000, 0x0000000085f00000|  0%| F|  |TAMS 0x0000000085e00000, 0x0000000085e00000| Untracked 
|  67|0x0000000085f00000, 0x0000000085f00000, 0x0000000086000000|  0%| F|  |TAMS 0x0000000085f00000, 0x0000000085f00000| Untracked 
|  68|0x0000000086000000, 0x0000000086000000, 0x0000000086100000|  0%| F|  |TAMS 0x0000000086000000, 0x0000000086000000| Untracked 
|  69|0x0000000086100000, 0x0000000086100000, 0x0000000086200000|  0%| F|  |TAMS 0x0000000086100000, 0x0000000086100000| Untracked 
|  70|0x0000000086200000, 0x0000000086200000, 0x0000000086300000|  0%| F|  |TAMS 0x0000000086200000, 0x0000000086200000| Untracked 
|  71|0x0000000086300000, 0x0000000086300000, 0x0000000086400000|  0%| F|  |TAMS 0x0000000086300000, 0x0000000086300000| Untracked 
|  72|0x0000000086400000, 0x0000000086400000, 0x0000000086500000|  0%| F|  |TAMS 0x0000000086400000, 0x0000000086400000| Untracked 
|  73|0x0000000086500000, 0x0000000086500000, 0x0000000086600000|  0%| F|  |TAMS 0x0000000086500000, 0x0000000086500000| Untracked 
|  74|0x0000000086600000, 0x0000000086600000, 0x0000000086700000|  0%| F|  |TAMS 0x0000000086600000, 0x0000000086600000| Untracked 
|  75|0x0000000086700000, 0x0000000086700000, 0x0000000086800000|  0%| F|  |TAMS 0x0000000086700000, 0x0000000086700000| Untracked 
|  76|0x0000000086800000, 0x0000000086800000, 0x0000000086900000|  0%| F|  |TAMS 0x0000000086800000, 0x0000000086800000| Untracked 
|  77|0x0000000086900000, 0x0000000086900000, 0x0000000086a00000|  0%| F|  |TAMS 0x0000000086900000, 0x0000000086900000| Untracked 
|  78|0x0000000086a00000, 0x0000000086a00000, 0x0000000086b00000|  0%| F|  |TAMS 0x0000000086a00000, 0x0000000086a00000| Untracked 
|  79|0x0000000086b00000, 0x0000000086b00000, 0x0000000086c00000|  0%| F|  |TAMS 0x0000000086b00000, 0x0000000086b00000| Untracked 
|  80|0x0000000086c00000, 0x0000000086c00000, 0x0000000086d00000|  0%| F|  |TAMS 0x0000000086c00000, 0x0000000086c00000| Untracked 
|  81|0x0000000086d00000, 0x0000000086d00000, 0x0000000086e00000|  0%| F|  |TAMS 0x0000000086d00000, 0x0000000086d00000| Untracked 
|  82|0x0000000086e00000, 0x0000000086e00000, 0x0000000086f00000|  0%| F|  |TAMS 0x0000000086e00000, 0x0000000086e00000| Untracked 
|  83|0x0000000086f00000, 0x0000000086f00000, 0x0000000087000000|  0%| F|  |TAMS 0x0000000086f00000, 0x0000000086f00000| Untracked 
|  84|0x0000000087000000, 0x0000000087000000, 0x0000000087100000|  0%| F|  |TAMS 0x0000000087000000, 0x0000000087000000| Untracked 
|  85|0x0000000087100000, 0x0000000087100000, 0x0000000087200000|  0%| F|  |TAMS 0x0000000087100000, 0x0000000087100000| Untracked 
|  86|0x0000000087200000, 0x0000000087200000, 0x0000000087300000|  0%| F|  |TAMS 0x0000000087200000, 0x0000000087200000| Untracked 
|  87|0x0000000087300000, 0x0000000087300000, 0x0000000087400000|  0%| F|  |TAMS 0x0000000087300000, 0x0000000087300000| Untracked 
|  88|0x0000000087400000, 0x0000000087400000, 0x0000000087500000|  0%| F|  |TAMS 0x0000000087400000, 0x0000000087400000| Untracked 
|  89|0x0000000087500000, 0x0000000087500000, 0x0000000087600000|  0%| F|  |TAMS 0x0000000087500000, 0x0000000087500000| Untracked 
|  90|0x0000000087600000, 0x0000000087600000, 0x0000000087700000|  0%| F|  |TAMS 0x0000000087600000, 0x0000000087600000| Untracked 
|  91|0x0000000087700000, 0x0000000087700000, 0x0000000087800000|  0%| F|  |TAMS 0x0000000087700000, 0x0000000087700000| Untracked 
|  92|0x0000000087800000, 0x0000000087800000, 0x0000000087900000|  0%| F|  |TAMS 0x0000000087800000, 0x0000000087800000| Untracked 
|  93|0x0000000087900000, 0x0000000087900000, 0x0000000087a00000|  0%| F|  |TAMS 0x0000000087900000, 0x0000000087900000| Untracked 
|  94|0x0000000087a00000, 0x0000000087a00000, 0x0000000087b00000|  0%| F|  |TAMS 0x0000000087a00000, 0x0000000087a00000| Untracked 
|  95|0x0000000087b00000, 0x0000000087b00000, 0x0000000087c00000|  0%| F|  |TAMS 0x0000000087b00000, 0x0000000087b00000| Untracked 
|  96|0x0000000087c00000, 0x0000000087c00000, 0x0000000087d00000|  0%| F|  |TAMS 0x0000000087c00000, 0x0000000087c00000| Untracked 
|  97|0x0000000087d00000, 0x0000000087d00000, 0x0000000087e00000|  0%| F|  |TAMS 0x0000000087d00000, 0x0000000087d00000| Untracked 
|  98|0x0000000087e00000, 0x0000000087e00000, 0x0000000087f00000|  0%| F|  |TAMS 0x0000000087e00000, 0x0000000087e00000| Untracked 
|  99|0x0000000087f00000, 0x0000000087f00000, 0x0000000088000000|  0%| F|  |TAMS 0x0000000087f00000, 0x0000000087f00000| Untracked 
| 100|0x0000000088000000, 0x0000000088080800, 0x0000000088100000| 50%| E|  |TAMS 0x0000000088000000, 0x0000000088000000| Complete 
| 101|0x0000000088100000, 0x0000000088200000, 0x0000000088200000|100%| E|CS|TAMS 0x0000000088100000, 0x0000000088100000| Complete 
| 102|0x0000000088200000, 0x0000000088300000, 0x0000000088300000|100%| E|CS|TAMS 0x0000000088200000, 0x0000000088200000| Complete 
| 103|0x0000000088300000, 0x0000000088400000, 0x0000000088400000|100%| E|CS|TAMS 0x0000000088300000, 0x0000000088300000| Complete 
| 104|0x0000000088400000, 0x0000000088500000, 0x0000000088500000|100%| E|CS|TAMS 0x0000000088400000, 0x0000000088400000| Complete 
| 105|0x0000000088500000, 0x0000000088600000, 0x0000000088600000|100%| E|CS|TAMS 0x0000000088500000, 0x0000000088500000| Complete 
| 106|0x0000000088600000, 0x0000000088700000, 0x0000000088700000|100%| E|CS|TAMS 0x0000000088600000, 0x0000000088600000| Complete 
| 107|0x0000000088700000, 0x0000000088800000, 0x0000000088800000|100%| E|CS|TAMS 0x0000000088700000, 0x0000000088700000| Complete 
| 108|0x0000000088800000, 0x0000000088900000, 0x0000000088900000|100%| E|CS|TAMS 0x0000000088800000, 0x0000000088800000| Complete 
| 109|0x0000000088900000, 0x0000000088a00000, 0x0000000088a00000|100%| E|CS|TAMS 0x0000000088900000, 0x0000000088900000| Complete 
| 110|0x0000000088a00000, 0x0000000088b00000, 0x0000000088b00000|100%| E|CS|TAMS 0x0000000088a00000, 0x0000000088a00000| Complete 
| 111|0x0000000088b00000, 0x0000000088c00000, 0x0000000088c00000|100%| E|CS|TAMS 0x0000000088b00000, 0x0000000088b00000| Complete 
| 112|0x0000000088c00000, 0x0000000088d00000, 0x0000000088d00000|100%| E|CS|TAMS 0x0000000088c00000, 0x0000000088c00000| Complete 
| 113|0x0000000088d00000, 0x0000000088e00000, 0x0000000088e00000|100%| E|CS|TAMS 0x0000000088d00000, 0x0000000088d00000| Complete 
| 114|0x0000000088e00000, 0x0000000088f00000, 0x0000000088f00000|100%| E|CS|TAMS 0x0000000088e00000, 0x0000000088e00000| Complete 
| 115|0x0000000088f00000, 0x0000000089000000, 0x0000000089000000|100%| E|CS|TAMS 0x0000000088f00000, 0x0000000088f00000| Complete 
| 116|0x0000000089000000, 0x0000000089100000, 0x0000000089100000|100%| E|CS|TAMS 0x0000000089000000, 0x0000000089000000| Complete 
| 117|0x0000000089100000, 0x0000000089200000, 0x0000000089200000|100%| E|CS|TAMS 0x0000000089100000, 0x0000000089100000| Complete 
| 118|0x0000000089200000, 0x0000000089300000, 0x0000000089300000|100%| E|CS|TAMS 0x0000000089200000, 0x0000000089200000| Complete 
| 119|0x0000000089300000, 0x0000000089400000, 0x0000000089400000|100%| E|CS|TAMS 0x0000000089300000, 0x0000000089300000| Complete 
| 120|0x0000000089400000, 0x0000000089500000, 0x0000000089500000|100%| E|CS|TAMS 0x0000000089400000, 0x0000000089400000| Complete 
| 121|0x0000000089500000, 0x0000000089600000, 0x0000000089600000|100%| E|CS|TAMS 0x0000000089500000, 0x0000000089500000| Complete 
| 122|0x0000000089600000, 0x0000000089700000, 0x0000000089700000|100%| E|CS|TAMS 0x0000000089600000, 0x0000000089600000| Complete 
| 123|0x0000000089700000, 0x0000000089800000, 0x0000000089800000|100%| E|CS|TAMS 0x0000000089700000, 0x0000000089700000| Complete 
| 124|0x0000000089800000, 0x0000000089900000, 0x0000000089900000|100%| E|CS|TAMS 0x0000000089800000, 0x0000000089800000| Complete 
| 125|0x0000000089900000, 0x0000000089a00000, 0x0000000089a00000|100%| E|CS|TAMS 0x0000000089900000, 0x0000000089900000| Complete 
| 126|0x0000000089a00000, 0x0000000089b00000, 0x0000000089b00000|100%| E|CS|TAMS 0x0000000089a00000, 0x0000000089a00000| Complete 
| 127|0x0000000089b00000, 0x0000000089c00000, 0x0000000089c00000|100%| E|CS|TAMS 0x0000000089b00000, 0x0000000089b00000| Complete 
| 128|0x0000000089c00000, 0x0000000089d00000, 0x0000000089d00000|100%| E|CS|TAMS 0x0000000089c00000, 0x0000000089c00000| Complete 
| 129|0x0000000089d00000, 0x0000000089e00000, 0x0000000089e00000|100%| E|CS|TAMS 0x0000000089d00000, 0x0000000089d00000| Complete 
| 130|0x0000000089e00000, 0x0000000089f00000, 0x0000000089f00000|100%| E|CS|TAMS 0x0000000089e00000, 0x0000000089e00000| Complete 
| 131|0x0000000089f00000, 0x000000008a000000, 0x000000008a000000|100%| E|CS|TAMS 0x0000000089f00000, 0x0000000089f00000| Complete 
| 132|0x000000008a000000, 0x000000008a100000, 0x000000008a100000|100%| E|CS|TAMS 0x000000008a000000, 0x000000008a000000| Complete 
| 133|0x000000008a100000, 0x000000008a200000, 0x000000008a200000|100%| E|CS|TAMS 0x000000008a100000, 0x000000008a100000| Complete 
| 134|0x000000008a200000, 0x000000008a300000, 0x000000008a300000|100%| E|CS|TAMS 0x000000008a200000, 0x000000008a200000| Complete 
| 135|0x000000008a300000, 0x000000008a400000, 0x000000008a400000|100%| E|CS|TAMS 0x000000008a300000, 0x000000008a300000| Complete 
| 136|0x000000008a400000, 0x000000008a500000, 0x000000008a500000|100%| E|CS|TAMS 0x000000008a400000, 0x000000008a400000| Complete 
| 137|0x000000008a500000, 0x000000008a600000, 0x000000008a600000|100%| E|CS|TAMS 0x000000008a500000, 0x000000008a500000| Complete 
| 138|0x000000008a600000, 0x000000008a700000, 0x000000008a700000|100%| E|CS|TAMS 0x000000008a600000, 0x000000008a600000| Complete 
| 139|0x000000008a700000, 0x000000008a800000, 0x000000008a800000|100%| E|CS|TAMS 0x000000008a700000, 0x000000008a700000| Complete 
| 140|0x000000008a800000, 0x000000008a900000, 0x000000008a900000|100%| E|CS|TAMS 0x000000008a800000, 0x000000008a800000| Complete 
| 141|0x000000008a900000, 0x000000008aa00000, 0x000000008aa00000|100%| E|CS|TAMS 0x000000008a900000, 0x000000008a900000| Complete 
| 142|0x000000008aa00000, 0x000000008ab00000, 0x000000008ab00000|100%| E|CS|TAMS 0x000000008aa00000, 0x000000008aa00000| Complete 
| 143|0x000000008ab00000, 0x000000008ac00000, 0x000000008ac00000|100%| E|CS|TAMS 0x000000008ab00000, 0x000000008ab00000| Complete 
| 144|0x000000008ac00000, 0x000000008ad00000, 0x000000008ad00000|100%| E|CS|TAMS 0x000000008ac00000, 0x000000008ac00000| Complete 
| 145|0x000000008ad00000, 0x000000008ae00000, 0x000000008ae00000|100%| E|CS|TAMS 0x000000008ad00000, 0x000000008ad00000| Complete 
| 146|0x000000008ae00000, 0x000000008af00000, 0x000000008af00000|100%| E|CS|TAMS 0x000000008ae00000, 0x000000008ae00000| Complete 
| 147|0x000000008af00000, 0x000000008b000000, 0x000000008b000000|100%| E|CS|TAMS 0x000000008af00000, 0x000000008af00000| Complete 
| 148|0x000000008b000000, 0x000000008b100000, 0x000000008b100000|100%| E|CS|TAMS 0x000000008b000000, 0x000000008b000000| Complete 
| 149|0x000000008b100000, 0x000000008b200000, 0x000000008b200000|100%| E|CS|TAMS 0x000000008b100000, 0x000000008b100000| Complete 
| 150|0x000000008b200000, 0x000000008b300000, 0x000000008b300000|100%| E|CS|TAMS 0x000000008b200000, 0x000000008b200000| Complete 
| 151|0x000000008b300000, 0x000000008b400000, 0x000000008b400000|100%| E|CS|TAMS 0x000000008b300000, 0x000000008b300000| Complete 
| 152|0x000000008b400000, 0x000000008b500000, 0x000000008b500000|100%| E|CS|TAMS 0x000000008b400000, 0x000000008b400000| Complete 
| 153|0x000000008b500000, 0x000000008b600000, 0x000000008b600000|100%| E|CS|TAMS 0x000000008b500000, 0x000000008b500000| Complete 
| 154|0x000000008b600000, 0x000000008b700000, 0x000000008b700000|100%| E|CS|TAMS 0x000000008b600000, 0x000000008b600000| Complete 
| 155|0x000000008b700000, 0x000000008b800000, 0x000000008b800000|100%| E|CS|TAMS 0x000000008b700000, 0x000000008b700000| Complete 
| 156|0x000000008b800000, 0x000000008b900000, 0x000000008b900000|100%| E|CS|TAMS 0x000000008b800000, 0x000000008b800000| Complete 
| 157|0x000000008b900000, 0x000000008ba00000, 0x000000008ba00000|100%| E|CS|TAMS 0x000000008b900000, 0x000000008b900000| Complete 
| 158|0x000000008ba00000, 0x000000008bb00000, 0x000000008bb00000|100%| E|CS|TAMS 0x000000008ba00000, 0x000000008ba00000| Complete 
| 159|0x000000008bb00000, 0x000000008bc00000, 0x000000008bc00000|100%| E|CS|TAMS 0x000000008bb00000, 0x000000008bb00000| Complete 
| 160|0x000000008bc00000, 0x000000008bd00000, 0x000000008bd00000|100%| E|CS|TAMS 0x000000008bc00000, 0x000000008bc00000| Complete 
| 161|0x000000008bd00000, 0x000000008be00000, 0x000000008be00000|100%| E|CS|TAMS 0x000000008bd00000, 0x000000008bd00000| Complete 
| 162|0x000000008be00000, 0x000000008bf00000, 0x000000008bf00000|100%| E|CS|TAMS 0x000000008be00000, 0x000000008be00000| Complete 
| 163|0x000000008bf00000, 0x000000008c000000, 0x000000008c000000|100%| E|CS|TAMS 0x000000008bf00000, 0x000000008bf00000| Complete 
| 164|0x000000008c000000, 0x000000008c100000, 0x000000008c100000|100%| E|CS|TAMS 0x000000008c000000, 0x000000008c000000| Complete 
| 165|0x000000008c100000, 0x000000008c200000, 0x000000008c200000|100%| E|CS|TAMS 0x000000008c100000, 0x000000008c100000| Complete 
| 166|0x000000008c200000, 0x000000008c300000, 0x000000008c300000|100%| E|CS|TAMS 0x000000008c200000, 0x000000008c200000| Complete 
| 167|0x000000008c300000, 0x000000008c400000, 0x000000008c400000|100%| E|CS|TAMS 0x000000008c300000, 0x000000008c300000| Complete 

Card table byte_map: [0x0000021d7e440000,0x0000021d7e840000] _byte_map_base: 0x0000021d7e032000

Marking Bits (Prev, Next): (CMBitMap*) 0x0000021d73a3c1b0, (CMBitMap*) 0x0000021d73a3c178
 Prev Bits: [0x0000021d10f90000, 0x0000021d12f20000)
 Next Bits: [0x0000021d0f000000, 0x0000021d10f90000)

Polling page: 0x0000021d73880000

Metaspace:

Usage:
  Non-class:     28.42 MB capacity,    27.94 MB ( 98%) used,   402.52 KB (  1%) free+waste,    91.94 KB ( <1%) overhead. 
      Class:      3.96 MB capacity,     3.62 MB ( 91%) used,   310.76 KB (  8%) free+waste,    43.00 KB (  1%) overhead. 
       Both:     32.38 MB capacity,    31.55 MB ( 97%) used,   713.28 KB (  2%) free+waste,   134.94 KB ( <1%) overhead. 

Virtual space:
  Non-class space:       30.00 MB reserved,      28.42 MB ( 95%) committed 
      Class space:        1.00 GB reserved,       4.07 MB ( <1%) committed 
             Both:        1.03 GB reserved,      32.50 MB (  3%) committed 

Chunk freelists:
   Non-Class:  384 bytes
       Class:  0 bytes
        Both:  384 bytes

CodeHeap 'non-profiled nmethods': size=120064Kb used=1501Kb max_used=1501Kb free=118562Kb
 bounds [0x0000021d07ac0000, 0x0000021d07d30000, 0x0000021d0f000000]
CodeHeap 'profiled nmethods': size=120000Kb used=7310Kb max_used=7310Kb free=112689Kb
 bounds [0x0000021d00590000, 0x0000021d00cc0000, 0x0000021d07ac0000]
CodeHeap 'non-nmethods': size=5696Kb used=1125Kb max_used=1170Kb free=4570Kb
 bounds [0x0000021d00000000, 0x0000021d00270000, 0x0000021d00590000]
 total_blobs=3748 nmethods=3299 adapters=360
 compilation: enabled
              stopped_count=0, restarted_count=0
 full_count=0

Compilation events (10 events):
Event: 5.901 Thread 0x0000021d7faaf800 nmethod 3302 0x0000021d00caf890 code [0x0000021d00cafba0, 0x0000021d00cb0fa8]
Event: 5.906 Thread 0x0000021d7faaf800 3303       3       java.lang.invoke.MemberName::equals (69 bytes)
Event: 5.908 Thread 0x0000021d7faaf800 nmethod 3303 0x0000021d00cb1810 code [0x0000021d00cb1aa0, 0x0000021d00cb2798]
Event: 5.909 Thread 0x0000021d7faaf800 3304       3       jdk.internal.org.objectweb.asm.FieldVisitor::<init> (35 bytes)
Event: 5.909 Thread 0x0000021d7faaf800 nmethod 3304 0x0000021d00cb2b10 code [0x0000021d00cb2ce0, 0x0000021d00cb2fc8]
Event: 5.909 Thread 0x0000021d7faaf800 3305       3       jdk.internal.org.objectweb.asm.FieldWriter::visitEnd (1 bytes)
Event: 5.909 Thread 0x0000021d7faaf800 nmethod 3305 0x0000021d00cb3110 code [0x0000021d00cb32a0, 0x0000021d00cb3398]
Event: 5.909 Thread 0x0000021d7faaf800 3306       3       jdk.internal.org.objectweb.asm.MethodVisitor::visitCode (15 bytes)
Event: 5.910 Thread 0x0000021d7faaf800 nmethod 3306 0x0000021d00cb3410 code [0x0000021d00cb35c0, 0x0000021d00cb37a8]
Event: 5.910 Thread 0x0000021d7faaf800 3310       3       java.lang.invoke.AbstractValidatingLambdaMetafactory::<init> (474 bytes)

GC Heap History (10 events):
Event: 1.385 GC heap before
{Heap before GC invocations=1 (full 0):
 garbage-first heap   total 131072K, used 19387K [0x0000000081c00000, 0x0000000100000000)
  region size 1024K, 13 young (13312K), 2 survivors (2048K)
 Metaspace       used 12353K, capacity 12514K, committed 12672K, reserved 1060864K
  class space    used 1208K, capacity 1281K, committed 1408K, reserved 1048576K
}
Event: 1.420 GC heap after
{Heap after GC invocations=2 (full 0):
 garbage-first heap   total 131072K, used 9069K [0x0000000081c00000, 0x0000000100000000)
  region size 1024K, 1 young (1024K), 1 survivors (1024K)
 Metaspace       used 12353K, capacity 12514K, committed 12672K, reserved 1060864K
  class space    used 1208K, capacity 1281K, committed 1408K, reserved 1048576K
}
Event: 2.218 GC heap before
{Heap before GC invocations=2 (full 0):
 garbage-first heap   total 131072K, used 34669K [0x0000000081c00000, 0x0000000100000000)
  region size 1024K, 27 young (27648K), 1 survivors (1024K)
 Metaspace       used 19439K, capacity 19823K, committed 19968K, reserved 1067008K
  class space    used 2048K, capacity 2196K, committed 2304K, reserved 1048576K
}
Event: 2.222 GC heap after
{Heap after GC invocations=3 (full 0):
 garbage-first heap   total 131072K, used 10228K [0x0000000081c00000, 0x0000000100000000)
  region size 1024K, 2 young (2048K), 2 survivors (2048K)
 Metaspace       used 19439K, capacity 19823K, committed 19968K, reserved 1067008K
  class space    used 2048K, capacity 2196K, committed 2304K, reserved 1048576K
}
Event: 2.319 GC heap before
{Heap before GC invocations=3 (full 0):
 garbage-first heap   total 131072K, used 16372K [0x0000000081c00000, 0x0000000100000000)
  region size 1024K, 9 young (9216K), 2 survivors (2048K)
 Metaspace       used 20752K, capacity 21187K, committed 21296K, reserved 1069056K
  class space    used 2236K, capacity 2421K, committed 2432K, reserved 1048576K
}
Event: 2.324 GC heap after
{Heap after GC invocations=4 (full 0):
 garbage-first heap   total 131072K, used 10461K [0x0000000081c00000, 0x0000000100000000)
  region size 1024K, 3 young (3072K), 3 survivors (3072K)
 Metaspace       used 20752K, capacity 21187K, committed 21296K, reserved 1069056K
  class space    used 2236K, capacity 2421K, committed 2432K, reserved 1048576K
}
Event: 3.235 GC heap before
{Heap before GC invocations=5 (full 0):
 garbage-first heap   total 131072K, used 47325K [0x0000000081c00000, 0x0000000100000000)
  region size 1024K, 40 young (40960K), 3 survivors (3072K)
 Metaspace       used 24119K, capacity 24679K, committed 24828K, reserved 1071104K
  class space    used 2663K, capacity 2877K, committed 2892K, reserved 1048576K
}
Event: 3.242 GC heap after
{Heap after GC invocations=6 (full 0):
 garbage-first heap   total 131072K, used 11764K [0x0000000081c00000, 0x0000000100000000)
  region size 1024K, 4 young (4096K), 4 survivors (4096K)
 Metaspace       used 24119K, capacity 24679K, committed 24828K, reserved 1071104K
  class space    used 2663K, capacity 2877K, committed 2892K, reserved 1048576K
}
Event: 4.030 GC heap before
{Heap before GC invocations=6 (full 0):
 garbage-first heap   total 131072K, used 83444K [0x0000000081c00000, 0x0000000100000000)
  region size 1024K, 75 young (76800K), 4 survivors (4096K)
 Metaspace       used 25819K, capacity 26464K, committed 26620K, reserved 1073152K
  class space    used 2843K, capacity 3081K, committed 3148K, reserved 1048576K
}
Event: 4.042 GC heap after
{Heap after GC invocations=7 (full 0):
 garbage-first heap   total 172032K, used 12885K [0x0000000081c00000, 0x0000000100000000)
  region size 1024K, 5 young (5120K), 5 survivors (5120K)
 Metaspace       used 25819K, capacity 26464K, committed 26620K, reserved 1073152K
  class space    used 2843K, capacity 3081K, committed 3148K, reserved 1048576K
}

Deoptimization events (10 events):
Event: 5.734 Thread 0x0000021d739fe000 Uncommon trap: reason=unstable_if action=reinterpret pc=0x0000021d07ba0d0c method=java.util.Properties$LineReader.readLine()I @ 25 c2
Event: 5.735 Thread 0x0000021d739fe000 Uncommon trap: reason=unstable_if action=reinterpret pc=0x0000021d07b93390 method=java.util.Properties$LineReader.readLine()I @ 117 c2
Event: 5.736 Thread 0x0000021d739fe000 Uncommon trap: reason=unstable_if action=reinterpret pc=0x0000021d07b4f83c method=java.nio.Buffer.position(I)Ljava/nio/Buffer; @ 37 c2
Event: 5.738 Thread 0x0000021d739fe000 Uncommon trap: reason=unstable_if action=reinterpret pc=0x0000021d07b4183c method=java.nio.Buffer.position(I)Ljava/nio/Buffer; @ 37 c2
Event: 5.745 Thread 0x0000021d739fe000 Uncommon trap: reason=unstable_if action=reinterpret pc=0x0000021d07c32c98 method=java.io.WinNTFileSystem.isLetter(C)Z @ 3 c2
Event: 5.794 Thread 0x0000021d739fe000 Uncommon trap: reason=bimorphic_or_optimized_type_check action=maybe_recompile pc=0x0000021d07b9eb18 method=java.util.concurrent.ConcurrentHashMap.putVal(Ljava/lang/Object;Ljava/lang/Object;Z)Ljava/lang/Object; @ 242 c2
Event: 5.821 Thread 0x0000021d739fe000 Uncommon trap: reason=bimorphic_or_optimized_type_check action=maybe_recompile pc=0x0000021d07b9eb18 method=java.util.concurrent.ConcurrentHashMap.putVal(Ljava/lang/Object;Ljava/lang/Object;Z)Ljava/lang/Object; @ 242 c2
Event: 5.828 Thread 0x0000021d739fe000 Uncommon trap: reason=null_check action=make_not_entrant pc=0x0000021d07c005cc method=org.springframework.beans.factory.support.DefaultListableBeanFactory.getBeanDefinition(Ljava/lang/String;)Lorg/springframework/beans/factory/config/BeanDefinition; @ 10 
Event: 5.865 Thread 0x0000021d739fe000 Uncommon trap: reason=bimorphic_or_optimized_type_check action=maybe_recompile pc=0x0000021d07b9eb18 method=java.util.concurrent.ConcurrentHashMap.putVal(Ljava/lang/Object;Ljava/lang/Object;Z)Ljava/lang/Object; @ 242 c2
Event: 5.868 Thread 0x0000021d739fe000 Uncommon trap: reason=bimorphic_or_optimized_type_check action=maybe_recompile pc=0x0000021d07b9eb18 method=java.util.concurrent.ConcurrentHashMap.putVal(Ljava/lang/Object;Ljava/lang/Object;Z)Ljava/lang/Object; @ 242 c2

Classes redefined (0 events):
No events

Internal exceptions (10 events):
Event: 5.567 Thread 0x0000021d739fe000 Exception <a 'java/lang/ClassNotFoundException'{0x0000000088854060}: org/springframework/beans/factory/AwareCustomizer> (0x0000000088854060) thrown at [./open/src/hotspot/share/classfile/systemDictionary.cpp, line 228]
Event: 5.567 Thread 0x0000021d739fe000 Exception <a 'java/lang/ClassNotFoundException'{0x0000000088862688}: org/springframework/aop/framework/AopInfrastructureBeanCustomizer> (0x0000000088862688) thrown at [./open/src/hotspot/share/classfile/systemDictionary.cpp, line 228]
Event: 5.634 Thread 0x0000021d739fe000 Exception <a 'java/lang/ClassNotFoundException'{0x00000000887f35a8}: java/lang/ObjectCustomizer> (0x00000000887f35a8) thrown at [./open/src/hotspot/share/classfile/systemDictionary.cpp, line 228]
Event: 5.635 Thread 0x0000021d739fe000 Exception <a 'java/lang/ClassNotFoundException'{0x0000000088609368}: org/springframework/transaction/annotation/AbstractTransactionManagementConfigurationCustomizer> (0x0000000088609368) thrown at [./open/src/hotspot/share/classfile/systemDictionary.cpp, 
Event: 5.637 Thread 0x0000021d739fe000 Exception <a 'java/lang/ClassNotFoundException'{0x000000008861dd00}: org/springframework/transaction/annotation/ProxyTransactionManagementConfigurationCustomizer> (0x000000008861dd00) thrown at [./open/src/hotspot/share/classfile/systemDictionary.cpp, lin
Event: 5.638 Thread 0x0000021d739fe000 Exception <a 'java/lang/ClassNotFoundException'{0x000000008862fd60}: org/springframework/context/annotation/ImportAwareCustomizer> (0x000000008862fd60) thrown at [./open/src/hotspot/share/classfile/systemDictionary.cpp, line 228]
Event: 5.640 Thread 0x0000021d739fe000 Exception <a 'java/lang/ClassNotFoundException'{0x000000008863d6f8}: org/springframework/beans/factory/AwareCustomizer> (0x000000008863d6f8) thrown at [./open/src/hotspot/share/classfile/systemDictionary.cpp, line 228]
Event: 5.763 Thread 0x0000021d739fe000 Exception <a 'java/lang/NoSuchMethodError'{0x0000000088333bc0}: java.lang.invoke.DirectMethodHandle$Holder.invokeSpecial(Ljava/lang/Object;Ljava/lang/Object;Ljava/lang/Object;Ljava/lang/Object;Ljava/lang/Object;)I> (0x0000000088333bc0) thrown at [./open/s
Event: 5.828 Thread 0x0000021d739fe000 Implicit null exception at 0x0000021d07c00353 to 0x0000021d07c005bc
Event: 5.895 Thread 0x0000021d739fe000 Exception <a 'java/lang/NoSuchMethodError'{0x00000000881b6600}: java.lang.invoke.DirectMethodHandle$Holder.invokeInterface(Ljava/lang/Object;Ljava/lang/Object;I)V> (0x00000000881b6600) thrown at [./open/src/hotspot/share/interpreter/linkResolver.cpp, line

Events (10 events):
Event: 5.910 loading class org/springframework/boot/web/server/Http2
Event: 5.910 loading class org/springframework/boot/web/server/Http2 done
Event: 5.910 loading class org/springframework/boot/web/server/Http2
Event: 5.910 loading class org/springframework/boot/web/server/Http2 done
Event: 5.910 loading class org/springframework/boot/web/servlet/server/ConfigurableServletWebServerFactory
Event: 5.910 loading class org/springframework/boot/web/servlet/server/ConfigurableServletWebServerFactory done
Event: 5.910 loading class org/springframework/boot/autoconfigure/web/ServerProperties
Event: 5.910 loading class org/springframework/boot/autoconfigure/web/ServerProperties done
Event: 5.911 loading class org/springframework/boot/web/servlet/server/ConfigurableServletWebServerFactory
Event: 5.911 loading class org/springframework/boot/web/servlet/server/ConfigurableServletWebServerFactory done


Dynamic libraries:
0x00007ff6a5fb0000 - 0x00007ff6a5fbf000 	C:\Program Files\Java\jdk-11.0.10\bin\java.exe
0x00007ffabb3b0000 - 0x00007ffabb5a5000 	C:\WINDOWS\SYSTEM32\ntdll.dll
0x00007ffab9a60000 - 0x00007ffab9b1d000 	C:\WINDOWS\System32\KERNEL32.DLL
0x00007ffab8f80000 - 0x00007ffab9249000 	C:\WINDOWS\System32\KERNELBASE.dll
0x00007ffab8b90000 - 0x00007ffab8c90000 	C:\WINDOWS\System32\ucrtbase.dll
0x00007ffa7ea00000 - 0x00007ffa7ea15000 	C:\Program Files\Java\jdk-11.0.10\bin\VCRUNTIME140.dll
0x00007ffaae400000 - 0x00007ffaae418000 	C:\Program Files\Java\jdk-11.0.10\bin\jli.dll
0x00007ffab95d0000 - 0x00007ffab967c000 	C:\WINDOWS\System32\ADVAPI32.dll
0x00007ffabb2d0000 - 0x00007ffabb36e000 	C:\WINDOWS\System32\msvcrt.dll
0x00007ffabb090000 - 0x00007ffabb12b000 	C:\WINDOWS\System32\sechost.dll
0x00007ffab9dc0000 - 0x00007ffab9eea000 	C:\WINDOWS\System32\RPCRT4.dll
0x00007ffab9680000 - 0x00007ffab9820000 	C:\WINDOWS\System32\USER32.dll
0x00007ffab8ce0000 - 0x00007ffab8d02000 	C:\WINDOWS\System32\win32u.dll
0x00007ffa9a420000 - 0x00007ffa9a6ba000 	C:\WINDOWS\WinSxS\amd64_microsoft.windows.common-controls_6595b64144ccf1df_6.0.19041.1083_none_60bbe31371f34e71\COMCTL32.dll
0x00007ffab9f60000 - 0x00007ffab9f8a000 	C:\WINDOWS\System32\GDI32.dll
0x00007ffab92e0000 - 0x00007ffab93eb000 	C:\WINDOWS\System32\gdi32full.dll
0x00007ffab8af0000 - 0x00007ffab8b8d000 	C:\WINDOWS\System32\msvcp_win.dll
0x00007ffab7820000 - 0x00007ffab782a000 	C:\WINDOWS\SYSTEM32\VERSION.dll
0x00007ffab9f90000 - 0x00007ffab9fc0000 	C:\WINDOWS\System32\IMM32.DLL
0x00007ffa5de80000 - 0x00007ffa5df24000 	C:\Program Files\McAfee\Endpoint Security\Threat Prevention\Ips\EpMPApi.dll
0x00007ffab8dc0000 - 0x00007ffab8e20000 	C:\WINDOWS\System32\WINTRUST.dll
0x00007ffab8e20000 - 0x00007ffab8f7f000 	C:\WINDOWS\System32\CRYPT32.dll
0x00007ffab86e0000 - 0x00007ffab86f2000 	C:\WINDOWS\SYSTEM32\MSASN1.dll
0x0000000061210000 - 0x000000006121c000 	C:\Program Files\McAfee\Endpoint Security\Threat Prevention\Ips\EpMPThe.dll
0x00007ffa66f60000 - 0x00007ffa66fb9000 	C:\Program Files\McAfee\Endpoint Security\Threat Prevention\Ips\HIPHandlers64.dll
0x00007ffab9fd0000 - 0x00007ffaba025000 	C:\WINDOWS\System32\SHLWAPI.dll
0x00007ffaa5390000 - 0x00007ffaa5574000 	C:\WINDOWS\SYSTEM32\dbghelp.dll
0x00007ffa58790000 - 0x00007ffa5882b000 	C:\Program Files\Java\jdk-11.0.10\bin\msvcp140.dll
0x00007ffa427b0000 - 0x00007ffa432ab000 	C:\Program Files\Java\jdk-11.0.10\bin\server\jvm.dll
0x00007ffab9fc0000 - 0x00007ffab9fc8000 	C:\WINDOWS\System32\PSAPI.DLL
0x00007ffa9f4f0000 - 0x00007ffa9f4f9000 	C:\WINDOWS\SYSTEM32\WSOCK32.dll
0x00007ffa92cf0000 - 0x00007ffa92d17000 	C:\WINDOWS\SYSTEM32\WINMM.dll
0x00007ffab9ef0000 - 0x00007ffab9f5b000 	C:\WINDOWS\System32\WS2_32.dll
0x00007ffab73f0000 - 0x00007ffab7402000 	C:\WINDOWS\SYSTEM32\kernel.appcore.dll
0x00007ffa86a90000 - 0x00007ffa86aa0000 	C:\Program Files\Java\jdk-11.0.10\bin\verify.dll
0x00007ffa9a720000 - 0x00007ffa9a74c000 	C:\WINDOWS\SYSTEM32\dbgcore.DLL
0x00007ffab9250000 - 0x00007ffab92d3000 	C:\WINDOWS\System32\bcryptPrimitives.dll
0x00007ffa71730000 - 0x00007ffa71758000 	C:\Program Files\Java\jdk-11.0.10\bin\java.dll
0x00007ffa85e80000 - 0x00007ffa85e8a000 	C:\Program Files\Java\jdk-11.0.10\bin\jimage.dll
0x00007ffa7d1c0000 - 0x00007ffa7d1d6000 	C:\Program Files\Java\jdk-11.0.10\bin\zip.dll
0x00007ffaba590000 - 0x00007ffabaccf000 	C:\WINDOWS\System32\SHELL32.dll
0x00007ffab6870000 - 0x00007ffab7001000 	C:\WINDOWS\SYSTEM32\windows.storage.dll
0x00007ffabad30000 - 0x00007ffabb085000 	C:\WINDOWS\System32\combase.dll
0x00007ffab84f0000 - 0x00007ffab851c000 	C:\WINDOWS\SYSTEM32\Wldp.dll
0x00007ffabb220000 - 0x00007ffabb2ce000 	C:\WINDOWS\System32\SHCORE.dll
0x00007ffab8a30000 - 0x00007ffab8a4f000 	C:\WINDOWS\SYSTEM32\profapi.dll
0x00007ffa74230000 - 0x00007ffa74249000 	C:\Program Files\Java\jdk-11.0.10\bin\net.dll
0x00007ffaadfe0000 - 0x00007ffaae0ea000 	C:\WINDOWS\SYSTEM32\WINHTTP.dll
0x00007ffab8250000 - 0x00007ffab82ba000 	C:\WINDOWS\system32\mswsock.dll
0x00007ffa740c0000 - 0x00007ffa740d2000 	C:\Program Files\Java\jdk-11.0.10\bin\nio.dll
0x00007ffa85e50000 - 0x00007ffa85e59000 	C:\Program Files\Java\jdk-11.0.10\bin\management.dll
0x00007ffa85d70000 - 0x00007ffa85d7b000 	C:\Program Files\Java\jdk-11.0.10\bin\management_ext.dll
0x00007ffaa2af0000 - 0x00007ffaa2b07000 	C:\WINDOWS\system32\napinsp.dll
0x00007ffaa2ad0000 - 0x00007ffaa2aeb000 	C:\WINDOWS\system32\pnrpnsp.dll
0x00007ffab3890000 - 0x00007ffab38a5000 	C:\WINDOWS\system32\wshbth.dll
0x00007ffab43e0000 - 0x00007ffab43fd000 	C:\WINDOWS\system32\NLAapi.dll
0x00007ffab7ee0000 - 0x00007ffab7f1b000 	C:\WINDOWS\SYSTEM32\IPHLPAPI.DLL
0x00007ffab7f20000 - 0x00007ffab7fec000 	C:\WINDOWS\SYSTEM32\DNSAPI.dll
0x00007ffaba580000 - 0x00007ffaba588000 	C:\WINDOWS\System32\NSI.dll
0x00007ffaa2ab0000 - 0x00007ffaa2ac2000 	C:\WINDOWS\System32\winrnr.dll
0x00007ffaaf030000 - 0x00007ffaaf03a000 	C:\Windows\System32\rasadhlp.dll
0x00007ffaadcc0000 - 0x00007ffaadd3f000 	C:\WINDOWS\System32\fwpuclnt.dll
0x00007ffab93f0000 - 0x00007ffab9417000 	C:\WINDOWS\System32\bcrypt.dll

dbghelp: loaded successfully - version: 4.0.5 - missing functions: none
symbol engine: initialized successfully - sym options: 0x614 - pdb path: .;C:\Program Files\Java\jdk-11.0.10\bin;C:\WINDOWS\SYSTEM32;C:\WINDOWS\WinSxS\amd64_microsoft.windows.common-controls_6595b64144ccf1df_6.0.19041.1083_none_60bbe31371f34e71;C:\Program Files\McAfee\Endpoint Security\Threat Prevention\Ips;C:\Program Files\Java\jdk-11.0.10\bin\server

VM Arguments:
java_command: com.odkdhis.OdkdhisApplications
java_class_path (initial): C:\Users\Paul Ombio\Downloads\SSV Projects\odkdhis\target\classes;C:\Users\Paul Ombio\.m2\repository\org\springframework\boot\spring-boot-starter-web\2.3.1.RELEASE\spring-boot-starter-web-2.3.1.RELEASE.jar;C:\Users\Paul Ombio\.m2\repository\org\springframework\boot\spring-boot-starter\2.3.1.RELEASE\spring-boot-starter-2.3.1.RELEASE.jar;C:\Users\Paul Ombio\.m2\repository\org\springframework\boot\spring-boot\2.3.1.RELEASE\spring-boot-2.3.1.RELEASE.jar;C:\Users\Paul Ombio\.m2\repository\org\springframework\boot\spring-boot-autoconfigure\2.3.1.RELEASE\spring-boot-autoconfigure-2.3.1.RELEASE.jar;C:\Users\Paul Ombio\.m2\repository\org\springframework\boot\spring-boot-starter-logging\2.3.1.RELEASE\spring-boot-starter-logging-2.3.1.RELEASE.jar;C:\Users\Paul Ombio\.m2\repository\ch\qos\logback\logback-classic\1.2.3\logback-classic-1.2.3.jar;C:\Users\Paul Ombio\.m2\repository\ch\qos\logback\logback-core\1.2.3\logback-core-1.2.3.jar;C:\Users\Paul Ombio\.m2\repository\org\apache\logging\log4j\log4j-to-slf4j\2.13.3\log4j-to-slf4j-2.13.3.jar;C:\Users\Paul Ombio\.m2\repository\org\apache\logging\log4j\log4j-api\2.13.3\log4j-api-2.13.3.jar;C:\Users\Paul Ombio\.m2\repository\org\slf4j\jul-to-slf4j\1.7.30\jul-to-slf4j-1.7.30.jar;C:\Users\Paul Ombio\.m2\repository\jakarta\annotation\jakarta.annotation-api\1.3.5\jakarta.annotation-api-1.3.5.jar;C:\Users\Paul Ombio\.m2\repository\org\yaml\snakeyaml\1.26\snakeyaml-1.26.jar;C:\Users\Paul Ombio\.m2\repository\org\springframework\boot\spring-boot-starter-json\2.3.1.RELEASE\spring-boot-starter-json-2.3.1.RELEASE.jar;C:\Users\Paul Ombio\.m2\repository\com\fasterxml\jackson\core\jackson-databind\2.11.0\jackson-databind-2.11.0.jar;C:\Users\Paul Ombio\.m2\repository\com\fasterxml\jackson\core\jackson-annotations\2.11.0\jackson-annotations-2.11.0.jar;C:\Users\Paul Ombio\.m2\repository\com\fasterxml\jackson\core\jackson-core\2.11.0\jackson-core-2.11.0.jar;C:\Users\Paul Ombio\.m2\repository\com\fasterxml\jackson\datatyp
Launcher Type: SUN_STANDARD

[Global flags]
     intx CICompilerCount                          = 3                                         {product} {ergonomic}
     uint ConcGCThreads                            = 1                                         {product} {ergonomic}
     uint G1ConcRefinementThreads                  = 4                                         {product} {ergonomic}
   size_t G1HeapRegionSize                         = 1048576                                   {product} {ergonomic}
    uintx GCDrainStackTargetSize                   = 64                                        {product} {ergonomic}
   size_t InitialHeapSize                          = 134217728                                 {product} {ergonomic}
   size_t MarkStackSize                            = 4194304                                   {product} {ergonomic}
   size_t MaxHeapSize                              = 2118123520                                {product} {ergonomic}
   size_t MaxNewSize                               = 1270874112                                {product} {ergonomic}
   size_t MinHeapDeltaBytes                        = 1048576                                   {product} {ergonomic}
    uintx NonNMethodCodeHeapSize                   = 5830732                                {pd product} {ergonomic}
    uintx NonProfiledCodeHeapSize                  = 122913754                              {pd product} {ergonomic}
    uintx ProfiledCodeHeapSize                     = 122913754                              {pd product} {ergonomic}
    uintx ReservedCodeCacheSize                    = 251658240                              {pd product} {ergonomic}
     bool SegmentedCodeCache                       = true                                      {product} {ergonomic}
     bool UseCompressedClassPointers               = true                                 {lp64_product} {ergonomic}
     bool UseCompressedOops                        = true                                 {lp64_product} {ergonomic}
     bool UseG1GC                                  = true                                      {product} {ergonomic}
     bool UseLargePagesIndividualAllocation        = false                                  {pd product} {ergonomic}

Logging:
Log output configuration:
 #0: stdout all=warning uptime,level,tags
 #1: stderr all=off uptime,level,tags

Environment Variables:
JAVA_HOME=C:\Program Files\Java\jdk-11.0.10
PATH=C:\Program Files\Common Files\Oracle\Java\javapath;C:\Program Files (x86)\Common Files\Oracle\Java\javapath;C:\ProgramData\Oracle\Java\javapath;C:\Program Files (x86)\Microsoft SDKs\Azure\CLI2\wbin;C:\Program Files\Intel\iCLS Client\;C:\WINDOWS\system32;C:\WINDOWS;C:\WINDOWS\System32\Wbem;C:\WINDOWS\System32\WindowsPowerShell\v1.0\;C:\Program Files\Microsoft SQL Server\120\Tools\Binn\;C:\Program Files\Microsoft SQL Server\Client SDK\ODBC\110\Tools\Binn\;C:\Program Files (x86)\Microsoft SQL Server\120\Tools\Binn\;C:\Program Files\Microsoft SQL Server\120\DTS\Binn\;C:\Program Files (x86)\Microsoft SQL Server\120\Tools\Binn\ManagementStudio\;C:\Program Files (x86)\Microsoft SQL Server\120\DTS\Binn\;C:\Program Files\Microsoft SQL Server\130\Tools\Binn\;C:\Program Files\dotnet\;C:\Program Files\MySQL\MySQL Utilities 1.6\;C:\WINDOWS\System32\OpenSSH\;C:\Program Files\nodejs\;C:\Program Files\Git\cmd;C:\Program Files (x86)\Intel\Intel(R) Management Engine Components\DAL;C:\Program Files\Intel\Intel(R) Management Engine Components\DAL;C:\Program Files\Intel\WiFi\bin\;C:\Program Files\Common Files\Intel\WirelessCommon\;C:\Program Files\PuTTY\;C:\Program Files\apache-maven-3.8.1\bin
USERNAME=Paul Ombio
OS=Windows_NT
PROCESSOR_IDENTIFIER=Intel64 Family 6 Model 78 Stepping 3, GenuineIntel



---------------  S Y S T E M  ---------------

OS: Windows 10 , 64 bit Build 19041 (10.0.19041.1023)

CPU:total 4 (initial active 4) (2 cores per cpu, 2 threads per core) family 6 model 78 stepping 3 microcode 0xd4, cmov, cx8, fxsr, mmx, sse, sse2, sse3, ssse3, sse4.1, sse4.2, popcnt, avx, avx2, aes, clmul, erms, rtm, 3dnowpref, lzcnt, ht, tsc, tscinvbit, bmi1, bmi2, adx, fma

Memory: 4k page, system-wide physical 8072M (881M free)
TotalPageFile size 9955M (AvailPageFile size 35M)
current process WorkingSet (physical memory assigned to process): 206M, peak: 206M
current process commit charge ("private bytes"): 322M, peak: 324M

vm_info: Java HotSpot(TM) 64-Bit Server VM (11.0.10+8-LTS-162) for windows-amd64 JRE (11.0.10+8-LTS-162), built on Dec  8 2020 16:32:57 by "mach5one" with MS VC++ 15.9 (VS2017)

END.
