#
# There is insufficient memory for the Java Runtime Environment to continue.
# Native memory allocation (malloc) failed to allocate 1014816 bytes for Chunk::new
# Possible reasons:
#   The system is out of physical RAM or swap space
#   The process is running with CompressedOops enabled, and the Java Heap may be blocking the growth of the native heap
# Possible solutions:
#   Reduce memory load on the system
#   Increase physical memory or swap space
#   Check if swap backing store is full
#   Decrease Java heap size (-Xmx/-Xms)
#   Decrease number of Java threads
#   Decrease Java thread stack sizes (-Xss)
#   Set larger code cache with -XX:ReservedCodeCacheSize=
#   JVM is running with Unscaled Compressed Oops mode in which the Java heap is
#     placed in the first 4GB address space. The Java Heap base address is the
#     maximum limit for the native heap growth. Please use -XX:HeapBaseMinAddress
#     to set the Java Heap base and to place the Java Heap above 4GB virtual address.
# This output file may be truncated or incomplete.
#
#  Out of Memory Error (./open/src/hotspot/share/memory/arena.cpp:197), pid=18096, tid=14216
#
# JRE version: Java(TM) SE Runtime Environment 18.9 (11.0.10+8) (build 11.0.10+8-LTS-162)
# Java VM: Java HotSpot(TM) 64-Bit Server VM 18.9 (11.0.10+8-LTS-162, mixed mode, tiered, compressed oops, g1 gc, windows-amd64)
# No core dump will be written. Minidumps are not enabled by default on client versions of Windows
#

---------------  S U M M A R Y ------------

Command Line: com.odkdhis.OdkdhisApplications

Host: Intel(R) Core(TM) i5-6300U CPU @ 2.40GHz, 4 cores, 7G,  Windows 10 , 64 bit Build 19041 (10.0.19041.1023)
Time: Wed Jul 14 21:50:17 2021 E. Africa Standard Time elapsed time: 6.023322 seconds (0d 0h 0m 6s)

---------------  T H R E A D  ---------------

Current thread (0x000001cff8d3b000):  JavaThread "C2 CompilerThread0" daemon [_thread_in_native, id=14216, stack(0x00000019b8400000,0x00000019b8500000)]


Current CompileTask:
C2:   6023 3218       4       org.springframework.beans.factory.support.AbstractBeanFactory::isTypeMatch (607 bytes)

Stack: [0x00000019b8400000,0x00000019b8500000]
Native frames: (J=compiled Java code, j=interpreted, Vv=VM code, C=native code)
V  [jvm.dll+0x613e6a]
V  [jvm.dll+0x74c1ff]
V  [jvm.dll+0x74d885]
V  [jvm.dll+0x74df03]
V  [jvm.dll+0x243b78]
V  [jvm.dll+0xba2cc]
V  [jvm.dll+0xba9cc]
V  [jvm.dll+0x2b4424]
V  [jvm.dll+0x52bfa6]
V  [jvm.dll+0x20555d]
V  [jvm.dll+0x1ff4aa]
V  [jvm.dll+0x1fc42f]
V  [jvm.dll+0x17f09c]
V  [jvm.dll+0x20bbd4]
V  [jvm.dll+0x209cab]
V  [jvm.dll+0x713619]
V  [jvm.dll+0x70c314]
V  [jvm.dll+0x613036]
C  [ucrtbase.dll+0x21bb2]
C  [KERNEL32.DLL+0x17034]
C  [ntdll.dll+0x52651]


---------------  P R O C E S S  ---------------

Threads class SMR info:
_java_thread_list=0x000001cffa7254a0, length=11, elements={
0x000001cfe907e800, 0x000001cff8d1d000, 0x000001cff8d26800, 0x000001cff8d38000,
0x000001cff8d3a000, 0x000001cff8d3b000, 0x000001cff8d81800, 0x000001cff8d9d800,
0x000001cff8f11800, 0x000001cff8f25000, 0x000001cff98a4800
}

Java Threads: ( => current thread )
  0x000001cfe907e800 JavaThread "main" [_thread_in_native, id=17448, stack(0x00000019b7900000,0x00000019b7a00000)]
  0x000001cff8d1d000 JavaThread "Reference Handler" daemon [_thread_blocked, id=21336, stack(0x00000019b8000000,0x00000019b8100000)]
  0x000001cff8d26800 JavaThread "Finalizer" daemon [_thread_blocked, id=5080, stack(0x00000019b8100000,0x00000019b8200000)]
  0x000001cff8d38000 JavaThread "Signal Dispatcher" daemon [_thread_blocked, id=20744, stack(0x00000019b8200000,0x00000019b8300000)]
  0x000001cff8d3a000 JavaThread "Attach Listener" daemon [_thread_blocked, id=14600, stack(0x00000019b8300000,0x00000019b8400000)]
=>0x000001cff8d3b000 JavaThread "C2 CompilerThread0" daemon [_thread_in_native, id=14216, stack(0x00000019b8400000,0x00000019b8500000)]
  0x000001cff8d81800 JavaThread "C1 CompilerThread0" daemon [_thread_blocked, id=14824, stack(0x00000019b8500000,0x00000019b8600000)]
  0x000001cff8d9d800 JavaThread "Sweeper thread" daemon [_thread_blocked, id=20656, stack(0x00000019b8600000,0x00000019b8700000)]
  0x000001cff8f11800 JavaThread "Service Thread" daemon [_thread_blocked, id=18184, stack(0x00000019b8700000,0x00000019b8800000)]
  0x000001cff8f25000 JavaThread "Common-Cleaner" daemon [_thread_blocked, id=4548, stack(0x00000019b8900000,0x00000019b8a00000)]
  0x000001cff98a4800 JavaThread "C2 CompilerThread1" daemon [_thread_in_native, id=5612, stack(0x00000019b8c00000,0x00000019b8d00000)]

Other Threads:
  0x000001cff8cf7800 VMThread "VM Thread" [stack: 0x00000019b7f00000,0x00000019b8000000] [id=12264]
  0x000001cff8f21000 WatcherThread [stack: 0x00000019b8800000,0x00000019b8900000] [id=7216]
  0x000001cfe9095000 GCTaskThread "GC Thread#0" [stack: 0x00000019b7a00000,0x00000019b7b00000] [id=5996]
  0x000001cff991a800 GCTaskThread "GC Thread#1" [stack: 0x00000019b8a00000,0x00000019b8b00000] [id=21008]
  0x000001cff95a9800 GCTaskThread "GC Thread#2" [stack: 0x00000019b8b00000,0x00000019b8c00000] [id=5096]
  0x000001cff9d51800 GCTaskThread "GC Thread#3" [stack: 0x00000019b8e00000,0x00000019b8f00000] [id=4556]
  0x000001cfe90c5000 ConcurrentGCThread "G1 Main Marker" [stack: 0x00000019b7b00000,0x00000019b7c00000] [id=10748]
  0x000001cfe90c7000 ConcurrentGCThread "G1 Conc#0" [stack: 0x00000019b7c00000,0x00000019b7d00000] [id=13428]
  0x000001cff835a800 ConcurrentGCThread "G1 Refine#0" [stack: 0x00000019b7d00000,0x00000019b7e00000] [id=10568]
  0x000001cff835b800 ConcurrentGCThread "G1 Young RemSet Sampling" [stack: 0x00000019b7e00000,0x00000019b7f00000] [id=12804]

Threads with active compile tasks:
C2 CompilerThread0   6137 3218       4       org.springframework.beans.factory.support.AbstractBeanFactory::isTypeMatch (607 bytes)
C2 CompilerThread1   6137 3055   !   4       jdk.internal.loader.BuiltinClassLoader::loadClassOrNull (143 bytes)

VM state:not at safepoint (normal execution)

VM Mutex/Monitor currently owned by a thread: None

Heap address: 0x0000000081c00000, size: 2020 MB, Compressed Oops mode: 32-bit
Narrow klass base: 0x0000000000000000, Narrow klass shift: 3
Compressed class space size: 1073741824 Address: 0x0000000100000000

Heap:
 garbage-first heap   total 131072K, used 74133K [0x0000000081c00000, 0x0000000100000000)
  region size 1024K, 66 young (67584K), 5 survivors (5120K)
 Metaspace       used 33026K, capacity 33905K, committed 34172K, reserved 1079296K
  class space    used 3829K, capacity 4201K, committed 4300K, reserved 1048576K
Heap Regions: E=young(eden), S=young(survivor), O=old, HS=humongous(starts), HC=humongous(continues), CS=collection set, F=free, A=archive, TAMS=top-at-mark-start (previous, next)
|   0|0x0000000081c00000, 0x0000000081d00000, 0x0000000081d00000|100%|HS|  |TAMS 0x0000000081d00000, 0x0000000081c00000| Complete 
|   1|0x0000000081d00000, 0x0000000081e00000, 0x0000000081e00000|100%|HS|  |TAMS 0x0000000081e00000, 0x0000000081d00000| Complete 
|   2|0x0000000081e00000, 0x0000000081f00000, 0x0000000081f00000|100%| O|  |TAMS 0x0000000081f00000, 0x0000000081e00000| Untracked 
|   3|0x0000000081f00000, 0x0000000082000000, 0x0000000082000000|100%| O|  |TAMS 0x0000000082000000, 0x0000000081f00000| Untracked 
|   4|0x0000000082000000, 0x0000000082100000, 0x0000000082100000|100%| O|  |TAMS 0x0000000082100000, 0x0000000082000000| Untracked 
|   5|0x0000000082100000, 0x0000000082200000, 0x0000000082200000|100%| O|  |TAMS 0x0000000082200000, 0x0000000082100000| Untracked 
|   6|0x0000000082200000, 0x0000000082300000, 0x0000000082300000|100%| O|  |TAMS 0x0000000082300000, 0x0000000082200000| Untracked 
|   7|0x0000000082300000, 0x00000000823d0e00, 0x0000000082400000| 81%| O|  |TAMS 0x00000000823d0e00, 0x0000000082300000| Untracked 
|   8|0x0000000082400000, 0x0000000082400000, 0x0000000082500000|  0%| F|  |TAMS 0x0000000082400000, 0x0000000082400000| Untracked 
|   9|0x0000000082500000, 0x0000000082500000, 0x0000000082600000|  0%| F|  |TAMS 0x0000000082500000, 0x0000000082500000| Untracked 
|  10|0x0000000082600000, 0x0000000082600000, 0x0000000082700000|  0%| F|  |TAMS 0x0000000082600000, 0x0000000082600000| Untracked 
|  11|0x0000000082700000, 0x0000000082700000, 0x0000000082800000|  0%| F|  |TAMS 0x0000000082700000, 0x0000000082700000| Untracked 
|  12|0x0000000082800000, 0x0000000082800000, 0x0000000082900000|  0%| F|  |TAMS 0x0000000082800000, 0x0000000082800000| Untracked 
|  13|0x0000000082900000, 0x0000000082900000, 0x0000000082a00000|  0%| F|  |TAMS 0x0000000082900000, 0x0000000082900000| Untracked 
|  14|0x0000000082a00000, 0x0000000082a00000, 0x0000000082b00000|  0%| F|  |TAMS 0x0000000082a00000, 0x0000000082a00000| Untracked 
|  15|0x0000000082b00000, 0x0000000082b00000, 0x0000000082c00000|  0%| F|  |TAMS 0x0000000082b00000, 0x0000000082b00000| Untracked 
|  16|0x0000000082c00000, 0x0000000082c00000, 0x0000000082d00000|  0%| F|  |TAMS 0x0000000082c00000, 0x0000000082c00000| Untracked 
|  17|0x0000000082d00000, 0x0000000082d00000, 0x0000000082e00000|  0%| F|  |TAMS 0x0000000082d00000, 0x0000000082d00000| Untracked 
|  18|0x0000000082e00000, 0x0000000082e00000, 0x0000000082f00000|  0%| F|  |TAMS 0x0000000082e00000, 0x0000000082e00000| Untracked 
|  19|0x0000000082f00000, 0x0000000082f00000, 0x0000000083000000|  0%| F|  |TAMS 0x0000000082f00000, 0x0000000082f00000| Untracked 
|  20|0x0000000083000000, 0x0000000083000000, 0x0000000083100000|  0%| F|  |TAMS 0x0000000083000000, 0x0000000083000000| Untracked 
|  21|0x0000000083100000, 0x0000000083100000, 0x0000000083200000|  0%| F|  |TAMS 0x0000000083100000, 0x0000000083100000| Untracked 
|  22|0x0000000083200000, 0x0000000083200000, 0x0000000083300000|  0%| F|  |TAMS 0x0000000083200000, 0x0000000083200000| Untracked 
|  23|0x0000000083300000, 0x0000000083300000, 0x0000000083400000|  0%| F|  |TAMS 0x0000000083300000, 0x0000000083300000| Untracked 
|  24|0x0000000083400000, 0x0000000083400000, 0x0000000083500000|  0%| F|  |TAMS 0x0000000083400000, 0x0000000083400000| Untracked 
|  25|0x0000000083500000, 0x0000000083500000, 0x0000000083600000|  0%| F|  |TAMS 0x0000000083500000, 0x0000000083500000| Untracked 
|  26|0x0000000083600000, 0x0000000083600000, 0x0000000083700000|  0%| F|  |TAMS 0x0000000083600000, 0x0000000083600000| Untracked 
|  27|0x0000000083700000, 0x0000000083700000, 0x0000000083800000|  0%| F|  |TAMS 0x0000000083700000, 0x0000000083700000| Untracked 
|  28|0x0000000083800000, 0x0000000083800000, 0x0000000083900000|  0%| F|  |TAMS 0x0000000083800000, 0x0000000083800000| Untracked 
|  29|0x0000000083900000, 0x0000000083900000, 0x0000000083a00000|  0%| F|  |TAMS 0x0000000083900000, 0x0000000083900000| Untracked 
|  30|0x0000000083a00000, 0x0000000083a00000, 0x0000000083b00000|  0%| F|  |TAMS 0x0000000083a00000, 0x0000000083a00000| Untracked 
|  31|0x0000000083b00000, 0x0000000083b00000, 0x0000000083c00000|  0%| F|  |TAMS 0x0000000083b00000, 0x0000000083b00000| Untracked 
|  32|0x0000000083c00000, 0x0000000083c00000, 0x0000000083d00000|  0%| F|  |TAMS 0x0000000083c00000, 0x0000000083c00000| Untracked 
|  33|0x0000000083d00000, 0x0000000083d00000, 0x0000000083e00000|  0%| F|  |TAMS 0x0000000083d00000, 0x0000000083d00000| Untracked 
|  34|0x0000000083e00000, 0x0000000083e00000, 0x0000000083f00000|  0%| F|  |TAMS 0x0000000083e00000, 0x0000000083e00000| Untracked 
|  35|0x0000000083f00000, 0x0000000083f00000, 0x0000000084000000|  0%| F|  |TAMS 0x0000000083f00000, 0x0000000083f00000| Untracked 
|  36|0x0000000084000000, 0x0000000084000000, 0x0000000084100000|  0%| F|  |TAMS 0x0000000084000000, 0x0000000084000000| Untracked 
|  37|0x0000000084100000, 0x0000000084100000, 0x0000000084200000|  0%| F|  |TAMS 0x0000000084100000, 0x0000000084100000| Untracked 
|  38|0x0000000084200000, 0x0000000084200000, 0x0000000084300000|  0%| F|  |TAMS 0x0000000084200000, 0x0000000084200000| Untracked 
|  39|0x0000000084300000, 0x0000000084300000, 0x0000000084400000|  0%| F|  |TAMS 0x0000000084300000, 0x0000000084300000| Untracked 
|  40|0x0000000084400000, 0x0000000084400000, 0x0000000084500000|  0%| F|  |TAMS 0x0000000084400000, 0x0000000084400000| Untracked 
|  41|0x0000000084500000, 0x0000000084500000, 0x0000000084600000|  0%| F|  |TAMS 0x0000000084500000, 0x0000000084500000| Untracked 
|  42|0x0000000084600000, 0x0000000084600000, 0x0000000084700000|  0%| F|  |TAMS 0x0000000084600000, 0x0000000084600000| Untracked 
|  43|0x0000000084700000, 0x0000000084700000, 0x0000000084800000|  0%| F|  |TAMS 0x0000000084700000, 0x0000000084700000| Untracked 
|  44|0x0000000084800000, 0x0000000084800000, 0x0000000084900000|  0%| F|  |TAMS 0x0000000084800000, 0x0000000084800000| Untracked 
|  45|0x0000000084900000, 0x0000000084900000, 0x0000000084a00000|  0%| F|  |TAMS 0x0000000084900000, 0x0000000084900000| Untracked 
|  46|0x0000000084a00000, 0x0000000084a00000, 0x0000000084b00000|  0%| F|  |TAMS 0x0000000084a00000, 0x0000000084a00000| Untracked 
|  47|0x0000000084b00000, 0x0000000084b947c0, 0x0000000084c00000| 58%| S|CS|TAMS 0x0000000084b00000, 0x0000000084b00000| Complete 
|  48|0x0000000084c00000, 0x0000000084d00000, 0x0000000084d00000|100%| S|CS|TAMS 0x0000000084c00000, 0x0000000084c00000| Complete 
|  49|0x0000000084d00000, 0x0000000084e00000, 0x0000000084e00000|100%| S|CS|TAMS 0x0000000084d00000, 0x0000000084d00000| Complete 
|  50|0x0000000084e00000, 0x0000000084f00000, 0x0000000084f00000|100%| S|CS|TAMS 0x0000000084e00000, 0x0000000084e00000| Complete 
|  51|0x0000000084f00000, 0x0000000085000000, 0x0000000085000000|100%| S|CS|TAMS 0x0000000084f00000, 0x0000000084f00000| Complete 
|  52|0x0000000085000000, 0x0000000085000000, 0x0000000085100000|  0%| F|  |TAMS 0x0000000085000000, 0x0000000085000000| Untracked 
|  53|0x0000000085100000, 0x0000000085100000, 0x0000000085200000|  0%| F|  |TAMS 0x0000000085100000, 0x0000000085100000| Untracked 
|  54|0x0000000085200000, 0x0000000085200000, 0x0000000085300000|  0%| F|  |TAMS 0x0000000085200000, 0x0000000085200000| Untracked 
|  55|0x0000000085300000, 0x0000000085300000, 0x0000000085400000|  0%| F|  |TAMS 0x0000000085300000, 0x0000000085300000| Untracked 
|  56|0x0000000085400000, 0x0000000085400000, 0x0000000085500000|  0%| F|  |TAMS 0x0000000085400000, 0x0000000085400000| Untracked 
|  57|0x0000000085500000, 0x0000000085500000, 0x0000000085600000|  0%| F|  |TAMS 0x0000000085500000, 0x0000000085500000| Untracked 
|  58|0x0000000085600000, 0x0000000085600000, 0x0000000085700000|  0%| F|  |TAMS 0x0000000085600000, 0x0000000085600000| Untracked 
|  59|0x0000000085700000, 0x0000000085700000, 0x0000000085800000|  0%| F|  |TAMS 0x0000000085700000, 0x0000000085700000| Untracked 
|  60|0x0000000085800000, 0x0000000085800000, 0x0000000085900000|  0%| F|  |TAMS 0x0000000085800000, 0x0000000085800000| Untracked 
|  61|0x0000000085900000, 0x0000000085900000, 0x0000000085a00000|  0%| F|  |TAMS 0x0000000085900000, 0x0000000085900000| Untracked 
|  62|0x0000000085a00000, 0x0000000085a00000, 0x0000000085b00000|  0%| F|  |TAMS 0x0000000085a00000, 0x0000000085a00000| Untracked 
|  63|0x0000000085b00000, 0x0000000085b00000, 0x0000000085c00000|  0%| F|  |TAMS 0x0000000085b00000, 0x0000000085b00000| Untracked 
|  64|0x0000000085c00000, 0x0000000085c00000, 0x0000000085d00000|  0%| F|  |TAMS 0x0000000085c00000, 0x0000000085c00000| Untracked 
|  65|0x0000000085d00000, 0x0000000085d00000, 0x0000000085e00000|  0%| F|  |TAMS 0x0000000085d00000, 0x0000000085d00000| Untracked 
|  66|0x0000000085e00000, 0x0000000085e00000, 0x0000000085f00000|  0%| F|  |TAMS 0x0000000085e00000, 0x0000000085e00000| Untracked 
|  67|0x0000000085f00000, 0x0000000085f80800, 0x0000000086000000| 50%| E|  |TAMS 0x0000000085f00000, 0x0000000085f00000| Complete 
|  68|0x0000000086000000, 0x0000000086100000, 0x0000000086100000|100%| E|CS|TAMS 0x0000000086000000, 0x0000000086000000| Complete 
|  69|0x0000000086100000, 0x0000000086200000, 0x0000000086200000|100%| E|CS|TAMS 0x0000000086100000, 0x0000000086100000| Complete 
|  70|0x0000000086200000, 0x0000000086300000, 0x0000000086300000|100%| E|CS|TAMS 0x0000000086200000, 0x0000000086200000| Complete 
|  71|0x0000000086300000, 0x0000000086400000, 0x0000000086400000|100%| E|CS|TAMS 0x0000000086300000, 0x0000000086300000| Complete 
|  72|0x0000000086400000, 0x0000000086500000, 0x0000000086500000|100%| E|CS|TAMS 0x0000000086400000, 0x0000000086400000| Complete 
|  73|0x0000000086500000, 0x0000000086600000, 0x0000000086600000|100%| E|CS|TAMS 0x0000000086500000, 0x0000000086500000| Complete 
|  74|0x0000000086600000, 0x0000000086700000, 0x0000000086700000|100%| E|CS|TAMS 0x0000000086600000, 0x0000000086600000| Complete 
|  75|0x0000000086700000, 0x0000000086800000, 0x0000000086800000|100%| E|CS|TAMS 0x0000000086700000, 0x0000000086700000| Complete 
|  76|0x0000000086800000, 0x0000000086900000, 0x0000000086900000|100%| E|CS|TAMS 0x0000000086800000, 0x0000000086800000| Complete 
|  77|0x0000000086900000, 0x0000000086a00000, 0x0000000086a00000|100%| E|CS|TAMS 0x0000000086900000, 0x0000000086900000| Complete 
|  78|0x0000000086a00000, 0x0000000086b00000, 0x0000000086b00000|100%| E|CS|TAMS 0x0000000086a00000, 0x0000000086a00000| Complete 
|  79|0x0000000086b00000, 0x0000000086c00000, 0x0000000086c00000|100%| E|CS|TAMS 0x0000000086b00000, 0x0000000086b00000| Complete 
|  80|0x0000000086c00000, 0x0000000086d00000, 0x0000000086d00000|100%| E|CS|TAMS 0x0000000086c00000, 0x0000000086c00000| Complete 
|  81|0x0000000086d00000, 0x0000000086e00000, 0x0000000086e00000|100%| E|CS|TAMS 0x0000000086d00000, 0x0000000086d00000| Complete 
|  82|0x0000000086e00000, 0x0000000086f00000, 0x0000000086f00000|100%| E|CS|TAMS 0x0000000086e00000, 0x0000000086e00000| Complete 
|  83|0x0000000086f00000, 0x0000000087000000, 0x0000000087000000|100%| E|CS|TAMS 0x0000000086f00000, 0x0000000086f00000| Complete 
|  84|0x0000000087000000, 0x0000000087100000, 0x0000000087100000|100%| E|CS|TAMS 0x0000000087000000, 0x0000000087000000| Complete 
|  85|0x0000000087100000, 0x0000000087200000, 0x0000000087200000|100%| E|CS|TAMS 0x0000000087100000, 0x0000000087100000| Complete 
|  86|0x0000000087200000, 0x0000000087300000, 0x0000000087300000|100%| E|CS|TAMS 0x0000000087200000, 0x0000000087200000| Complete 
|  87|0x0000000087300000, 0x0000000087400000, 0x0000000087400000|100%| E|CS|TAMS 0x0000000087300000, 0x0000000087300000| Complete 
|  88|0x0000000087400000, 0x0000000087500000, 0x0000000087500000|100%| E|CS|TAMS 0x0000000087400000, 0x0000000087400000| Complete 
|  89|0x0000000087500000, 0x0000000087600000, 0x0000000087600000|100%| E|CS|TAMS 0x0000000087500000, 0x0000000087500000| Complete 
|  90|0x0000000087600000, 0x0000000087700000, 0x0000000087700000|100%| E|CS|TAMS 0x0000000087600000, 0x0000000087600000| Complete 
|  91|0x0000000087700000, 0x0000000087800000, 0x0000000087800000|100%| E|CS|TAMS 0x0000000087700000, 0x0000000087700000| Complete 
|  92|0x0000000087800000, 0x0000000087900000, 0x0000000087900000|100%| E|CS|TAMS 0x0000000087800000, 0x0000000087800000| Complete 
|  93|0x0000000087900000, 0x0000000087a00000, 0x0000000087a00000|100%| E|CS|TAMS 0x0000000087900000, 0x0000000087900000| Complete 
|  94|0x0000000087a00000, 0x0000000087b00000, 0x0000000087b00000|100%| E|CS|TAMS 0x0000000087a00000, 0x0000000087a00000| Complete 
|  95|0x0000000087b00000, 0x0000000087c00000, 0x0000000087c00000|100%| E|CS|TAMS 0x0000000087b00000, 0x0000000087b00000| Complete 
|  96|0x0000000087c00000, 0x0000000087d00000, 0x0000000087d00000|100%| E|CS|TAMS 0x0000000087c00000, 0x0000000087c00000| Complete 
|  97|0x0000000087d00000, 0x0000000087e00000, 0x0000000087e00000|100%| E|CS|TAMS 0x0000000087d00000, 0x0000000087d00000| Complete 
|  98|0x0000000087e00000, 0x0000000087f00000, 0x0000000087f00000|100%| E|CS|TAMS 0x0000000087e00000, 0x0000000087e00000| Complete 
|  99|0x0000000087f00000, 0x0000000088000000, 0x0000000088000000|100%| E|CS|TAMS 0x0000000087f00000, 0x0000000087f00000| Complete 
| 100|0x0000000088000000, 0x0000000088100000, 0x0000000088100000|100%| E|CS|TAMS 0x0000000088000000, 0x0000000088000000| Complete 
| 101|0x0000000088100000, 0x0000000088200000, 0x0000000088200000|100%| E|CS|TAMS 0x0000000088100000, 0x0000000088100000| Complete 
| 102|0x0000000088200000, 0x0000000088300000, 0x0000000088300000|100%| E|CS|TAMS 0x0000000088200000, 0x0000000088200000| Complete 
| 103|0x0000000088300000, 0x0000000088400000, 0x0000000088400000|100%| E|CS|TAMS 0x0000000088300000, 0x0000000088300000| Complete 
| 104|0x0000000088400000, 0x0000000088500000, 0x0000000088500000|100%| E|CS|TAMS 0x0000000088400000, 0x0000000088400000| Complete 
| 105|0x0000000088500000, 0x0000000088600000, 0x0000000088600000|100%| E|CS|TAMS 0x0000000088500000, 0x0000000088500000| Complete 
| 106|0x0000000088600000, 0x0000000088700000, 0x0000000088700000|100%| E|CS|TAMS 0x0000000088600000, 0x0000000088600000| Complete 
| 107|0x0000000088700000, 0x0000000088800000, 0x0000000088800000|100%| E|CS|TAMS 0x0000000088700000, 0x0000000088700000| Complete 
| 108|0x0000000088800000, 0x0000000088900000, 0x0000000088900000|100%| E|CS|TAMS 0x0000000088800000, 0x0000000088800000| Complete 
| 109|0x0000000088900000, 0x0000000088a00000, 0x0000000088a00000|100%| E|CS|TAMS 0x0000000088900000, 0x0000000088900000| Complete 
| 110|0x0000000088a00000, 0x0000000088b00000, 0x0000000088b00000|100%| E|CS|TAMS 0x0000000088a00000, 0x0000000088a00000| Complete 
| 111|0x0000000088b00000, 0x0000000088c00000, 0x0000000088c00000|100%| E|CS|TAMS 0x0000000088b00000, 0x0000000088b00000| Complete 
| 112|0x0000000088c00000, 0x0000000088d00000, 0x0000000088d00000|100%| E|CS|TAMS 0x0000000088c00000, 0x0000000088c00000| Complete 
| 113|0x0000000088d00000, 0x0000000088e00000, 0x0000000088e00000|100%| E|CS|TAMS 0x0000000088d00000, 0x0000000088d00000| Complete 
| 114|0x0000000088e00000, 0x0000000088f00000, 0x0000000088f00000|100%| E|CS|TAMS 0x0000000088e00000, 0x0000000088e00000| Complete 
| 115|0x0000000088f00000, 0x0000000089000000, 0x0000000089000000|100%| E|CS|TAMS 0x0000000088f00000, 0x0000000088f00000| Complete 
| 116|0x0000000089000000, 0x0000000089100000, 0x0000000089100000|100%| E|CS|TAMS 0x0000000089000000, 0x0000000089000000| Complete 
| 117|0x0000000089100000, 0x0000000089200000, 0x0000000089200000|100%| E|CS|TAMS 0x0000000089100000, 0x0000000089100000| Complete 
| 118|0x0000000089200000, 0x0000000089300000, 0x0000000089300000|100%| E|CS|TAMS 0x0000000089200000, 0x0000000089200000| Complete 
| 119|0x0000000089300000, 0x0000000089400000, 0x0000000089400000|100%| E|CS|TAMS 0x0000000089300000, 0x0000000089300000| Complete 
| 120|0x0000000089400000, 0x0000000089500000, 0x0000000089500000|100%| E|CS|TAMS 0x0000000089400000, 0x0000000089400000| Complete 
| 121|0x0000000089500000, 0x0000000089600000, 0x0000000089600000|100%| E|CS|TAMS 0x0000000089500000, 0x0000000089500000| Complete 
| 122|0x0000000089600000, 0x0000000089700000, 0x0000000089700000|100%| E|CS|TAMS 0x0000000089600000, 0x0000000089600000| Complete 
| 123|0x0000000089700000, 0x0000000089800000, 0x0000000089800000|100%| E|CS|TAMS 0x0000000089700000, 0x0000000089700000| Complete 
| 124|0x0000000089800000, 0x0000000089900000, 0x0000000089900000|100%| E|CS|TAMS 0x0000000089800000, 0x0000000089800000| Complete 
| 125|0x0000000089900000, 0x0000000089a00000, 0x0000000089a00000|100%| E|CS|TAMS 0x0000000089900000, 0x0000000089900000| Complete 
| 126|0x0000000089a00000, 0x0000000089b00000, 0x0000000089b00000|100%| E|CS|TAMS 0x0000000089a00000, 0x0000000089a00000| Complete 
| 127|0x0000000089b00000, 0x0000000089c00000, 0x0000000089c00000|100%| E|CS|TAMS 0x0000000089b00000, 0x0000000089b00000| Complete 

Card table byte_map: [0x000001cff18a0000,0x000001cff1ca0000] _byte_map_base: 0x000001cff1492000

Marking Bits (Prev, Next): (CMBitMap*) 0x000001cfe90bc410, (CMBitMap*) 0x000001cfe90bc3d8
 Prev Bits: [0x000001cff4030000, 0x000001cff5fc0000)
 Next Bits: [0x000001cff20a0000, 0x000001cff4030000)

Polling page: 0x000001cfe87f0000

Metaspace:

Usage:
  Non-class:     29.01 MB capacity,    28.51 MB ( 98%) used,   405.16 KB (  1%) free+waste,   102.06 KB ( <1%) overhead. 
      Class:      4.10 MB capacity,     3.74 MB ( 91%) used,   323.65 KB (  8%) free+waste,    48.00 KB (  1%) overhead. 
       Both:     33.11 MB capacity,    32.25 MB ( 97%) used,   728.80 KB (  2%) free+waste,   150.06 KB ( <1%) overhead. 

Virtual space:
  Non-class space:       30.00 MB reserved,      29.17 MB ( 97%) committed 
      Class space:        1.00 GB reserved,       4.20 MB ( <1%) committed 
             Both:        1.03 GB reserved,      33.37 MB (  3%) committed 

Chunk freelists:
   Non-Class:  5.00 KB
       Class:  2.88 KB
        Both:  7.88 KB

CodeHeap 'non-profiled nmethods': size=120064Kb used=1471Kb max_used=1471Kb free=118592Kb
 bounds [0x000001cf87ac0000, 0x000001cf87d30000, 0x000001cf8f000000]
CodeHeap 'profiled nmethods': size=120000Kb used=7528Kb max_used=7528Kb free=112471Kb
 bounds [0x000001cf80590000, 0x000001cf80cf0000, 0x000001cf87ac0000]
CodeHeap 'non-nmethods': size=5696Kb used=1125Kb max_used=1174Kb free=4571Kb
 bounds [0x000001cf80000000, 0x000001cf80270000, 0x000001cf80590000]
 total_blobs=3809 nmethods=3359 adapters=361
 compilation: enabled
              stopped_count=0, restarted_count=0
 full_count=0

Compilation events (10 events):
Event: 6.002 Thread 0x000001cff8d81800 3334       3       java.util.concurrent.ConcurrentHashMap::get (162 bytes)
Event: 6.003 Thread 0x000001cff8d81800 nmethod 3334 0x000001cf80cd3d10 code [0x000001cf80cd3f60, 0x000001cf80cd4c18]
Event: 6.003 Thread 0x000001cff8d81800 3333       3       org.springframework.core.annotation.TypeMappedAnnotations$AggregatesCollector::doWithAnnotations (10 bytes)
Event: 6.004 Thread 0x000001cff8d81800 nmethod 3333 0x000001cf80cd4f90 code [0x000001cf80cd5180, 0x000001cf80cd5658]
Event: 6.006 Thread 0x000001cff8d81800 3335       3       org.springframework.core.MethodParameter::getGenericParameterType (147 bytes)
Event: 6.008 Thread 0x000001cff8d81800 nmethod 3335 0x000001cf80cd5890 code [0x000001cf80cd5c40, 0x000001cf80cd7b48]
Event: 6.012 Thread 0x000001cff8d81800 3336       3       org.springframework.core.convert.support.GenericConversionService$Converters$$Lambda$48/0x0000000100108c40::apply (8 bytes)
Event: 6.012 Thread 0x000001cff8d81800 nmethod 3336 0x000001cf80cd8410 code [0x000001cf80cd8600, 0x000001cf80cd8c58]
Event: 6.012 Thread 0x000001cff8d81800 3337       1       org.springframework.boot.context.properties.bind.Bindable::getType (5 bytes)
Event: 6.012 Thread 0x000001cff8d81800 nmethod 3337 0x000001cf87c2f310 code [0x000001cf87c2f4a0, 0x000001cf87c2f558]

GC Heap History (10 events):
Event: 1.270 GC heap before
{Heap before GC invocations=1 (full 0):
 garbage-first heap   total 131072K, used 15230K [0x0000000081c00000, 0x0000000100000000)
  region size 1024K, 9 young (9216K), 2 survivors (2048K)
 Metaspace       used 11376K, capacity 11553K, committed 11776K, reserved 1060864K
  class space    used 1100K, capacity 1169K, committed 1280K, reserved 1048576K
}
Event: 1.274 GC heap after
{Heap after GC invocations=2 (full 0):
 garbage-first heap   total 131072K, used 8529K [0x0000000081c00000, 0x0000000100000000)
  region size 1024K, 1 young (1024K), 1 survivors (1024K)
 Metaspace       used 11376K, capacity 11553K, committed 11776K, reserved 1060864K
  class space    used 1100K, capacity 1169K, committed 1280K, reserved 1048576K
}
Event: 1.897 GC heap before
{Heap before GC invocations=2 (full 0):
 garbage-first heap   total 131072K, used 31057K [0x0000000081c00000, 0x0000000100000000)
  region size 1024K, 24 young (24576K), 1 survivors (1024K)
 Metaspace       used 17966K, capacity 18377K, committed 18688K, reserved 1067008K
  class space    used 1816K, capacity 1992K, committed 2048K, reserved 1048576K
}
Event: 1.901 GC heap after
{Heap after GC invocations=3 (full 0):
 garbage-first heap   total 131072K, used 9734K [0x0000000081c00000, 0x0000000100000000)
  region size 1024K, 2 young (2048K), 2 survivors (2048K)
 Metaspace       used 17966K, capacity 18377K, committed 18688K, reserved 1067008K
  class space    used 1816K, capacity 1992K, committed 2048K, reserved 1048576K
}
Event: 2.140 GC heap before
{Heap before GC invocations=3 (full 0):
 garbage-first heap   total 131072K, used 22022K [0x0000000081c00000, 0x0000000100000000)
  region size 1024K, 15 young (15360K), 2 survivors (2048K)
 Metaspace       used 20725K, capacity 21181K, committed 21296K, reserved 1069056K
  class space    used 2238K, capacity 2419K, committed 2432K, reserved 1048576K
}
Event: 2.146 GC heap after
{Heap after GC invocations=4 (full 0):
 garbage-first heap   total 131072K, used 10143K [0x0000000081c00000, 0x0000000100000000)
  region size 1024K, 3 young (3072K), 3 survivors (3072K)
 Metaspace       used 20725K, capacity 21181K, committed 21296K, reserved 1069056K
  class space    used 2238K, capacity 2419K, committed 2432K, reserved 1048576K
}
Event: 3.108 GC heap before
{Heap before GC invocations=5 (full 0):
 garbage-first heap   total 131072K, used 53151K [0x0000000081c00000, 0x0000000100000000)
  region size 1024K, 46 young (47104K), 3 survivors (3072K)
 Metaspace       used 24148K, capacity 24742K, committed 24828K, reserved 1071104K
  class space    used 2671K, capacity 2877K, committed 2892K, reserved 1048576K
}
Event: 3.114 GC heap after
{Heap after GC invocations=6 (full 0):
 garbage-first heap   total 131072K, used 11449K [0x0000000081c00000, 0x0000000100000000)
  region size 1024K, 4 young (4096K), 4 survivors (4096K)
 Metaspace       used 24148K, capacity 24742K, committed 24828K, reserved 1071104K
  class space    used 2671K, capacity 2877K, committed 2892K, reserved 1048576K
}
Event: 4.048 GC heap before
{Heap before GC invocations=6 (full 0):
 garbage-first heap   total 131072K, used 84153K [0x0000000081c00000, 0x0000000100000000)
  region size 1024K, 76 young (77824K), 4 survivors (4096K)
 Metaspace       used 25870K, capacity 26463K, committed 26620K, reserved 1073152K
  class space    used 2851K, capacity 3081K, committed 3148K, reserved 1048576K
}
Event: 4.055 GC heap after
{Heap after GC invocations=7 (full 0):
 garbage-first heap   total 131072K, used 12693K [0x0000000081c00000, 0x0000000100000000)
  region size 1024K, 5 young (5120K), 5 survivors (5120K)
 Metaspace       used 25870K, capacity 26463K, committed 26620K, reserved 1073152K
  class space    used 2851K, capacity 3081K, committed 3148K, reserved 1048576K
}

Deoptimization events (10 events):
Event: 5.742 Thread 0x000001cfe907e800 Uncommon trap: reason=unstable_if action=reinterpret pc=0x000001cf87b3243c method=java.nio.Buffer.position(I)Ljava/nio/Buffer; @ 37 c2
Event: 5.748 Thread 0x000001cfe907e800 Uncommon trap: reason=unstable_if action=reinterpret pc=0x000001cf87c29598 method=java.io.WinNTFileSystem.isLetter(C)Z @ 3 c2
Event: 5.799 Thread 0x000001cfe907e800 Uncommon trap: reason=class_check action=maybe_recompile pc=0x000001cf87b916b0 method=java.util.concurrent.ConcurrentHashMap.putVal(Ljava/lang/Object;Ljava/lang/Object;Z)Ljava/lang/Object; @ 242 c2
Event: 5.824 Thread 0x000001cfe907e800 Uncommon trap: reason=class_check action=maybe_recompile pc=0x000001cf87b916b0 method=java.util.concurrent.ConcurrentHashMap.putVal(Ljava/lang/Object;Ljava/lang/Object;Z)Ljava/lang/Object; @ 242 c2
Event: 5.831 Thread 0x000001cfe907e800 Uncommon trap: reason=null_check action=make_not_entrant pc=0x000001cf87bf7310 method=org.springframework.beans.factory.support.DefaultListableBeanFactory.getBeanDefinition(Ljava/lang/String;)Lorg/springframework/beans/factory/config/BeanDefinition; @ 10 
Event: 5.860 Thread 0x000001cfe907e800 Uncommon trap: reason=class_check action=maybe_recompile pc=0x000001cf87b916b0 method=java.util.concurrent.ConcurrentHashMap.putVal(Ljava/lang/Object;Ljava/lang/Object;Z)Ljava/lang/Object; @ 242 c2
Event: 5.863 Thread 0x000001cfe907e800 Uncommon trap: reason=class_check action=maybe_recompile pc=0x000001cf87b916b0 method=java.util.concurrent.ConcurrentHashMap.putVal(Ljava/lang/Object;Ljava/lang/Object;Z)Ljava/lang/Object; @ 242 c2
Event: 5.969 Thread 0x000001cfe907e800 Uncommon trap: reason=unstable_if action=reinterpret pc=0x000001cf87bdf124 method=sun.net.www.ParseUtil.firstEncodeIndex(Ljava/lang/String;)I @ 51 c2
Event: 5.970 Thread 0x000001cfe907e800 Uncommon trap: reason=unstable_if action=reinterpret pc=0x000001cf87b1a99c method=sun.net.www.ParseUtil.firstEncodeIndex(Ljava/lang/String;)I @ 51 c2
Event: 5.996 Thread 0x000001cfe907e800 Uncommon trap: reason=unstable_if action=reinterpret pc=0x000001cf87b78f24 method=java.util.concurrent.ConcurrentHashMap.get(Ljava/lang/Object;)Ljava/lang/Object; @ 152 c2

Classes redefined (0 events):
No events

Internal exceptions (10 events):
Event: 5.607 Thread 0x000001cfe907e800 Exception <a 'java/lang/ClassNotFoundException'{0x0000000086920358}: java/lang/ObjectCustomizer> (0x0000000086920358) thrown at [./open/src/hotspot/share/classfile/systemDictionary.cpp, line 228]
Event: 5.613 Thread 0x000001cfe907e800 Exception <a 'java/lang/ClassNotFoundException'{0x0000000086935c70}: org/springframework/transaction/annotation/AbstractTransactionManagementConfigurationCustomizer> (0x0000000086935c70) thrown at [./open/src/hotspot/share/classfile/systemDictionary.cpp, 
Event: 5.615 Thread 0x000001cfe907e800 Exception <a 'java/lang/ClassNotFoundException'{0x000000008694a608}: org/springframework/transaction/annotation/ProxyTransactionManagementConfigurationCustomizer> (0x000000008694a608) thrown at [./open/src/hotspot/share/classfile/systemDictionary.cpp, lin
Event: 5.618 Thread 0x000001cfe907e800 Exception <a 'java/lang/ClassNotFoundException'{0x000000008695c938}: org/springframework/context/annotation/ImportAwareCustomizer> (0x000000008695c938) thrown at [./open/src/hotspot/share/classfile/systemDictionary.cpp, line 228]
Event: 5.619 Thread 0x000001cfe907e800 Exception <a 'java/lang/ClassNotFoundException'{0x000000008696a2d0}: org/springframework/beans/factory/AwareCustomizer> (0x000000008696a2d0) thrown at [./open/src/hotspot/share/classfile/systemDictionary.cpp, line 228]
Event: 5.767 Thread 0x000001cfe907e800 Exception <a 'java/lang/NoSuchMethodError'{0x0000000086662498}: java.lang.invoke.DirectMethodHandle$Holder.invokeSpecial(Ljava/lang/Object;Ljava/lang/Object;Ljava/lang/Object;Ljava/lang/Object;Ljava/lang/Object;)I> (0x0000000086662498) thrown at [./open/s
Event: 5.831 Thread 0x000001cfe907e800 Implicit null exception at 0x000001cf87bf706b to 0x000001cf87bf7300
Event: 5.891 Thread 0x000001cfe907e800 Exception <a 'java/lang/NoSuchMethodError'{0x00000000864e5f70}: java.lang.invoke.DirectMethodHandle$Holder.invokeInterface(Ljava/lang/Object;Ljava/lang/Object;I)V> (0x00000000864e5f70) thrown at [./open/src/hotspot/share/interpreter/linkResolver.cpp, line
Event: 5.907 Thread 0x000001cfe907e800 Exception <a 'java/lang/IncompatibleClassChangeError'{0x00000000863317e0}: Found class java.lang.Object, but interface was expected> (0x00000000863317e0) thrown at [./open/src/hotspot/share/interpreter/linkResolver.cpp, line 838]
Event: 5.908 Thread 0x000001cfe907e800 Exception <a 'java/lang/NoSuchMethodError'{0x0000000086336660}: java.lang.invoke.DirectMethodHandle$Holder.invokeStatic(Ljava/lang/Object;ILjava/lang/Object;)V> (0x0000000086336660) thrown at [./open/src/hotspot/share/interpreter/linkResolver.cpp, line 77

Events (10 events):
Event: 6.005 loading class javax/servlet/MultipartConfigElement
Event: 6.005 loading class javax/servlet/MultipartConfigElement done
Event: 6.005 loading class javax/servlet/MultipartConfigElement
Event: 6.005 loading class javax/servlet/MultipartConfigElement done
Event: 6.005 loading class org/springframework/boot/autoconfigure/web/servlet/DispatcherServletRegistrationBean
Event: 6.005 loading class org/springframework/boot/autoconfigure/web/servlet/DispatcherServletRegistrationBean done
Event: 6.009 loading class org/springframework/boot/context/properties/source/UnboundElementsSourceFilter
Event: 6.009 loading class org/springframework/boot/context/properties/source/UnboundElementsSourceFilter done
Event: 6.009 loading class org/springframework/boot/context/properties/bind/handler/NoUnboundElementsBindHandler
Event: 6.009 loading class org/springframework/boot/context/properties/bind/handler/NoUnboundElementsBindHandler done


Dynamic libraries:
0x00007ff6a5fb0000 - 0x00007ff6a5fbf000 	C:\Program Files\Java\jdk-11.0.10\bin\java.exe
0x00007ffabb3b0000 - 0x00007ffabb5a5000 	C:\WINDOWS\SYSTEM32\ntdll.dll
0x00007ffab9a60000 - 0x00007ffab9b1d000 	C:\WINDOWS\System32\KERNEL32.DLL
0x00007ffab8f80000 - 0x00007ffab9249000 	C:\WINDOWS\System32\KERNELBASE.dll
0x00007ffab8b90000 - 0x00007ffab8c90000 	C:\WINDOWS\System32\ucrtbase.dll
0x00007ffa7ea00000 - 0x00007ffa7ea15000 	C:\Program Files\Java\jdk-11.0.10\bin\VCRUNTIME140.dll
0x00007ffa834f0000 - 0x00007ffa83508000 	C:\Program Files\Java\jdk-11.0.10\bin\jli.dll
0x00007ffab95d0000 - 0x00007ffab967c000 	C:\WINDOWS\System32\ADVAPI32.dll
0x00007ffabb2d0000 - 0x00007ffabb36e000 	C:\WINDOWS\System32\msvcrt.dll
0x00007ffabb090000 - 0x00007ffabb12b000 	C:\WINDOWS\System32\sechost.dll
0x00007ffab9dc0000 - 0x00007ffab9eea000 	C:\WINDOWS\System32\RPCRT4.dll
0x00007ffab9680000 - 0x00007ffab9820000 	C:\WINDOWS\System32\USER32.dll
0x00007ffab8ce0000 - 0x00007ffab8d02000 	C:\WINDOWS\System32\win32u.dll
0x00007ffa9a420000 - 0x00007ffa9a6ba000 	C:\WINDOWS\WinSxS\amd64_microsoft.windows.common-controls_6595b64144ccf1df_6.0.19041.1083_none_60bbe31371f34e71\COMCTL32.dll
0x00007ffab9f60000 - 0x00007ffab9f8a000 	C:\WINDOWS\System32\GDI32.dll
0x00007ffab92e0000 - 0x00007ffab93eb000 	C:\WINDOWS\System32\gdi32full.dll
0x00007ffab8af0000 - 0x00007ffab8b8d000 	C:\WINDOWS\System32\msvcp_win.dll
0x00007ffab7820000 - 0x00007ffab782a000 	C:\WINDOWS\SYSTEM32\VERSION.dll
0x00007ffab9f90000 - 0x00007ffab9fc0000 	C:\WINDOWS\System32\IMM32.DLL
0x00007ffa5de80000 - 0x00007ffa5df24000 	C:\Program Files\McAfee\Endpoint Security\Threat Prevention\Ips\EpMPApi.dll
0x00007ffab8dc0000 - 0x00007ffab8e20000 	C:\WINDOWS\System32\WINTRUST.dll
0x00007ffab8e20000 - 0x00007ffab8f7f000 	C:\WINDOWS\System32\CRYPT32.dll
0x00007ffab86e0000 - 0x00007ffab86f2000 	C:\WINDOWS\SYSTEM32\MSASN1.dll
0x0000000061210000 - 0x000000006121c000 	C:\Program Files\McAfee\Endpoint Security\Threat Prevention\Ips\EpMPThe.dll
0x00007ffa66f60000 - 0x00007ffa66fb9000 	C:\Program Files\McAfee\Endpoint Security\Threat Prevention\Ips\HIPHandlers64.dll
0x00007ffab9fd0000 - 0x00007ffaba025000 	C:\WINDOWS\System32\SHLWAPI.dll
0x00007ffaa5390000 - 0x00007ffaa5574000 	C:\WINDOWS\SYSTEM32\dbghelp.dll
0x0000000061230000 - 0x0000000061268000 	C:\Program Files\Common Files\McAfee\SystemCore\mfehcinj.dll
0x0000000061220000 - 0x000000006122e000 	C:\Program Files\Common Files\McAfee\SystemCore\mfehcthe.dll
0x00007ffaad2a0000 - 0x00007ffaad2cd000 	C:\Program Files\McAfee\Endpoint Security\Adaptive Threat Protection\mfedeeprem64.dll
0x00007ffab9820000 - 0x00007ffab994a000 	C:\WINDOWS\System32\ole32.dll
0x00007ffabad30000 - 0x00007ffabb085000 	C:\WINDOWS\System32\combase.dll
0x000001cfe8290000 - 0x000001cfe835d000 	C:\WINDOWS\System32\OLEAUT32.dll
0x00007ffa58790000 - 0x00007ffa5882b000 	C:\Program Files\Java\jdk-11.0.10\bin\msvcp140.dll
0x00007ffa427b0000 - 0x00007ffa432ab000 	C:\Program Files\Java\jdk-11.0.10\bin\server\jvm.dll
0x00007ffab9fc0000 - 0x00007ffab9fc8000 	C:\WINDOWS\System32\PSAPI.DLL
0x00007ffa92cf0000 - 0x00007ffa92d17000 	C:\WINDOWS\SYSTEM32\WINMM.dll
0x00007ffa9f4f0000 - 0x00007ffa9f4f9000 	C:\WINDOWS\SYSTEM32\WSOCK32.dll
0x00007ffab9ef0000 - 0x00007ffab9f5b000 	C:\WINDOWS\System32\WS2_32.dll
0x00007ffab73f0000 - 0x00007ffab7402000 	C:\WINDOWS\SYSTEM32\kernel.appcore.dll
0x00007ffa86a90000 - 0x00007ffa86aa0000 	C:\Program Files\Java\jdk-11.0.10\bin\verify.dll
0x00007ffa9a720000 - 0x00007ffa9a74c000 	C:\WINDOWS\SYSTEM32\dbgcore.DLL
0x00007ffab9250000 - 0x00007ffab92d3000 	C:\WINDOWS\System32\bcryptPrimitives.dll
0x00007ffa71730000 - 0x00007ffa71758000 	C:\Program Files\Java\jdk-11.0.10\bin\java.dll
0x00007ffa85e80000 - 0x00007ffa85e8a000 	C:\Program Files\Java\jdk-11.0.10\bin\jimage.dll
0x00007ffa7d1c0000 - 0x00007ffa7d1d6000 	C:\Program Files\Java\jdk-11.0.10\bin\zip.dll
0x00007ffaba590000 - 0x00007ffabaccf000 	C:\WINDOWS\System32\SHELL32.dll
0x00007ffab6870000 - 0x00007ffab7001000 	C:\WINDOWS\SYSTEM32\windows.storage.dll
0x00007ffab84f0000 - 0x00007ffab851c000 	C:\WINDOWS\SYSTEM32\Wldp.dll
0x00007ffabb220000 - 0x00007ffabb2ce000 	C:\WINDOWS\System32\SHCORE.dll
0x00007ffab8a30000 - 0x00007ffab8a4f000 	C:\WINDOWS\SYSTEM32\profapi.dll
0x00007ffa74230000 - 0x00007ffa74249000 	C:\Program Files\Java\jdk-11.0.10\bin\net.dll
0x00007ffaadfe0000 - 0x00007ffaae0ea000 	C:\WINDOWS\SYSTEM32\WINHTTP.dll
0x00007ffab8250000 - 0x00007ffab82ba000 	C:\WINDOWS\system32\mswsock.dll
0x00007ffa740c0000 - 0x00007ffa740d2000 	C:\Program Files\Java\jdk-11.0.10\bin\nio.dll
0x00007ffa85e50000 - 0x00007ffa85e59000 	C:\Program Files\Java\jdk-11.0.10\bin\management.dll
0x00007ffa85d70000 - 0x00007ffa85d7b000 	C:\Program Files\Java\jdk-11.0.10\bin\management_ext.dll
0x00007ffaa2af0000 - 0x00007ffaa2b07000 	C:\WINDOWS\system32\napinsp.dll
0x00007ffaa2ad0000 - 0x00007ffaa2aeb000 	C:\WINDOWS\system32\pnrpnsp.dll
0x00007ffab3890000 - 0x00007ffab38a5000 	C:\WINDOWS\system32\wshbth.dll
0x00007ffab43e0000 - 0x00007ffab43fd000 	C:\WINDOWS\system32\NLAapi.dll
0x00007ffab7ee0000 - 0x00007ffab7f1b000 	C:\WINDOWS\SYSTEM32\IPHLPAPI.DLL
0x00007ffab7f20000 - 0x00007ffab7fec000 	C:\WINDOWS\SYSTEM32\DNSAPI.dll
0x00007ffaba580000 - 0x00007ffaba588000 	C:\WINDOWS\System32\NSI.dll
0x00007ffaa2ab0000 - 0x00007ffaa2ac2000 	C:\WINDOWS\System32\winrnr.dll
0x00007ffaaf030000 - 0x00007ffaaf03a000 	C:\Windows\System32\rasadhlp.dll
0x00007ffaadcc0000 - 0x00007ffaadd3f000 	C:\WINDOWS\System32\fwpuclnt.dll
0x00007ffab93f0000 - 0x00007ffab9417000 	C:\WINDOWS\System32\bcrypt.dll
0x00007ffab8430000 - 0x00007ffab8448000 	C:\WINDOWS\SYSTEM32\CRYPTSP.dll
0x00007ffab7b90000 - 0x00007ffab7bc4000 	C:\WINDOWS\system32\rsaenh.dll
0x00007ffab89b0000 - 0x00007ffab89de000 	C:\WINDOWS\SYSTEM32\USERENV.dll
0x00007ffab8450000 - 0x00007ffab845c000 	C:\WINDOWS\SYSTEM32\CRYPTBASE.dll
0x00007ffaadc90000 - 0x00007ffaadca7000 	C:\WINDOWS\SYSTEM32\dhcpcsvc6.DLL
0x00007ffaadb30000 - 0x00007ffaadb4d000 	C:\WINDOWS\SYSTEM32\dhcpcsvc.DLL

dbghelp: loaded successfully - version: 4.0.5 - missing functions: none
symbol engine: initialized successfully - sym options: 0x614 - pdb path: .;C:\Program Files\Java\jdk-11.0.10\bin;C:\WINDOWS\SYSTEM32;C:\WINDOWS\WinSxS\amd64_microsoft.windows.common-controls_6595b64144ccf1df_6.0.19041.1083_none_60bbe31371f34e71;C:\Program Files\McAfee\Endpoint Security\Threat Prevention\Ips;C:\Program Files\Common Files\McAfee\SystemCore;C:\Program Files\McAfee\Endpoint Security\Adaptive Threat Protection;C:\Program Files\Java\jdk-11.0.10\bin\server

VM Arguments:
java_command: com.odkdhis.OdkdhisApplications
java_class_path (initial): C:\Users\Paul Ombio\Downloads\SSV Projects\odkdhis\target\classes;C:\Users\Paul Ombio\.m2\repository\org\springframework\boot\spring-boot-starter-web\2.3.1.RELEASE\spring-boot-starter-web-2.3.1.RELEASE.jar;C:\Users\Paul Ombio\.m2\repository\org\springframework\boot\spring-boot-starter\2.3.1.RELEASE\spring-boot-starter-2.3.1.RELEASE.jar;C:\Users\Paul Ombio\.m2\repository\org\springframework\boot\spring-boot\2.3.1.RELEASE\spring-boot-2.3.1.RELEASE.jar;C:\Users\Paul Ombio\.m2\repository\org\springframework\boot\spring-boot-autoconfigure\2.3.1.RELEASE\spring-boot-autoconfigure-2.3.1.RELEASE.jar;C:\Users\Paul Ombio\.m2\repository\org\springframework\boot\spring-boot-starter-logging\2.3.1.RELEASE\spring-boot-starter-logging-2.3.1.RELEASE.jar;C:\Users\Paul Ombio\.m2\repository\ch\qos\logback\logback-classic\1.2.3\logback-classic-1.2.3.jar;C:\Users\Paul Ombio\.m2\repository\ch\qos\logback\logback-core\1.2.3\logback-core-1.2.3.jar;C:\Users\Paul Ombio\.m2\repository\org\apache\logging\log4j\log4j-to-slf4j\2.13.3\log4j-to-slf4j-2.13.3.jar;C:\Users\Paul Ombio\.m2\repository\org\apache\logging\log4j\log4j-api\2.13.3\log4j-api-2.13.3.jar;C:\Users\Paul Ombio\.m2\repository\org\slf4j\jul-to-slf4j\1.7.30\jul-to-slf4j-1.7.30.jar;C:\Users\Paul Ombio\.m2\repository\jakarta\annotation\jakarta.annotation-api\1.3.5\jakarta.annotation-api-1.3.5.jar;C:\Users\Paul Ombio\.m2\repository\org\yaml\snakeyaml\1.26\snakeyaml-1.26.jar;C:\Users\Paul Ombio\.m2\repository\org\springframework\boot\spring-boot-starter-json\2.3.1.RELEASE\spring-boot-starter-json-2.3.1.RELEASE.jar;C:\Users\Paul Ombio\.m2\repository\com\fasterxml\jackson\core\jackson-databind\2.11.0\jackson-databind-2.11.0.jar;C:\Users\Paul Ombio\.m2\repository\com\fasterxml\jackson\core\jackson-annotations\2.11.0\jackson-annotations-2.11.0.jar;C:\Users\Paul Ombio\.m2\repository\com\fasterxml\jackson\core\jackson-core\2.11.0\jackson-core-2.11.0.jar;C:\Users\Paul Ombio\.m2\repository\com\fasterxml\jackson\datatyp
Launcher Type: SUN_STANDARD

[Global flags]
     intx CICompilerCount                          = 3                                         {product} {ergonomic}
     uint ConcGCThreads                            = 1                                         {product} {ergonomic}
     uint G1ConcRefinementThreads                  = 4                                         {product} {ergonomic}
   size_t G1HeapRegionSize                         = 1048576                                   {product} {ergonomic}
    uintx GCDrainStackTargetSize                   = 64                                        {product} {ergonomic}
   size_t InitialHeapSize                          = 134217728                                 {product} {ergonomic}
   size_t MarkStackSize                            = 4194304                                   {product} {ergonomic}
   size_t MaxHeapSize                              = 2118123520                                {product} {ergonomic}
   size_t MaxNewSize                               = 1270874112                                {product} {ergonomic}
   size_t MinHeapDeltaBytes                        = 1048576                                   {product} {ergonomic}
    uintx NonNMethodCodeHeapSize                   = 5830732                                {pd product} {ergonomic}
    uintx NonProfiledCodeHeapSize                  = 122913754                              {pd product} {ergonomic}
    uintx ProfiledCodeHeapSize                     = 122913754                              {pd product} {ergonomic}
    uintx ReservedCodeCacheSize                    = 251658240                              {pd product} {ergonomic}
     bool SegmentedCodeCache                       = true                                      {product} {ergonomic}
     bool UseCompressedClassPointers               = true                                 {lp64_product} {ergonomic}
     bool UseCompressedOops                        = true                                 {lp64_product} {ergonomic}
     bool UseG1GC                                  = true                                      {product} {ergonomic}
     bool UseLargePagesIndividualAllocation        = false                                  {pd product} {ergonomic}

Logging:
Log output configuration:
 #0: stdout all=warning uptime,level,tags
 #1: stderr all=off uptime,level,tags

Environment Variables:
JAVA_HOME=C:\Program Files\Java\jdk-11.0.10
PATH=C:\Program Files\Common Files\Oracle\Java\javapath;C:\Program Files (x86)\Common Files\Oracle\Java\javapath;C:\ProgramData\Oracle\Java\javapath;C:\Program Files (x86)\Microsoft SDKs\Azure\CLI2\wbin;C:\Program Files\Intel\iCLS Client\;C:\WINDOWS\system32;C:\WINDOWS;C:\WINDOWS\System32\Wbem;C:\WINDOWS\System32\WindowsPowerShell\v1.0\;C:\Program Files\Microsoft SQL Server\120\Tools\Binn\;C:\Program Files\Microsoft SQL Server\Client SDK\ODBC\110\Tools\Binn\;C:\Program Files (x86)\Microsoft SQL Server\120\Tools\Binn\;C:\Program Files\Microsoft SQL Server\120\DTS\Binn\;C:\Program Files (x86)\Microsoft SQL Server\120\Tools\Binn\ManagementStudio\;C:\Program Files (x86)\Microsoft SQL Server\120\DTS\Binn\;C:\Program Files\Microsoft SQL Server\130\Tools\Binn\;C:\Program Files\dotnet\;C:\Program Files\MySQL\MySQL Utilities 1.6\;C:\WINDOWS\System32\OpenSSH\;C:\Program Files\nodejs\;C:\Program Files\Git\cmd;C:\Program Files (x86)\Intel\Intel(R) Management Engine Components\DAL;C:\Program Files\Intel\Intel(R) Management Engine Components\DAL;C:\Program Files\Intel\WiFi\bin\;C:\Program Files\Common Files\Intel\WirelessCommon\;C:\Program Files\PuTTY\;C:\Program Files\apache-maven-3.8.1\bin
USERNAME=Paul Ombio
OS=Windows_NT
PROCESSOR_IDENTIFIER=Intel64 Family 6 Model 78 Stepping 3, GenuineIntel



---------------  S Y S T E M  ---------------

OS: Windows 10 , 64 bit Build 19041 (10.0.19041.1023)

CPU:total 4 (initial active 4) (2 cores per cpu, 2 threads per core) family 6 model 78 stepping 3 microcode 0xd4, cmov, cx8, fxsr, mmx, sse, sse2, sse3, ssse3, sse4.1, sse4.2, popcnt, avx, avx2, aes, clmul, erms, rtm, 3dnowpref, lzcnt, ht, tsc, tscinvbit, bmi1, bmi2, adx, fma

Memory: 4k page, system-wide physical 8072M (776M free)
TotalPageFile size 9955M (AvailPageFile size 5M)
current process WorkingSet (physical memory assigned to process): 206M, peak: 207M
current process commit charge ("private bytes"): 292M, peak: 293M

vm_info: Java HotSpot(TM) 64-Bit Server VM (11.0.10+8-LTS-162) for windows-amd64 JRE (11.0.10+8-LTS-162), built on Dec  8 2020 16:32:57 by "mach5one" with MS VC++ 15.9 (VS2017)

END.
